[2022-03-01T11:57:47.281Z] Validating found git in: git
[2022-03-01T11:57:47.333Z] Using git 2.35.1 from git
[2022-03-01T11:57:47.393Z] > git rev-parse --git-dir [1ms]
[2022-03-01T11:57:47.401Z] Open repository: /home/ricky/VS code
[2022-03-01T11:57:48.266Z] > git symbolic-ref --short HEAD [2ms]
[2022-03-01T11:57:48.283Z] > git for-each-ref --format=%(refname)%00%(upstream:short)%00%(objectname)%00%(upstream:track) refs/heads/main refs/remotes/main [3ms]
[2022-03-01T11:57:48.311Z] > git for-each-ref --sort -committerdate --format %(refname) %(objectname) %(*objectname) [18ms]
[2022-03-01T11:57:48.312Z] > git remote --verbose [9ms]
[2022-03-01T11:57:48.332Z] > git config --get commit.template [3ms]
[2022-03-01T11:58:29.085Z] > git ls-files --stage -- /home/ricky/VS code/projects/Project3/index.html [28ms]
[2022-03-01T11:58:29.089Z] > git symbolic-ref --short HEAD [63ms]
[2022-03-01T11:58:29.110Z] > git for-each-ref --format=%(refname)%00%(upstream:short)%00%(objectname)%00%(upstream:track) refs/heads/main refs/remotes/main [6ms]
[2022-03-01T11:58:29.150Z] > git for-each-ref --sort -committerdate --format %(refname) %(objectname) %(*objectname) [18ms]
[2022-03-01T11:58:29.154Z] > git remote --verbose [5ms]
[2022-03-01T11:58:29.178Z] > git config --get commit.template [4ms]
[2022-03-01T11:58:34.189Z] > git ls-files --stage -- /home/ricky/VS code/projects/Project3/style.css [4ms]
[2022-03-01T11:58:35.066Z] > git symbolic-ref --short HEAD [3ms]
[2022-03-01T11:58:35.078Z] > git for-each-ref --format=%(refname)%00%(upstream:short)%00%(objectname)%00%(upstream:track) refs/heads/main refs/remotes/main [3ms]
[2022-03-01T11:58:35.100Z] > git for-each-ref --sort -committerdate --format %(refname) %(objectname) %(*objectname) [13ms]
[2022-03-01T11:58:35.100Z] > git remote --verbose [3ms]
[2022-03-01T11:58:35.122Z] > git config --get commit.template [6ms]
[2022-03-01T11:58:38.468Z] > git ls-files --stage -- /home/ricky/VS code/projects/Project3/script.js [52ms]
[2022-03-01T11:58:40.284Z] > git symbolic-ref --short HEAD [10ms]
[2022-03-01T11:58:40.351Z] > git for-each-ref --format=%(refname)%00%(upstream:short)%00%(objectname)%00%(upstream:track) refs/heads/main refs/remotes/main [26ms]
[2022-03-01T11:58:40.428Z] > git for-each-ref --sort -committerdate --format %(refname) %(objectname) %(*objectname) [36ms]
[2022-03-01T11:58:40.445Z] > git remote --verbose [19ms]
[2022-03-01T11:58:40.817Z] > git config --get commit.template [276ms]
[2022-03-01T11:58:40.953Z] > git ls-files --stage -- /home/ricky/VS code/projects/Project3/index.html [4ms]
[2022-03-01T12:24:22.661Z] > git log --format=%H%n%aN%n%aE%n%at%n%ct%n%P%n%B -z -n21 -- /home/ricky/VS code/projects/Project3/index.html [10ms]
[2022-03-01T12:24:47.793Z] > git ls-files --stage -- /home/ricky/VS code/projects/project1/index.html [8ms]
[2022-03-01T12:25:03.515Z] > git ls-files --stage -- /home/ricky/VS code/projects/project1/style.css [3ms]
[2022-03-01T12:25:13.341Z] > git ls-files --stage -- /home/ricky/VS code/projects/Project3/index.html [4ms]
[2022-03-01T12:25:17.723Z] > git ls-files --stage -- /home/ricky/VS code/projects/Project3/style.css [4ms]
[2022-03-01T12:51:44.643Z] > git ls-files --stage -- /home/ricky/VS code/projects/Project3/index.html [3ms]
[2022-03-01T12:52:11.248Z] > git ls-files --stage -- /home/ricky/VS code/projects/Project3/style.css [5ms]
[2022-03-01T12:52:13.001Z] > git ls-files --stage -- /home/ricky/VS code/projects/Project3/index.html [7ms]
[2022-03-01T12:56:17.783Z] > git symbolic-ref --short HEAD [8ms]
[2022-03-01T12:56:17.807Z] > git for-each-ref --format=%(refname)%00%(upstream:short)%00%(objectname)%00%(upstream:track) refs/heads/main refs/remotes/main [5ms]
[2022-03-01T12:56:17.854Z] > git for-each-ref --sort -committerdate --format %(refname) %(objectname) %(*objectname) [29ms]
[2022-03-01T12:56:17.856Z] > git remote --verbose [10ms]
[2022-03-01T12:56:17.876Z] > git config --get commit.template [1ms]
[2022-03-01T13:03:05.308Z] > git ls-files --stage -- /home/ricky/VS code/projects/project1/index.html [22ms]
[2022-03-01T13:03:07.034Z] > git ls-files --stage -- /home/ricky/VS code/projects/Project3/index.html [3ms]
[2022-03-01T13:07:30.733Z] > git symbolic-ref --short HEAD [2ms]
[2022-03-01T13:07:30.745Z] > git for-each-ref --format=%(refname)%00%(upstream:short)%00%(objectname)%00%(upstream:track) refs/heads/main refs/remotes/main [2ms]
[2022-03-01T13:07:30.767Z] > git for-each-ref --sort -committerdate --format %(refname) %(objectname) %(*objectname) [13ms]
[2022-03-01T13:07:30.768Z] > git remote --verbose [4ms]
[2022-03-01T13:07:30.788Z] > git config --get commit.template [4ms]
[2022-03-01T13:07:35.938Z] > git symbolic-ref --short HEAD [7ms]
[2022-03-01T13:07:35.963Z] > git for-each-ref --format=%(refname)%00%(upstream:short)%00%(objectname)%00%(upstream:track) refs/heads/main refs/remotes/main [1ms]
[2022-03-01T13:07:36.000Z] > git for-each-ref --sort -committerdate --format %(refname) %(objectname) %(*objectname) [19ms]
[2022-03-01T13:07:36.001Z] > git remote --verbose [3ms]
[2022-03-01T13:07:36.028Z] > git config --get commit.template [4ms]
[2022-03-01T13:07:54.016Z] > git ls-files --stage -- /home/ricky/VS code/projects/Project3/style.css [4ms]
[2022-03-01T13:08:23.457Z] > git symbolic-ref --short HEAD [3ms]
[2022-03-01T13:08:23.480Z] > git for-each-ref --format=%(refname)%00%(upstream:short)%00%(objectname)%00%(upstream:track) refs/heads/main refs/remotes/main [3ms]
[2022-03-01T13:08:23.528Z] > git for-each-ref --sort -committerdate --format %(refname) %(objectname) %(*objectname) [29ms]
[2022-03-01T13:08:23.529Z] > git remote --verbose [5ms]
[2022-03-01T13:08:23.549Z] > git config --get commit.template [3ms]
[2022-03-01T13:09:30.938Z] > git ls-files --stage -- /home/ricky/VS code/projects/Project3/index.html [3ms]
[2022-03-01T13:11:14.874Z] > git symbolic-ref --short HEAD [2ms]
[2022-03-01T13:11:14.887Z] > git for-each-ref --format=%(refname)%00%(upstream:short)%00%(objectname)%00%(upstream:track) refs/heads/main refs/remotes/main [4ms]
[2022-03-01T13:11:14.906Z] > git for-each-ref --sort -committerdate --format %(refname) %(objectname) %(*objectname) [10ms]
[2022-03-01T13:11:14.907Z] > git remote --verbose [2ms]
[2022-03-01T13:11:14.928Z] > git config --get commit.template [3ms]
[2022-03-01T13:27:11.148Z] > git ls-files --stage -- /home/ricky/VS code/projects/Project3/style.css [3ms]
[2022-03-01T13:27:38.983Z] > git symbolic-ref --short HEAD [7ms]
[2022-03-01T13:27:39.010Z] > git for-each-ref --format=%(refname)%00%(upstream:short)%00%(objectname)%00%(upstream:track) refs/heads/main refs/remotes/main [5ms]
[2022-03-01T13:27:39.054Z] > git for-each-ref --sort -committerdate --format %(refname) %(objectname) %(*objectname) [26ms]
[2022-03-01T13:27:39.056Z] > git remote --verbose [5ms]
[2022-03-01T13:27:39.076Z] > git config --get commit.template [1ms]
[2022-03-01T13:27:56.476Z] > git symbolic-ref --short HEAD [4ms]
[2022-03-01T13:27:56.502Z] > git for-each-ref --format=%(refname)%00%(upstream:short)%00%(objectname)%00%(upstream:track) refs/heads/main refs/remotes/main [3ms]
[2022-03-01T13:27:56.558Z] > git for-each-ref --sort -committerdate --format %(refname) %(objectname) %(*objectname) [31ms]
[2022-03-01T13:27:56.558Z] > git remote --verbose [3ms]
[2022-03-01T13:27:56.594Z] > git config --get commit.template [2ms]
[2022-03-01T13:28:08.520Z] > git symbolic-ref --short HEAD [2ms]
[2022-03-01T13:28:08.532Z] > git for-each-ref --format=%(refname)%00%(upstream:short)%00%(objectname)%00%(upstream:track) refs/heads/main refs/remotes/main [2ms]
[2022-03-01T13:28:08.553Z] > git for-each-ref --sort -committerdate --format %(refname) %(objectname) %(*objectname) [12ms]
[2022-03-01T13:28:08.553Z] > git remote --verbose [2ms]
[2022-03-01T13:28:08.570Z] > git config --get commit.template [2ms]
[2022-03-01T13:28:27.393Z] > git symbolic-ref --short HEAD [1ms]
[2022-03-01T13:28:27.406Z] > git for-each-ref --format=%(refname)%00%(upstream:short)%00%(objectname)%00%(upstream:track) refs/heads/main refs/remotes/main [3ms]
[2022-03-01T13:28:27.429Z] > git remote --verbose [1ms]
[2022-03-01T13:28:27.429Z] > git for-each-ref --sort -committerdate --format %(refname) %(objectname) %(*objectname) [13ms]
[2022-03-01T13:28:27.449Z] > git config --get commit.template [3ms]
[2022-03-01T13:28:34.329Z] > git symbolic-ref --short HEAD [2ms]
[2022-03-01T13:28:34.340Z] > git for-each-ref --format=%(refname)%00%(upstream:short)%00%(objectname)%00%(upstream:track) refs/heads/main refs/remotes/main [1ms]
[2022-03-01T13:28:34.361Z] > git for-each-ref --sort -committerdate --format %(refname) %(objectname) %(*objectname) [11ms]
[2022-03-01T13:28:34.362Z] > git remote --verbose [2ms]
[2022-03-01T13:28:34.381Z] > git config --get commit.template [4ms]
[2022-03-01T13:28:49.791Z] > git symbolic-ref --short HEAD [2ms]
[2022-03-01T13:28:49.804Z] > git for-each-ref --format=%(refname)%00%(upstream:short)%00%(objectname)%00%(upstream:track) refs/heads/main refs/remotes/main [3ms]
[2022-03-01T13:28:49.827Z] > git for-each-ref --sort -committerdate --format %(refname) %(objectname) %(*objectname) [12ms]
[2022-03-01T13:28:49.828Z] > git remote --verbose [2ms]
[2022-03-01T13:28:49.846Z] > git config --get commit.template [1ms]
[2022-03-01T13:29:15.545Z] > git symbolic-ref --short HEAD [2ms]
[2022-03-01T13:29:15.557Z] > git for-each-ref --format=%(refname)%00%(upstream:short)%00%(objectname)%00%(upstream:track) refs/heads/main refs/remotes/main [2ms]
[2022-03-01T13:29:15.579Z] > git for-each-ref --sort -committerdate --format %(refname) %(objectname) %(*objectname) [12ms]
[2022-03-01T13:29:15.580Z] > git remote --verbose [2ms]
[2022-03-01T13:29:15.602Z] > git config --get commit.template [6ms]
[2022-03-01T13:29:29.804Z] > git symbolic-ref --short HEAD [2ms]
[2022-03-01T13:29:29.815Z] > git for-each-ref --format=%(refname)%00%(upstream:short)%00%(objectname)%00%(upstream:track) refs/heads/main refs/remotes/main [2ms]
[2022-03-01T13:29:29.838Z] > git for-each-ref --sort -committerdate --format %(refname) %(objectname) %(*objectname) [13ms]
[2022-03-01T13:29:29.839Z] > git remote --verbose [2ms]
[2022-03-01T13:29:29.856Z] > git config --get commit.template [2ms]
[2022-03-01T13:29:40.125Z] > git symbolic-ref --short HEAD [3ms]
[2022-03-01T13:29:40.140Z] > git for-each-ref --format=%(refname)%00%(upstream:short)%00%(objectname)%00%(upstream:track) refs/heads/main refs/remotes/main [3ms]
[2022-03-01T13:29:40.161Z] > git for-each-ref --sort -committerdate --format %(refname) %(objectname) %(*objectname) [11ms]
[2022-03-01T13:29:40.162Z] > git remote --verbose [3ms]
[2022-03-01T13:29:40.179Z] > git config --get commit.template [2ms]
[2022-03-01T13:29:45.224Z] > git symbolic-ref --short HEAD [4ms]
[2022-03-01T13:29:45.236Z] > git for-each-ref --format=%(refname)%00%(upstream:short)%00%(objectname)%00%(upstream:track) refs/heads/main refs/remotes/main [2ms]
[2022-03-01T13:29:45.259Z] > git for-each-ref --sort -committerdate --format %(refname) %(objectname) %(*objectname) [13ms]
[2022-03-01T13:29:45.259Z] > git remote --verbose [2ms]
[2022-03-01T13:29:45.280Z] > git config --get commit.template [4ms]
[2022-03-01T13:29:53.300Z] > git symbolic-ref --short HEAD [3ms]
[2022-03-01T13:29:53.315Z] > git for-each-ref --format=%(refname)%00%(upstream:short)%00%(objectname)%00%(upstream:track) refs/heads/main refs/remotes/main [3ms]
[2022-03-01T13:29:53.339Z] > git for-each-ref --sort -committerdate --format %(refname) %(objectname) %(*objectname) [14ms]
[2022-03-01T13:29:53.340Z] > git remote --verbose [2ms]
[2022-03-01T13:29:53.360Z] > git config --get commit.template [2ms]
[2022-03-01T13:30:04.807Z] > git symbolic-ref --short HEAD [2ms]
[2022-03-01T13:30:04.818Z] > git for-each-ref --format=%(refname)%00%(upstream:short)%00%(objectname)%00%(upstream:track) refs/heads/main refs/remotes/main [2ms]
[2022-03-01T13:30:04.839Z] > git for-each-ref --sort -committerdate --format %(refname) %(objectname) %(*objectname) [11ms]
[2022-03-01T13:30:04.840Z] > git remote --verbose [2ms]
[2022-03-01T13:30:04.858Z] > git config --get commit.template [2ms]
[2022-03-01T13:30:13.096Z] > git symbolic-ref --short HEAD [2ms]
[2022-03-01T13:30:13.109Z] > git for-each-ref --format=%(refname)%00%(upstream:short)%00%(objectname)%00%(upstream:track) refs/heads/main refs/remotes/main [2ms]
[2022-03-01T13:30:13.130Z] > git for-each-ref --sort -committerdate --format %(refname) %(objectname) %(*objectname) [11ms]
[2022-03-01T13:30:13.130Z] > git remote --verbose [2ms]
[2022-03-01T13:30:13.148Z] > git config --get commit.template [2ms]
[2022-03-01T13:30:18.190Z] > git symbolic-ref --short HEAD [2ms]
[2022-03-01T13:30:18.202Z] > git for-each-ref --format=%(refname)%00%(upstream:short)%00%(objectname)%00%(upstream:track) refs/heads/main refs/remotes/main [3ms]
[2022-03-01T13:30:18.225Z] > git for-each-ref --sort -committerdate --format %(refname) %(objectname) %(*objectname) [14ms]
[2022-03-01T13:30:18.226Z] > git remote --verbose [3ms]
[2022-03-01T13:30:18.243Z] > git config --get commit.template [3ms]
[2022-03-01T13:30:23.284Z] > git symbolic-ref --short HEAD [2ms]
[2022-03-01T13:30:23.296Z] > git for-each-ref --format=%(refname)%00%(upstream:short)%00%(objectname)%00%(upstream:track) refs/heads/main refs/remotes/main [2ms]
[2022-03-01T13:30:23.316Z] > git for-each-ref --sort -committerdate --format %(refname) %(objectname) %(*objectname) [11ms]
[2022-03-01T13:30:23.317Z] > git remote --verbose [3ms]
[2022-03-01T13:30:23.338Z] > git config --get commit.template [2ms]
[2022-03-01T13:30:28.380Z] > git symbolic-ref --short HEAD [2ms]
[2022-03-01T13:30:28.392Z] > git for-each-ref --format=%(refname)%00%(upstream:short)%00%(objectname)%00%(upstream:track) refs/heads/main refs/remotes/main [2ms]
[2022-03-01T13:30:28.412Z] > git for-each-ref --sort -committerdate --format %(refname) %(objectname) %(*objectname) [10ms]
[2022-03-01T13:30:28.413Z] > git remote --verbose [2ms]
[2022-03-01T13:30:28.433Z] > git config --get commit.template [3ms]
[2022-03-01T13:30:42.077Z] > git symbolic-ref --short HEAD [2ms]
[2022-03-01T13:30:42.089Z] > git for-each-ref --format=%(refname)%00%(upstream:short)%00%(objectname)%00%(upstream:track) refs/heads/main refs/remotes/main [2ms]
[2022-03-01T13:30:42.112Z] > git for-each-ref --sort -committerdate --format %(refname) %(objectname) %(*objectname) [13ms]
[2022-03-01T13:30:42.112Z] > git remote --verbose [2ms]
[2022-03-01T13:30:42.129Z] > git config --get commit.template [2ms]
[2022-03-01T13:30:57.328Z] > git ls-files --stage -- /home/ricky/VS code/projects/Project3/script.js [3ms]
[2022-03-01T13:30:59.177Z] > git ls-files --stage -- /home/ricky/VS code/projects/Project3/index.html [6ms]
[2022-03-01T13:31:05.918Z] > git ls-files --stage -- /home/ricky/VS code/projects/Project3/style.css [3ms]
[2022-03-01T13:31:08.667Z] > git ls-files --stage -- /home/ricky/VS code/projects/Project3/index.html [3ms]
[2022-03-01T13:32:45.806Z] > git symbolic-ref --short HEAD [2ms]
[2022-03-01T13:32:45.820Z] > git for-each-ref --format=%(refname)%00%(upstream:short)%00%(objectname)%00%(upstream:track) refs/heads/main refs/remotes/main [2ms]
[2022-03-01T13:32:45.845Z] > git remote --verbose [4ms]
[2022-03-01T13:32:45.845Z] > git for-each-ref --sort -committerdate --format %(refname) %(objectname) %(*objectname) [15ms]
[2022-03-01T13:32:45.868Z] > git config --get commit.template [3ms]
[2022-03-01T13:32:48.217Z] > git ls-files --stage -- /home/ricky/VS code/projects/Project3/style.css [4ms]
[2022-03-01T13:32:54.790Z] > git ls-files --stage -- /home/ricky/VS code/projects/Project3/index.html [3ms]
[2022-03-01T13:32:56.470Z] > git symbolic-ref --short HEAD [2ms]
[2022-03-01T13:32:56.485Z] > git for-each-ref --format=%(refname)%00%(upstream:short)%00%(objectname)%00%(upstream:track) refs/heads/main refs/remotes/main [2ms]
[2022-03-01T13:32:56.514Z] > git remote --verbose [2ms]
[2022-03-01T13:32:56.514Z] > git for-each-ref --sort -committerdate --format %(refname) %(objectname) %(*objectname) [17ms]
[2022-03-01T13:32:56.532Z] > git config --get commit.template [3ms]
[2022-03-01T13:32:57.399Z] > git ls-files --stage -- /home/ricky/VS code/projects/Project3/style.css [3ms]
[2022-03-01T13:33:02.414Z] > git symbolic-ref --short HEAD [2ms]
[2022-03-01T13:33:02.428Z] > git for-each-ref --format=%(refname)%00%(upstream:short)%00%(objectname)%00%(upstream:track) refs/heads/main refs/remotes/main [3ms]
[2022-03-01T13:33:02.449Z] > git for-each-ref --sort -committerdate --format %(refname) %(objectname) %(*objectname) [11ms]
[2022-03-01T13:33:02.449Z] > git remote --verbose [1ms]
[2022-03-01T13:33:02.470Z] > git config --get commit.template [2ms]
[2022-03-01T13:34:23.603Z] > git symbolic-ref --short HEAD [3ms]
[2022-03-01T13:34:23.614Z] > git for-each-ref --format=%(refname)%00%(upstream:short)%00%(objectname)%00%(upstream:track) refs/heads/main refs/remotes/main [2ms]
[2022-03-01T13:34:23.637Z] > git for-each-ref --sort -committerdate --format %(refname) %(objectname) %(*objectname) [13ms]
[2022-03-01T13:34:23.638Z] > git remote --verbose [2ms]
[2022-03-01T13:34:23.655Z] > git config --get commit.template [4ms]
[2022-03-01T13:34:34.580Z] > git symbolic-ref --short HEAD [3ms]
[2022-03-01T13:34:34.592Z] > git for-each-ref --format=%(refname)%00%(upstream:short)%00%(objectname)%00%(upstream:track) refs/heads/main refs/remotes/main [2ms]
[2022-03-01T13:34:34.612Z] > git for-each-ref --sort -committerdate --format %(refname) %(objectname) %(*objectname) [11ms]
[2022-03-01T13:34:34.613Z] > git remote --verbose [2ms]
[2022-03-01T13:34:34.630Z] > git config --get commit.template [3ms]
[2022-03-01T13:34:43.041Z] > git symbolic-ref --short HEAD [2ms]
[2022-03-01T13:34:43.055Z] > git for-each-ref --format=%(refname)%00%(upstream:short)%00%(objectname)%00%(upstream:track) refs/heads/main refs/remotes/main [3ms]
[2022-03-01T13:34:43.079Z] > git for-each-ref --sort -committerdate --format %(refname) %(objectname) %(*objectname) [12ms]
[2022-03-01T13:34:43.079Z] > git remote --verbose [2ms]
[2022-03-01T13:34:43.097Z] > git config --get commit.template [3ms]
[2022-03-01T13:34:56.236Z] > git symbolic-ref --short HEAD [2ms]
[2022-03-01T13:34:56.250Z] > git for-each-ref --format=%(refname)%00%(upstream:short)%00%(objectname)%00%(upstream:track) refs/heads/main refs/remotes/main [3ms]
[2022-03-01T13:34:56.272Z] > git for-each-ref --sort -committerdate --format %(refname) %(objectname) %(*objectname) [11ms]
[2022-03-01T13:34:56.273Z] > git remote --verbose [2ms]
[2022-03-01T13:34:56.292Z] > git config --get commit.template [3ms]
[2022-03-01T13:35:34.562Z] > git ls-files --stage -- /home/ricky/VS code/projects/Project3/index.html [4ms]
[2022-03-01T13:40:38.721Z] > git symbolic-ref --short HEAD [2ms]
[2022-03-01T13:40:38.734Z] > git for-each-ref --format=%(refname)%00%(upstream:short)%00%(objectname)%00%(upstream:track) refs/heads/main refs/remotes/main [2ms]
[2022-03-01T13:40:38.757Z] > git for-each-ref --sort -committerdate --format %(refname) %(objectname) %(*objectname) [11ms]
[2022-03-01T13:40:38.757Z] > git remote --verbose [2ms]
[2022-03-01T13:40:38.781Z] > git config --get commit.template [2ms]
[2022-03-01T13:41:13.477Z] > git symbolic-ref --short HEAD [2ms]
[2022-03-01T13:41:13.489Z] > git for-each-ref --format=%(refname)%00%(upstream:short)%00%(objectname)%00%(upstream:track) refs/heads/main refs/remotes/main [2ms]
[2022-03-01T13:41:13.511Z] > git for-each-ref --sort -committerdate --format %(refname) %(objectname) %(*objectname) [12ms]
[2022-03-01T13:41:13.511Z] > git remote --verbose [2ms]
[2022-03-01T13:41:13.530Z] > git config --get commit.template [2ms]
[2022-03-01T13:41:16.382Z] > git ls-files --stage -- /home/ricky/VS code/projects/Project3/style.css [3ms]
[2022-03-01T13:41:42.949Z] > git symbolic-ref --short HEAD [3ms]
[2022-03-01T13:41:42.964Z] > git for-each-ref --format=%(refname)%00%(upstream:short)%00%(objectname)%00%(upstream:track) refs/heads/main refs/remotes/main [2ms]
[2022-03-01T13:41:42.990Z] > git for-each-ref --sort -committerdate --format %(refname) %(objectname) %(*objectname) [14ms]
[2022-03-01T13:41:42.991Z] > git remote --verbose [3ms]
[2022-03-01T13:41:43.012Z] > git config --get commit.template [3ms]
[2022-03-01T13:41:50.355Z] > git symbolic-ref --short HEAD [4ms]
[2022-03-01T13:41:50.368Z] > git for-each-ref --format=%(refname)%00%(upstream:short)%00%(objectname)%00%(upstream:track) refs/heads/main refs/remotes/main [2ms]
[2022-03-01T13:41:50.391Z] > git for-each-ref --sort -committerdate --format %(refname) %(objectname) %(*objectname) [12ms]
[2022-03-01T13:41:50.392Z] > git remote --verbose [2ms]
[2022-03-01T13:41:50.412Z] > git config --get commit.template [2ms]
[2022-03-01T13:42:05.923Z] > git symbolic-ref --short HEAD [2ms]
[2022-03-01T13:42:05.936Z] > git for-each-ref --format=%(refname)%00%(upstream:short)%00%(objectname)%00%(upstream:track) refs/heads/main refs/remotes/main [2ms]
[2022-03-01T13:42:05.961Z] > git for-each-ref --sort -committerdate --format %(refname) %(objectname) %(*objectname) [14ms]
[2022-03-01T13:42:05.962Z] > git remote --verbose [2ms]
[2022-03-01T13:42:05.981Z] > git config --get commit.template [1ms]
[2022-03-01T13:42:14.293Z] > git symbolic-ref --short HEAD [2ms]
[2022-03-01T13:42:14.305Z] > git for-each-ref --format=%(refname)%00%(upstream:short)%00%(objectname)%00%(upstream:track) refs/heads/main refs/remotes/main [3ms]
[2022-03-01T13:42:14.326Z] > git for-each-ref --sort -committerdate --format %(refname) %(objectname) %(*objectname) [12ms]
[2022-03-01T13:42:14.326Z] > git remote --verbose [2ms]
[2022-03-01T13:42:14.344Z] > git config --get commit.template [3ms]
[2022-03-01T13:42:19.388Z] > git symbolic-ref --short HEAD [2ms]
[2022-03-01T13:42:19.401Z] > git for-each-ref --format=%(refname)%00%(upstream:short)%00%(objectname)%00%(upstream:track) refs/heads/main refs/remotes/main [3ms]
[2022-03-01T13:42:19.426Z] > git for-each-ref --sort -committerdate --format %(refname) %(objectname) %(*objectname) [14ms]
[2022-03-01T13:42:19.426Z] > git remote --verbose [2ms]
[2022-03-01T13:42:19.444Z] > git config --get commit.template [3ms]
[2022-03-01T13:42:24.488Z] > git symbolic-ref --short HEAD [2ms]
[2022-03-01T13:42:24.502Z] > git for-each-ref --format=%(refname)%00%(upstream:short)%00%(objectname)%00%(upstream:track) refs/heads/main refs/remotes/main [2ms]
[2022-03-01T13:42:24.524Z] > git for-each-ref --sort -committerdate --format %(refname) %(objectname) %(*objectname) [12ms]
[2022-03-01T13:42:24.525Z] > git remote --verbose [2ms]
[2022-03-01T13:42:24.542Z] > git config --get commit.template [2ms]
[2022-03-01T13:42:40.987Z] > git symbolic-ref --short HEAD [3ms]
[2022-03-01T13:42:40.999Z] > git for-each-ref --format=%(refname)%00%(upstream:short)%00%(objectname)%00%(upstream:track) refs/heads/main refs/remotes/main [2ms]
[2022-03-01T13:42:41.022Z] > git for-each-ref --sort -committerdate --format %(refname) %(objectname) %(*objectname) [12ms]
[2022-03-01T13:42:41.022Z] > git remote --verbose [2ms]
[2022-03-01T13:42:41.040Z] > git config --get commit.template [3ms]
[2022-03-01T13:42:58.018Z] > git symbolic-ref --short HEAD [2ms]
[2022-03-01T13:42:58.032Z] > git for-each-ref --format=%(refname)%00%(upstream:short)%00%(objectname)%00%(upstream:track) refs/heads/main refs/remotes/main [3ms]
[2022-03-01T13:42:58.056Z] > git for-each-ref --sort -committerdate --format %(refname) %(objectname) %(*objectname) [13ms]
[2022-03-01T13:42:58.057Z] > git remote --verbose [2ms]
[2022-03-01T13:42:58.076Z] > git config --get commit.template [3ms]
[2022-03-01T13:43:17.627Z] > git symbolic-ref --short HEAD [2ms]
[2022-03-01T13:43:17.641Z] > git for-each-ref --format=%(refname)%00%(upstream:short)%00%(objectname)%00%(upstream:track) refs/heads/main refs/remotes/main [2ms]
[2022-03-01T13:43:17.664Z] > git for-each-ref --sort -committerdate --format %(refname) %(objectname) %(*objectname) [12ms]
[2022-03-01T13:43:17.664Z] > git remote --verbose [2ms]
[2022-03-01T13:43:17.683Z] > git config --get commit.template [2ms]
[2022-03-01T13:43:26.885Z] > git symbolic-ref --short HEAD [1ms]
[2022-03-01T13:43:26.901Z] > git for-each-ref --format=%(refname)%00%(upstream:short)%00%(objectname)%00%(upstream:track) refs/heads/main refs/remotes/main [2ms]
[2022-03-01T13:43:26.927Z] > git for-each-ref --sort -committerdate --format %(refname) %(objectname) %(*objectname) [13ms]
[2022-03-01T13:43:26.928Z] > git remote --verbose [2ms]
[2022-03-01T13:43:26.953Z] > git config --get commit.template [4ms]
[2022-03-01T13:43:43.446Z] > git symbolic-ref --short HEAD [2ms]
[2022-03-01T13:43:43.462Z] > git for-each-ref --format=%(refname)%00%(upstream:short)%00%(objectname)%00%(upstream:track) refs/heads/main refs/remotes/main [2ms]
[2022-03-01T13:43:43.491Z] > git for-each-ref --sort -committerdate --format %(refname) %(objectname) %(*objectname) [14ms]
[2022-03-01T13:43:43.492Z] > git remote --verbose [2ms]
[2022-03-01T13:43:43.513Z] > git config --get commit.template [3ms]
[2022-03-01T13:43:49.514Z] > git symbolic-ref --short HEAD [3ms]
[2022-03-01T13:43:49.529Z] > git for-each-ref --format=%(refname)%00%(upstream:short)%00%(objectname)%00%(upstream:track) refs/heads/main refs/remotes/main [3ms]
[2022-03-01T13:43:49.555Z] > git for-each-ref --sort -committerdate --format %(refname) %(objectname) %(*objectname) [14ms]
[2022-03-01T13:43:49.556Z] > git remote --verbose [2ms]
[2022-03-01T13:43:49.580Z] > git config --get commit.template [2ms]
[2022-03-01T13:43:56.354Z] > git symbolic-ref --short HEAD [3ms]
[2022-03-01T13:43:56.367Z] > git for-each-ref --format=%(refname)%00%(upstream:short)%00%(objectname)%00%(upstream:track) refs/heads/main refs/remotes/main [2ms]
[2022-03-01T13:43:56.392Z] > git for-each-ref --sort -committerdate --format %(refname) %(objectname) %(*objectname) [13ms]
[2022-03-01T13:43:56.393Z] > git remote --verbose [3ms]
[2022-03-01T13:43:56.418Z] > git config --get commit.template [3ms]
[2022-03-01T13:44:07.657Z] > git symbolic-ref --short HEAD [3ms]
[2022-03-01T13:44:07.670Z] > git for-each-ref --format=%(refname)%00%(upstream:short)%00%(objectname)%00%(upstream:track) refs/heads/main refs/remotes/main [2ms]
[2022-03-01T13:44:07.693Z] > git for-each-ref --sort -committerdate --format %(refname) %(objectname) %(*objectname) [12ms]
[2022-03-01T13:44:07.694Z] > git remote --verbose [3ms]
[2022-03-01T13:44:07.709Z] > git config --get commit.template [2ms]
[2022-03-01T13:44:12.752Z] > git symbolic-ref --short HEAD [2ms]
[2022-03-01T13:44:12.764Z] > git for-each-ref --format=%(refname)%00%(upstream:short)%00%(objectname)%00%(upstream:track) refs/heads/main refs/remotes/main [2ms]
[2022-03-01T13:44:12.787Z] > git for-each-ref --sort -committerdate --format %(refname) %(objectname) %(*objectname) [13ms]
[2022-03-01T13:44:12.788Z] > git remote --verbose [2ms]
[2022-03-01T13:44:12.807Z] > git config --get commit.template [2ms]
[2022-03-01T13:44:39.514Z] > git ls-files --stage -- /home/ricky/VS code/projects/Project3/index.html [4ms]
[2022-03-01T13:44:52.129Z] > git symbolic-ref --short HEAD [1ms]
[2022-03-01T13:44:52.143Z] > git for-each-ref --format=%(refname)%00%(upstream:short)%00%(objectname)%00%(upstream:track) refs/heads/main refs/remotes/main [2ms]
[2022-03-01T13:44:52.164Z] > git for-each-ref --sort -committerdate --format %(refname) %(objectname) %(*objectname) [11ms]
[2022-03-01T13:44:52.166Z] > git remote --verbose [3ms]
[2022-03-01T13:44:52.184Z] > git config --get commit.template [2ms]
[2022-03-01T13:45:07.768Z] > git ls-files --stage -- /home/ricky/VS code/projects/Project3/style.css [4ms]
[2022-03-01T13:45:23.369Z] > git ls-files --stage -- /home/ricky/VS code/projects/Project3/index.html [3ms]
[2022-03-01T13:45:28.383Z] > git ls-files --stage -- /home/ricky/VS code/projects/Project3/style.css [4ms]
[2022-03-01T13:45:33.199Z] > git symbolic-ref --short HEAD [1ms]
[2022-03-01T13:45:33.212Z] > git for-each-ref --format=%(refname)%00%(upstream:short)%00%(objectname)%00%(upstream:track) refs/heads/main refs/remotes/main [2ms]
[2022-03-01T13:45:33.233Z] > git for-each-ref --sort -committerdate --format %(refname) %(objectname) %(*objectname) [10ms]
[2022-03-01T13:45:33.234Z] > git remote --verbose [2ms]
[2022-03-01T13:45:33.253Z] > git config --get commit.template [2ms]
[2022-03-01T13:45:39.504Z] > git symbolic-ref --short HEAD [2ms]
[2022-03-01T13:45:39.522Z] > git for-each-ref --format=%(refname)%00%(upstream:short)%00%(objectname)%00%(upstream:track) refs/heads/main refs/remotes/main [3ms]
[2022-03-01T13:45:39.547Z] > git for-each-ref --sort -committerdate --format %(refname) %(objectname) %(*objectname) [14ms]
[2022-03-01T13:45:39.550Z] > git remote --verbose [5ms]
[2022-03-01T13:45:39.577Z] > git config --get commit.template [3ms]
[2022-03-01T13:45:44.619Z] > git symbolic-ref --short HEAD [1ms]
[2022-03-01T13:45:44.632Z] > git for-each-ref --format=%(refname)%00%(upstream:short)%00%(objectname)%00%(upstream:track) refs/heads/main refs/remotes/main [3ms]
[2022-03-01T13:45:44.655Z] > git for-each-ref --sort -committerdate --format %(refname) %(objectname) %(*objectname) [13ms]
[2022-03-01T13:45:44.655Z] > git remote --verbose [2ms]
[2022-03-01T13:45:44.674Z] > git config --get commit.template [3ms]
[2022-03-01T13:45:52.496Z] > git symbolic-ref --short HEAD [1ms]
[2022-03-01T13:45:52.509Z] > git for-each-ref --format=%(refname)%00%(upstream:short)%00%(objectname)%00%(upstream:track) refs/heads/main refs/remotes/main [2ms]
[2022-03-01T13:45:52.533Z] > git for-each-ref --sort -committerdate --format %(refname) %(objectname) %(*objectname) [12ms]
[2022-03-01T13:45:52.534Z] > git remote --verbose [2ms]
[2022-03-01T13:45:52.551Z] > git config --get commit.template [3ms]
[2022-03-01T13:45:59.116Z] > git symbolic-ref --short HEAD [3ms]
[2022-03-01T13:45:59.145Z] > git for-each-ref --format=%(refname)%00%(upstream:short)%00%(objectname)%00%(upstream:track) refs/heads/main refs/remotes/main [5ms]
[2022-03-01T13:45:59.193Z] > git for-each-ref --sort -committerdate --format %(refname) %(objectname) %(*objectname) [27ms]
[2022-03-01T13:45:59.197Z] > git remote --verbose [6ms]
[2022-03-01T13:45:59.227Z] > git config --get commit.template [5ms]
[2022-03-01T13:46:21.316Z] > git symbolic-ref --short HEAD [2ms]
[2022-03-01T13:46:21.329Z] > git for-each-ref --format=%(refname)%00%(upstream:short)%00%(objectname)%00%(upstream:track) refs/heads/main refs/remotes/main [2ms]
[2022-03-01T13:46:21.352Z] > git for-each-ref --sort -committerdate --format %(refname) %(objectname) %(*objectname) [10ms]
[2022-03-01T13:46:21.352Z] > git remote --verbose [2ms]
[2022-03-01T13:46:21.370Z] > git config --get commit.template [3ms]
[2022-03-01T13:46:42.695Z] > git symbolic-ref --short HEAD [2ms]
[2022-03-01T13:46:42.707Z] > git for-each-ref --format=%(refname)%00%(upstream:short)%00%(objectname)%00%(upstream:track) refs/heads/main refs/remotes/main [2ms]
[2022-03-01T13:46:42.729Z] > git for-each-ref --sort -committerdate --format %(refname) %(objectname) %(*objectname) [12ms]
[2022-03-01T13:46:42.729Z] > git remote --verbose [2ms]
[2022-03-01T13:46:42.750Z] > git config --get commit.template [3ms]
[2022-03-01T13:46:47.789Z] > git symbolic-ref --short HEAD [1ms]
[2022-03-01T13:46:47.801Z] > git for-each-ref --format=%(refname)%00%(upstream:short)%00%(objectname)%00%(upstream:track) refs/heads/main refs/remotes/main [2ms]
[2022-03-01T13:46:47.824Z] > git for-each-ref --sort -committerdate --format %(refname) %(objectname) %(*objectname) [13ms]
[2022-03-01T13:46:47.824Z] > git remote --verbose [2ms]
[2022-03-01T13:46:47.844Z] > git config --get commit.template [2ms]
[2022-03-01T13:46:52.886Z] > git symbolic-ref --short HEAD [2ms]
[2022-03-01T13:46:52.897Z] > git for-each-ref --format=%(refname)%00%(upstream:short)%00%(objectname)%00%(upstream:track) refs/heads/main refs/remotes/main [2ms]
[2022-03-01T13:46:52.921Z] > git for-each-ref --sort -committerdate --format %(refname) %(objectname) %(*objectname) [14ms]
[2022-03-01T13:46:52.922Z] > git remote --verbose [5ms]
[2022-03-01T13:46:52.941Z] > git config --get commit.template [3ms]
[2022-03-01T13:46:58.904Z] > git symbolic-ref --short HEAD [3ms]
[2022-03-01T13:46:58.922Z] > git for-each-ref --format=%(refname)%00%(upstream:short)%00%(objectname)%00%(upstream:track) refs/heads/main refs/remotes/main [3ms]
[2022-03-01T13:46:58.946Z] > git for-each-ref --sort -committerdate --format %(refname) %(objectname) %(*objectname) [13ms]
[2022-03-01T13:46:58.947Z] > git remote --verbose [3ms]
[2022-03-01T13:46:58.971Z] > git config --get commit.template [5ms]
[2022-03-01T13:47:02.097Z] > git ls-files --stage -- /home/ricky/VS code/projects/Project3/index.html [4ms]
[2022-03-01T13:48:14.940Z] > git symbolic-ref --short HEAD [3ms]
[2022-03-01T13:48:14.953Z] > git for-each-ref --format=%(refname)%00%(upstream:short)%00%(objectname)%00%(upstream:track) refs/heads/main refs/remotes/main [3ms]
[2022-03-01T13:48:14.973Z] > git for-each-ref --sort -committerdate --format %(refname) %(objectname) %(*objectname) [11ms]
[2022-03-01T13:48:14.974Z] > git remote --verbose [2ms]
[2022-03-01T13:48:14.991Z] > git config --get commit.template [3ms]
[2022-03-01T13:48:18.478Z] > git ls-files --stage -- /home/ricky/VS code/projects/Project3/style.css [2ms]
[2022-03-01T13:48:31.194Z] > git symbolic-ref --short HEAD [2ms]
[2022-03-01T13:48:31.207Z] > git for-each-ref --format=%(refname)%00%(upstream:short)%00%(objectname)%00%(upstream:track) refs/heads/main refs/remotes/main [2ms]
[2022-03-01T13:48:31.230Z] > git for-each-ref --sort -committerdate --format %(refname) %(objectname) %(*objectname) [13ms]
[2022-03-01T13:48:31.230Z] > git remote --verbose [2ms]
[2022-03-01T13:48:31.250Z] > git config --get commit.template [2ms]
[2022-03-01T13:48:36.293Z] > git symbolic-ref --short HEAD [1ms]
[2022-03-01T13:48:36.306Z] > git for-each-ref --format=%(refname)%00%(upstream:short)%00%(objectname)%00%(upstream:track) refs/heads/main refs/remotes/main [3ms]
[2022-03-01T13:48:36.327Z] > git for-each-ref --sort -committerdate --format %(refname) %(objectname) %(*objectname) [11ms]
[2022-03-01T13:48:36.328Z] > git remote --verbose [2ms]
[2022-03-01T13:48:36.345Z] > git config --get commit.template [2ms]
[2022-03-01T13:48:50.928Z] > git symbolic-ref --short HEAD [2ms]
[2022-03-01T13:48:50.940Z] > git for-each-ref --format=%(refname)%00%(upstream:short)%00%(objectname)%00%(upstream:track) refs/heads/main refs/remotes/main [2ms]
[2022-03-01T13:48:50.964Z] > git for-each-ref --sort -committerdate --format %(refname) %(objectname) %(*objectname) [13ms]
[2022-03-01T13:48:50.965Z] > git remote --verbose [3ms]
[2022-03-01T13:48:50.982Z] > git config --get commit.template [2ms]
[2022-03-01T13:48:56.028Z] > git symbolic-ref --short HEAD [2ms]
[2022-03-01T13:48:56.041Z] > git for-each-ref --format=%(refname)%00%(upstream:short)%00%(objectname)%00%(upstream:track) refs/heads/main refs/remotes/main [3ms]
[2022-03-01T13:48:56.063Z] > git for-each-ref --sort -committerdate --format %(refname) %(objectname) %(*objectname) [11ms]
[2022-03-01T13:48:56.064Z] > git remote --verbose [2ms]
[2022-03-01T13:48:56.084Z] > git config --get commit.template [2ms]
[2022-03-01T13:49:07.844Z] > git ls-files --stage -- /home/ricky/VS code/projects/Project3/index.html [3ms]
