["INFO" - 5:27:48 pm] Extension Name: esbenp.prettier-vscode.
["INFO" - 5:27:48 pm] Extension Version: 9.3.0.
["INFO" - 6:39:42 pm] Formatting file:///home/ricky/VS%20code/projects/Project3/index.html
["INFO" - 6:39:42 pm] Using ignore file (if present) at /home/ricky/VS code/projects/Project3/.prettierignore
["INFO" - 6:39:42 pm] File Info:
{
  "ignored": false,
  "inferredParser": "html"
}
["INFO" - 6:39:42 pm] No local configuration (i.e. .prettierrc or .editorconfig) detected, falling back to VS Code configuration
["INFO" - 6:39:42 pm] Prettier Options:
{
  "arrowParens": "always",
  "bracketSpacing": true,
  "endOfLine": "lf",
  "htmlWhitespaceSensitivity": "css",
  "insertPragma": false,
  "jsxBracketSameLine": false,
  "jsxSingleQuote": false,
  "printWidth": 80,
  "proseWrap": "preserve",
  "quoteProps": "as-needed",
  "requirePragma": false,
  "semi": true,
  "singleQuote": false,
  "tabWidth": 2,
  "trailingComma": "es5",
  "useTabs": false,
  "vueIndentScriptAndStyle": false,
  "filepath": "/home/ricky/VS code/projects/Project3/index.html",
  "parser": "html"
}
["INFO" - 6:39:42 pm] Formatting completed in 0.143ms.
