[2022-02-26T05:38:12.639Z] Validating found git in: git
[2022-02-26T05:38:12.670Z] Using git 2.35.1 from git
[2022-02-26T05:38:12.727Z] > git rev-parse --git-dir [2ms]
[2022-02-26T05:38:12.735Z] Open repository: /home/ricky/VS code
[2022-02-26T05:38:13.521Z] > git symbolic-ref --short HEAD [65ms]
[2022-02-26T05:38:13.575Z] > git for-each-ref --format=%(refname)%00%(upstream:short)%00%(objectname)%00%(upstream:track) refs/heads/main refs/remotes/main [44ms]
[2022-02-26T05:38:13.609Z] > git for-each-ref --sort -committerdate --format %(refname) %(objectname) %(*objectname) [24ms]
[2022-02-26T05:38:13.610Z] > git ls-files --stage -- /home/ricky/VS code/projects/Project2/index.html [40ms]
[2022-02-26T05:38:13.612Z] > git remote --verbose [14ms]
[2022-02-26T05:38:13.633Z] > git config --get commit.template [1ms]
[2022-02-26T05:38:42.615Z] > git symbolic-ref --short HEAD [2ms]
[2022-02-26T05:38:42.628Z] > git for-each-ref --format=%(refname)%00%(upstream:short)%00%(objectname)%00%(upstream:track) refs/heads/main refs/remotes/main [2ms]
[2022-02-26T05:38:42.648Z] > git for-each-ref --sort -committerdate --format %(refname) %(objectname) %(*objectname) [11ms]
[2022-02-26T05:38:42.649Z] > git remote --verbose [2ms]
[2022-02-26T05:38:42.669Z] > git config --get commit.template [4ms]
[2022-02-26T05:38:56.382Z] > git ls-files --stage -- /home/ricky/VS code/projects/Project2/test/style.css [5ms]
[2022-02-26T05:38:57.079Z] > git symbolic-ref --short HEAD [3ms]
[2022-02-26T05:38:57.093Z] > git for-each-ref --format=%(refname)%00%(upstream:short)%00%(objectname)%00%(upstream:track) refs/heads/main refs/remotes/main [2ms]
[2022-02-26T05:38:57.119Z] > git for-each-ref --sort -committerdate --format %(refname) %(objectname) %(*objectname) [12ms]
[2022-02-26T05:38:57.120Z] > git remote --verbose [3ms]
[2022-02-26T05:38:57.147Z] > git config --get commit.template [3ms]
[2022-02-26T05:39:01.294Z] > git ls-files --stage -- /home/ricky/VS code/projects/Project2/test/index.html [13ms]
[2022-02-26T05:39:02.201Z] > git symbolic-ref --short HEAD [2ms]
[2022-02-26T05:39:02.212Z] > git for-each-ref --format=%(refname)%00%(upstream:short)%00%(objectname)%00%(upstream:track) refs/heads/main refs/remotes/main [2ms]
[2022-02-26T05:39:02.233Z] > git for-each-ref --sort -committerdate --format %(refname) %(objectname) %(*objectname) [11ms]
[2022-02-26T05:39:02.234Z] > git remote --verbose [2ms]
[2022-02-26T05:39:02.252Z] > git config --get commit.template [2ms]
[2022-02-26T05:39:04.487Z] > git ls-files --stage -- /home/ricky/VS code/projects/Project2/test/style.css [3ms]
[2022-02-26T05:39:11.276Z] > git ls-files --stage -- /home/ricky/VS code/projects/Project2/test/index.html [2ms]
[2022-02-26T05:41:26.426Z] > git symbolic-ref --short HEAD [3ms]
[2022-02-26T05:41:26.443Z] > git for-each-ref --format=%(refname)%00%(upstream:short)%00%(objectname)%00%(upstream:track) refs/heads/main refs/remotes/main [1ms]
[2022-02-26T05:41:26.470Z] > git for-each-ref --sort -committerdate --format %(refname) %(objectname) %(*objectname) [13ms]
[2022-02-26T05:41:26.471Z] > git remote --verbose [3ms]
[2022-02-26T05:41:26.492Z] > git config --get commit.template [2ms]
[2022-02-26T05:41:33.920Z] > git symbolic-ref --short HEAD [4ms]
[2022-02-26T05:41:33.953Z] > git for-each-ref --format=%(refname)%00%(upstream:short)%00%(objectname)%00%(upstream:track) refs/heads/main refs/remotes/main [9ms]
[2022-02-26T05:41:33.992Z] > git for-each-ref --sort -committerdate --format %(refname) %(objectname) %(*objectname) [14ms]
[2022-02-26T05:41:33.993Z] > git remote --verbose [2ms]
[2022-02-26T05:41:34.023Z] > git config --get commit.template [2ms]
[2022-02-26T05:41:50.297Z] > git symbolic-ref --short HEAD [6ms]
[2022-02-26T05:41:50.334Z] > git for-each-ref --format=%(refname)%00%(upstream:short)%00%(objectname)%00%(upstream:track) refs/heads/main refs/remotes/main [13ms]
[2022-02-26T05:41:50.394Z] > git for-each-ref --sort -committerdate --format %(refname) %(objectname) %(*objectname) [33ms]
[2022-02-26T05:41:50.403Z] > git remote --verbose [11ms]
[2022-02-26T05:41:50.466Z] > git config --get commit.template [5ms]
[2022-02-26T05:41:56.074Z] > git ls-files --stage -- /home/ricky/VS code/projects/Project2/test/style.css [2ms]
[2022-02-26T05:42:00.869Z] > git ls-files --stage -- /home/ricky/VS code/projects/Project2/test/index.html [6ms]
[2022-02-26T05:42:14.943Z] > git symbolic-ref --short HEAD [11ms]
[2022-02-26T05:42:15.010Z] > git for-each-ref --format=%(refname)%00%(upstream:short)%00%(objectname)%00%(upstream:track) refs/heads/main refs/remotes/main [8ms]
[2022-02-26T05:42:15.069Z] > git for-each-ref --sort -committerdate --format %(refname) %(objectname) %(*objectname) [17ms]
[2022-02-26T05:42:15.070Z] > git remote --verbose [4ms]
[2022-02-26T05:42:15.095Z] > git config --get commit.template [4ms]
[2022-02-26T05:42:47.351Z] > git symbolic-ref --short HEAD [2ms]
[2022-02-26T05:42:47.363Z] > git for-each-ref --format=%(refname)%00%(upstream:short)%00%(objectname)%00%(upstream:track) refs/heads/main refs/remotes/main [2ms]
[2022-02-26T05:42:47.384Z] > git for-each-ref --sort -committerdate --format %(refname) %(objectname) %(*objectname) [13ms]
[2022-02-26T05:42:47.385Z] > git remote --verbose [3ms]
[2022-02-26T05:42:47.404Z] > git config --get commit.template [3ms]
[2022-02-26T05:42:48.979Z] > git ls-files --stage -- /home/ricky/VS code/projects/Project2/test/style.css [8ms]
[2022-02-26T05:43:06.026Z] > git symbolic-ref --short HEAD [6ms]
[2022-02-26T05:43:06.093Z] > git for-each-ref --format=%(refname)%00%(upstream:short)%00%(objectname)%00%(upstream:track) refs/heads/main refs/remotes/main [16ms]
[2022-02-26T05:43:06.169Z] > git for-each-ref --sort -committerdate --format %(refname) %(objectname) %(*objectname) [20ms]
[2022-02-26T05:43:06.170Z] > git remote --verbose [3ms]
[2022-02-26T05:43:06.190Z] > git config --get commit.template [3ms]
[2022-02-26T05:43:17.282Z] > git symbolic-ref --short HEAD [10ms]
[2022-02-26T05:43:17.333Z] > git for-each-ref --format=%(refname)%00%(upstream:short)%00%(objectname)%00%(upstream:track) refs/heads/main refs/remotes/main [10ms]
[2022-02-26T05:43:17.415Z] > git for-each-ref --sort -committerdate --format %(refname) %(objectname) %(*objectname) [23ms]
[2022-02-26T05:43:17.416Z] > git remote --verbose [3ms]
[2022-02-26T05:43:17.439Z] > git config --get commit.template [4ms]
[2022-02-26T05:43:23.757Z] > git symbolic-ref --short HEAD [2ms]
[2022-02-26T05:43:23.769Z] > git for-each-ref --format=%(refname)%00%(upstream:short)%00%(objectname)%00%(upstream:track) refs/heads/main refs/remotes/main [2ms]
[2022-02-26T05:43:23.792Z] > git for-each-ref --sort -committerdate --format %(refname) %(objectname) %(*objectname) [12ms]
[2022-02-26T05:43:23.793Z] > git remote --verbose [3ms]
[2022-02-26T05:43:23.815Z] > git config --get commit.template [4ms]
[2022-02-26T05:43:29.180Z] > git symbolic-ref --short HEAD [7ms]
[2022-02-26T05:43:29.220Z] > git for-each-ref --format=%(refname)%00%(upstream:short)%00%(objectname)%00%(upstream:track) refs/heads/main refs/remotes/main [8ms]
[2022-02-26T05:43:29.289Z] > git for-each-ref --sort -committerdate --format %(refname) %(objectname) %(*objectname) [19ms]
[2022-02-26T05:43:29.290Z] > git remote --verbose [3ms]
[2022-02-26T05:43:29.319Z] > git config --get commit.template [3ms]
[2022-02-26T05:43:34.374Z] > git symbolic-ref --short HEAD [2ms]
[2022-02-26T05:43:34.389Z] > git for-each-ref --format=%(refname)%00%(upstream:short)%00%(objectname)%00%(upstream:track) refs/heads/main refs/remotes/main [4ms]
[2022-02-26T05:43:34.413Z] > git for-each-ref --sort -committerdate --format %(refname) %(objectname) %(*objectname) [13ms]
[2022-02-26T05:43:34.413Z] > git remote --verbose [2ms]
[2022-02-26T05:43:34.433Z] > git config --get commit.template [3ms]
[2022-02-26T05:44:10.463Z] > git symbolic-ref --short HEAD [30ms]
[2022-02-26T05:44:10.518Z] > git for-each-ref --format=%(refname)%00%(upstream:short)%00%(objectname)%00%(upstream:track) refs/heads/main refs/remotes/main [12ms]
[2022-02-26T05:44:10.595Z] > git for-each-ref --sort -committerdate --format %(refname) %(objectname) %(*objectname) [40ms]
[2022-02-26T05:44:10.598Z] > git remote --verbose [6ms]
[2022-02-26T05:44:10.629Z] > git config --get commit.template [7ms]
[2022-02-26T05:44:15.678Z] > git symbolic-ref --short HEAD [2ms]
[2022-02-26T05:44:15.691Z] > git for-each-ref --format=%(refname)%00%(upstream:short)%00%(objectname)%00%(upstream:track) refs/heads/main refs/remotes/main [4ms]
[2022-02-26T05:44:15.713Z] > git for-each-ref --sort -committerdate --format %(refname) %(objectname) %(*objectname) [13ms]
[2022-02-26T05:44:15.714Z] > git remote --verbose [2ms]
[2022-02-26T05:44:15.735Z] > git config --get commit.template [3ms]
[2022-02-26T05:44:22.535Z] > git symbolic-ref --short HEAD [8ms]
[2022-02-26T05:44:22.579Z] > git for-each-ref --format=%(refname)%00%(upstream:short)%00%(objectname)%00%(upstream:track) refs/heads/main refs/remotes/main [8ms]
[2022-02-26T05:44:22.643Z] > git remote --verbose [4ms]
[2022-02-26T05:44:22.644Z] > git for-each-ref --sort -committerdate --format %(refname) %(objectname) %(*objectname) [43ms]
[2022-02-26T05:44:22.680Z] > git config --get commit.template [4ms]
[2022-02-26T05:44:57.393Z] > git symbolic-ref --short HEAD [11ms]
[2022-02-26T05:44:57.460Z] > git for-each-ref --format=%(refname)%00%(upstream:short)%00%(objectname)%00%(upstream:track) refs/heads/main refs/remotes/main [15ms]
[2022-02-26T05:44:57.503Z] > git for-each-ref --sort -committerdate --format %(refname) %(objectname) %(*objectname) [19ms]
[2022-02-26T05:44:57.504Z] > git remote --verbose [4ms]
[2022-02-26T05:44:57.529Z] > git config --get commit.template [7ms]
[2022-02-26T05:45:51.602Z] > git symbolic-ref --short HEAD [20ms]
[2022-02-26T05:45:51.659Z] > git for-each-ref --format=%(refname)%00%(upstream:short)%00%(objectname)%00%(upstream:track) refs/heads/main refs/remotes/main [25ms]
[2022-02-26T05:45:51.744Z] > git remote --verbose [5ms]
[2022-02-26T05:45:51.744Z] > git for-each-ref --sort -committerdate --format %(refname) %(objectname) %(*objectname) [34ms]
[2022-02-26T05:45:51.777Z] > git config --get commit.template [4ms]
[2022-02-26T05:46:11.420Z] > git symbolic-ref --short HEAD [5ms]
[2022-02-26T05:46:11.480Z] > git for-each-ref --format=%(refname)%00%(upstream:short)%00%(objectname)%00%(upstream:track) refs/heads/main refs/remotes/main [5ms]
[2022-02-26T05:46:11.543Z] > git remote --verbose [3ms]
[2022-02-26T05:46:11.543Z] > git for-each-ref --sort -committerdate --format %(refname) %(objectname) %(*objectname) [35ms]
[2022-02-26T05:46:11.574Z] > git config --get commit.template [5ms]
[2022-02-26T05:46:46.852Z] > git ls-files --stage -- /home/ricky/VS code/projects/Project2/test/index.html [3ms]
[2022-02-26T05:46:48.902Z] > git ls-files --stage -- /home/ricky/VS code/projects/Project2/test/style.css [3ms]
[2022-02-26T05:46:59.075Z] > git symbolic-ref --short HEAD [2ms]
[2022-02-26T05:46:59.091Z] > git for-each-ref --format=%(refname)%00%(upstream:short)%00%(objectname)%00%(upstream:track) refs/heads/main refs/remotes/main [3ms]
[2022-02-26T05:46:59.118Z] > git for-each-ref --sort -committerdate --format %(refname) %(objectname) %(*objectname) [14ms]
[2022-02-26T05:46:59.119Z] > git remote --verbose [4ms]
[2022-02-26T05:46:59.138Z] > git config --get commit.template [2ms]
[2022-02-26T05:47:09.688Z] > git symbolic-ref --short HEAD [9ms]
[2022-02-26T05:47:09.781Z] > git for-each-ref --format=%(refname)%00%(upstream:short)%00%(objectname)%00%(upstream:track) refs/heads/main refs/remotes/main [21ms]
[2022-02-26T05:47:09.873Z] > git remote --verbose [3ms]
[2022-02-26T05:47:09.874Z] > git for-each-ref --sort -committerdate --format %(refname) %(objectname) %(*objectname) [26ms]
[2022-02-26T05:47:09.903Z] > git config --get commit.template [5ms]
[2022-02-26T05:47:16.206Z] > git symbolic-ref --short HEAD [6ms]
[2022-02-26T05:47:16.260Z] > git for-each-ref --format=%(refname)%00%(upstream:short)%00%(objectname)%00%(upstream:track) refs/heads/main refs/remotes/main [9ms]
[2022-02-26T05:47:16.367Z] > git for-each-ref --sort -committerdate --format %(refname) %(objectname) %(*objectname) [25ms]
[2022-02-26T05:47:16.369Z] > git remote --verbose [5ms]
[2022-02-26T05:47:16.391Z] > git config --get commit.template [2ms]
[2022-02-26T05:47:32.015Z] > git symbolic-ref --short HEAD [8ms]
[2022-02-26T05:47:32.097Z] > git for-each-ref --format=%(refname)%00%(upstream:short)%00%(objectname)%00%(upstream:track) refs/heads/main refs/remotes/main [21ms]
[2022-02-26T05:47:32.135Z] > git for-each-ref --sort -committerdate --format %(refname) %(objectname) %(*objectname) [15ms]
[2022-02-26T05:47:32.136Z] > git remote --verbose [3ms]
[2022-02-26T05:47:32.159Z] > git config --get commit.template [6ms]
[2022-02-26T05:47:44.165Z] > git symbolic-ref --short HEAD [13ms]
[2022-02-26T05:47:44.215Z] > git for-each-ref --format=%(refname)%00%(upstream:short)%00%(objectname)%00%(upstream:track) refs/heads/main refs/remotes/main [9ms]
[2022-02-26T05:47:44.257Z] > git for-each-ref --sort -committerdate --format %(refname) %(objectname) %(*objectname) [19ms]
[2022-02-26T05:47:44.257Z] > git remote --verbose [2ms]
[2022-02-26T05:47:44.277Z] > git config --get commit.template [4ms]
[2022-02-26T05:48:06.572Z] > git symbolic-ref --short HEAD [8ms]
[2022-02-26T05:48:06.636Z] > git for-each-ref --format=%(refname)%00%(upstream:short)%00%(objectname)%00%(upstream:track) refs/heads/main refs/remotes/main [17ms]
[2022-02-26T05:48:06.712Z] > git remote --verbose [5ms]
[2022-02-26T05:48:06.712Z] > git for-each-ref --sort -committerdate --format %(refname) %(objectname) %(*objectname) [31ms]
[2022-02-26T05:48:06.745Z] > git config --get commit.template [7ms]
[2022-02-26T05:48:16.046Z] > git symbolic-ref --short HEAD [7ms]
[2022-02-26T05:48:16.110Z] > git for-each-ref --format=%(refname)%00%(upstream:short)%00%(objectname)%00%(upstream:track) refs/heads/main refs/remotes/main [15ms]
[2022-02-26T05:48:16.168Z] > git for-each-ref --sort -committerdate --format %(refname) %(objectname) %(*objectname) [18ms]
[2022-02-26T05:48:16.168Z] > git remote --verbose [2ms]
[2022-02-26T05:48:16.187Z] > git config --get commit.template [2ms]
[2022-02-26T05:48:26.792Z] > git symbolic-ref --short HEAD [19ms]
[2022-02-26T05:48:26.842Z] > git for-each-ref --format=%(refname)%00%(upstream:short)%00%(objectname)%00%(upstream:track) refs/heads/main refs/remotes/main [4ms]
[2022-02-26T05:48:26.880Z] > git for-each-ref --sort -committerdate --format %(refname) %(objectname) %(*objectname) [18ms]
[2022-02-26T05:48:26.881Z] > git remote --verbose [3ms]
[2022-02-26T05:48:26.903Z] > git config --get commit.template [2ms]
[2022-02-26T05:48:32.174Z] > git symbolic-ref --short HEAD [12ms]
[2022-02-26T05:48:32.220Z] > git for-each-ref --format=%(refname)%00%(upstream:short)%00%(objectname)%00%(upstream:track) refs/heads/main refs/remotes/main [13ms]
[2022-02-26T05:48:32.328Z] > git for-each-ref --sort -committerdate --format %(refname) %(objectname) %(*objectname) [50ms]
[2022-02-26T05:48:32.330Z] > git remote --verbose [5ms]
[2022-02-26T05:48:32.355Z] > git config --get commit.template [3ms]
[2022-02-26T05:48:37.411Z] > git symbolic-ref --short HEAD [3ms]
[2022-02-26T05:48:37.423Z] > git for-each-ref --format=%(refname)%00%(upstream:short)%00%(objectname)%00%(upstream:track) refs/heads/main refs/remotes/main [3ms]
[2022-02-26T05:48:37.445Z] > git for-each-ref --sort -committerdate --format %(refname) %(objectname) %(*objectname) [13ms]
[2022-02-26T05:48:37.445Z] > git remote --verbose [2ms]
[2022-02-26T05:48:37.463Z] > git config --get commit.template [2ms]
[2022-02-26T05:48:44.043Z] > git symbolic-ref --short HEAD [9ms]
[2022-02-26T05:48:44.084Z] > git for-each-ref --format=%(refname)%00%(upstream:short)%00%(objectname)%00%(upstream:track) refs/heads/main refs/remotes/main [9ms]
[2022-02-26T05:48:44.152Z] > git for-each-ref --sort -committerdate --format %(refname) %(objectname) %(*objectname) [24ms]
[2022-02-26T05:48:44.155Z] > git remote --verbose [5ms]
[2022-02-26T05:48:44.181Z] > git config --get commit.template [3ms]
[2022-02-26T05:48:49.222Z] > git symbolic-ref --short HEAD [2ms]
[2022-02-26T05:48:49.234Z] > git for-each-ref --format=%(refname)%00%(upstream:short)%00%(objectname)%00%(upstream:track) refs/heads/main refs/remotes/main [2ms]
[2022-02-26T05:48:49.253Z] > git for-each-ref --sort -committerdate --format %(refname) %(objectname) %(*objectname) [10ms]
[2022-02-26T05:48:49.253Z] > git remote --verbose [1ms]
[2022-02-26T05:48:49.270Z] > git config --get commit.template [2ms]
[2022-02-26T05:49:07.637Z] > git symbolic-ref --short HEAD [10ms]
[2022-02-26T05:49:07.681Z] > git for-each-ref --format=%(refname)%00%(upstream:short)%00%(objectname)%00%(upstream:track) refs/heads/main refs/remotes/main [6ms]
[2022-02-26T05:49:07.757Z] > git for-each-ref --sort -committerdate --format %(refname) %(objectname) %(*objectname) [32ms]
[2022-02-26T05:49:07.758Z] > git remote --verbose [2ms]
[2022-02-26T05:49:07.777Z] > git config --get commit.template [3ms]
[2022-02-26T05:49:12.820Z] > git symbolic-ref --short HEAD [2ms]
[2022-02-26T05:49:12.832Z] > git for-each-ref --format=%(refname)%00%(upstream:short)%00%(objectname)%00%(upstream:track) refs/heads/main refs/remotes/main [2ms]
[2022-02-26T05:49:12.853Z] > git for-each-ref --sort -committerdate --format %(refname) %(objectname) %(*objectname) [10ms]
[2022-02-26T05:49:12.853Z] > git remote --verbose [2ms]
[2022-02-26T05:49:12.871Z] > git config --get commit.template [4ms]
[2022-02-26T05:49:17.916Z] > git symbolic-ref --short HEAD [2ms]
[2022-02-26T05:49:17.929Z] > git for-each-ref --format=%(refname)%00%(upstream:short)%00%(objectname)%00%(upstream:track) refs/heads/main refs/remotes/main [3ms]
[2022-02-26T05:49:17.950Z] > git for-each-ref --sort -committerdate --format %(refname) %(objectname) %(*objectname) [11ms]
[2022-02-26T05:49:17.951Z] > git remote --verbose [2ms]
[2022-02-26T05:49:17.970Z] > git config --get commit.template [2ms]
[2022-02-26T05:49:23.019Z] > git symbolic-ref --short HEAD [1ms]
[2022-02-26T05:49:23.033Z] > git for-each-ref --format=%(refname)%00%(upstream:short)%00%(objectname)%00%(upstream:track) refs/heads/main refs/remotes/main [2ms]
[2022-02-26T05:49:23.054Z] > git for-each-ref --sort -committerdate --format %(refname) %(objectname) %(*objectname) [11ms]
[2022-02-26T05:49:23.055Z] > git remote --verbose [3ms]
[2022-02-26T05:49:23.073Z] > git config --get commit.template [3ms]
[2022-02-26T05:49:38.761Z] > git symbolic-ref --short HEAD [1ms]
[2022-02-26T05:49:38.778Z] > git for-each-ref --format=%(refname)%00%(upstream:short)%00%(objectname)%00%(upstream:track) refs/heads/main refs/remotes/main [3ms]
[2022-02-26T05:49:38.802Z] > git for-each-ref --sort -committerdate --format %(refname) %(objectname) %(*objectname) [12ms]
[2022-02-26T05:49:38.803Z] > git remote --verbose [3ms]
[2022-02-26T05:49:38.821Z] > git config --get commit.template [2ms]
[2022-02-26T05:49:48.331Z] > git symbolic-ref --short HEAD [23ms]
[2022-02-26T05:49:48.402Z] > git for-each-ref --format=%(refname)%00%(upstream:short)%00%(objectname)%00%(upstream:track) refs/heads/main refs/remotes/main [10ms]
[2022-02-26T05:49:48.495Z] > git for-each-ref --sort -committerdate --format %(refname) %(objectname) %(*objectname) [51ms]
[2022-02-26T05:49:48.503Z] > git remote --verbose [17ms]
[2022-02-26T05:49:48.536Z] > git config --get commit.template [5ms]
[2022-02-26T05:49:59.754Z] > git symbolic-ref --short HEAD [6ms]
[2022-02-26T05:49:59.798Z] > git for-each-ref --format=%(refname)%00%(upstream:short)%00%(objectname)%00%(upstream:track) refs/heads/main refs/remotes/main [7ms]
[2022-02-26T05:49:59.932Z] > git for-each-ref --sort -committerdate --format %(refname) %(objectname) %(*objectname) [32ms]
[2022-02-26T05:49:59.947Z] > git remote --verbose [17ms]
[2022-02-26T05:49:59.999Z] > git config --get commit.template [3ms]
[2022-02-26T05:50:05.485Z] > git symbolic-ref --short HEAD [6ms]
[2022-02-26T05:50:05.513Z] > git for-each-ref --format=%(refname)%00%(upstream:short)%00%(objectname)%00%(upstream:track) refs/heads/main refs/remotes/main [3ms]
[2022-02-26T05:50:05.568Z] > git for-each-ref --sort -committerdate --format %(refname) %(objectname) %(*objectname) [37ms]
[2022-02-26T05:50:05.569Z] > git remote --verbose [5ms]
[2022-02-26T05:50:05.618Z] > git config --get commit.template [5ms]
[2022-02-26T05:50:10.676Z] > git symbolic-ref --short HEAD [3ms]
[2022-02-26T05:50:10.690Z] > git for-each-ref --format=%(refname)%00%(upstream:short)%00%(objectname)%00%(upstream:track) refs/heads/main refs/remotes/main [3ms]
[2022-02-26T05:50:10.713Z] > git for-each-ref --sort -committerdate --format %(refname) %(objectname) %(*objectname) [14ms]
[2022-02-26T05:50:10.715Z] > git remote --verbose [3ms]
[2022-02-26T05:50:10.732Z] > git config --get commit.template [2ms]
[2022-02-26T05:50:17.832Z] > git symbolic-ref --short HEAD [8ms]
[2022-02-26T05:50:17.885Z] > git for-each-ref --format=%(refname)%00%(upstream:short)%00%(objectname)%00%(upstream:track) refs/heads/main refs/remotes/main [4ms]
[2022-02-26T05:50:17.952Z] > git for-each-ref --sort -committerdate --format %(refname) %(objectname) %(*objectname) [33ms]
[2022-02-26T05:50:17.955Z] > git remote --verbose [5ms]
[2022-02-26T05:50:17.981Z] > git config --get commit.template [3ms]
[2022-02-26T05:50:26.881Z] > git symbolic-ref --short HEAD [8ms]
[2022-02-26T05:50:26.919Z] > git for-each-ref --format=%(refname)%00%(upstream:short)%00%(objectname)%00%(upstream:track) refs/heads/main refs/remotes/main [4ms]
[2022-02-26T05:50:26.989Z] > git for-each-ref --sort -committerdate --format %(refname) %(objectname) %(*objectname) [34ms]
[2022-02-26T05:50:26.989Z] > git remote --verbose [4ms]
[2022-02-26T05:50:27.020Z] > git config --get commit.template [5ms]
[2022-02-26T05:50:49.457Z] > git ls-files --stage -- /home/ricky/VS code/projects/Project2/test/index.html [3ms]
[2022-02-26T05:51:24.162Z] > git symbolic-ref --short HEAD [6ms]
[2022-02-26T05:51:24.236Z] > git for-each-ref --format=%(refname)%00%(upstream:short)%00%(objectname)%00%(upstream:track) refs/heads/main refs/remotes/main [20ms]
[2022-02-26T05:51:24.314Z] > git for-each-ref --sort -committerdate --format %(refname) %(objectname) %(*objectname) [28ms]
[2022-02-26T05:51:24.315Z] > git remote --verbose [3ms]
[2022-02-26T05:51:24.351Z] > git config --get commit.template [5ms]
[2022-02-26T05:51:32.665Z] > git ls-files --stage -- /home/ricky/VS code/projects/Project2/test/style.css [5ms]
[2022-02-26T05:51:58.284Z] > git symbolic-ref --short HEAD [21ms]
[2022-02-26T05:51:58.345Z] > git for-each-ref --format=%(refname)%00%(upstream:short)%00%(objectname)%00%(upstream:track) refs/heads/main refs/remotes/main [15ms]
[2022-02-26T05:51:58.407Z] > git for-each-ref --sort -committerdate --format %(refname) %(objectname) %(*objectname) [17ms]
[2022-02-26T05:51:58.408Z] > git remote --verbose [3ms]
[2022-02-26T05:51:58.428Z] > git config --get commit.template [2ms]
[2022-02-26T05:52:05.770Z] > git symbolic-ref --short HEAD [6ms]
[2022-02-26T05:52:05.820Z] > git for-each-ref --format=%(refname)%00%(upstream:short)%00%(objectname)%00%(upstream:track) refs/heads/main refs/remotes/main [9ms]
[2022-02-26T05:52:05.868Z] > git for-each-ref --sort -committerdate --format %(refname) %(objectname) %(*objectname) [16ms]
[2022-02-26T05:52:05.869Z] > git remote --verbose [2ms]
[2022-02-26T05:52:05.890Z] > git config --get commit.template [3ms]
[2022-02-26T05:52:24.698Z] > git symbolic-ref --short HEAD [8ms]
[2022-02-26T05:52:24.758Z] > git for-each-ref --format=%(refname)%00%(upstream:short)%00%(objectname)%00%(upstream:track) refs/heads/main refs/remotes/main [25ms]
[2022-02-26T05:52:24.801Z] > git for-each-ref --sort -committerdate --format %(refname) %(objectname) %(*objectname) [18ms]
[2022-02-26T05:52:24.802Z] > git remote --verbose [3ms]
[2022-02-26T05:52:24.822Z] > git config --get commit.template [2ms]
[2022-02-26T05:52:31.915Z] > git symbolic-ref --short HEAD [37ms]
[2022-02-26T05:52:31.973Z] > git for-each-ref --format=%(refname)%00%(upstream:short)%00%(objectname)%00%(upstream:track) refs/heads/main refs/remotes/main [10ms]
[2022-02-26T05:52:32.018Z] > git remote --verbose [3ms]
[2022-02-26T05:52:32.020Z] > git for-each-ref --sort -committerdate --format %(refname) %(objectname) %(*objectname) [21ms]
[2022-02-26T05:52:32.046Z] > git config --get commit.template [4ms]
[2022-02-26T05:52:39.969Z] > git symbolic-ref --short HEAD [14ms]
[2022-02-26T05:52:40.029Z] > git for-each-ref --format=%(refname)%00%(upstream:short)%00%(objectname)%00%(upstream:track) refs/heads/main refs/remotes/main [16ms]
[2022-02-26T05:52:40.118Z] > git for-each-ref --sort -committerdate --format %(refname) %(objectname) %(*objectname) [37ms]
[2022-02-26T05:52:40.121Z] > git remote --verbose [6ms]
[2022-02-26T05:52:40.144Z] > git config --get commit.template [3ms]
[2022-02-26T05:52:50.000Z] > git symbolic-ref --short HEAD [10ms]
[2022-02-26T05:52:50.044Z] > git for-each-ref --format=%(refname)%00%(upstream:short)%00%(objectname)%00%(upstream:track) refs/heads/main refs/remotes/main [5ms]
[2022-02-26T05:52:50.099Z] > git for-each-ref --sort -committerdate --format %(refname) %(objectname) %(*objectname) [39ms]
[2022-02-26T05:52:50.105Z] > git remote --verbose [9ms]
[2022-02-26T05:52:50.155Z] > git config --get commit.template [3ms]
[2022-02-26T05:52:55.329Z] > git symbolic-ref --short HEAD [3ms]
[2022-02-26T05:52:55.402Z] > git for-each-ref --format=%(refname)%00%(upstream:short)%00%(objectname)%00%(upstream:track) refs/heads/main refs/remotes/main [15ms]
[2022-02-26T05:52:55.444Z] > git for-each-ref --sort -committerdate --format %(refname) %(objectname) %(*objectname) [22ms]
[2022-02-26T05:52:55.445Z] > git remote --verbose [6ms]
[2022-02-26T05:52:55.467Z] > git config --get commit.template [2ms]
[2022-02-26T05:53:37.875Z] > git symbolic-ref --short HEAD [3ms]
[2022-02-26T05:53:37.892Z] > git for-each-ref --format=%(refname)%00%(upstream:short)%00%(objectname)%00%(upstream:track) refs/heads/main refs/remotes/main [3ms]
[2022-02-26T05:53:37.919Z] > git for-each-ref --sort -committerdate --format %(refname) %(objectname) %(*objectname) [14ms]
[2022-02-26T05:53:37.920Z] > git remote --verbose [2ms]
[2022-02-26T05:53:37.940Z] > git config --get commit.template [2ms]
[2022-02-26T05:53:48.180Z] > git symbolic-ref --short HEAD [9ms]
[2022-02-26T05:53:48.254Z] > git for-each-ref --format=%(refname)%00%(upstream:short)%00%(objectname)%00%(upstream:track) refs/heads/main refs/remotes/main [26ms]
[2022-02-26T05:53:48.289Z] > git for-each-ref --sort -committerdate --format %(refname) %(objectname) %(*objectname) [15ms]
[2022-02-26T05:53:48.289Z] > git remote --verbose [2ms]
[2022-02-26T05:53:48.309Z] > git config --get commit.template [5ms]
[2022-02-26T05:53:57.176Z] > git symbolic-ref --short HEAD [7ms]
[2022-02-26T05:53:57.226Z] > git for-each-ref --format=%(refname)%00%(upstream:short)%00%(objectname)%00%(upstream:track) refs/heads/main refs/remotes/main [8ms]
[2022-02-26T05:53:57.309Z] > git for-each-ref --sort -committerdate --format %(refname) %(objectname) %(*objectname) [52ms]
[2022-02-26T05:53:57.323Z] > git remote --verbose [21ms]
[2022-02-26T05:53:57.349Z] > git config --get commit.template [4ms]
[2022-02-26T05:54:21.427Z] > git symbolic-ref --short HEAD [3ms]
[2022-02-26T05:54:21.471Z] > git for-each-ref --format=%(refname)%00%(upstream:short)%00%(objectname)%00%(upstream:track) refs/heads/main refs/remotes/main [8ms]
[2022-02-26T05:54:21.579Z] > git for-each-ref --sort -committerdate --format %(refname) %(objectname) %(*objectname) [57ms]
[2022-02-26T05:54:21.586Z] > git remote --verbose [18ms]
[2022-02-26T05:54:21.624Z] > git config --get commit.template [3ms]
[2022-02-26T05:54:44.445Z] > git symbolic-ref --short HEAD [13ms]
[2022-02-26T05:54:44.493Z] > git for-each-ref --format=%(refname)%00%(upstream:short)%00%(objectname)%00%(upstream:track) refs/heads/main refs/remotes/main [12ms]
[2022-02-26T05:54:44.595Z] > git for-each-ref --sort -committerdate --format %(refname) %(objectname) %(*objectname) [53ms]
[2022-02-26T05:54:44.601Z] > git remote --verbose [10ms]
[2022-02-26T05:54:44.628Z] > git config --get commit.template [5ms]
[2022-02-26T05:54:50.815Z] > git ls-files --stage -- /home/ricky/VS code/projects/Project2/test/index.html [4ms]
[2022-02-26T05:55:09.235Z] > git ls-files --stage -- /home/ricky/VS code/projects/Project2/test/style.css [3ms]
[2022-02-26T05:55:13.436Z] > git ls-files --stage -- /home/ricky/VS code/projects/Project2/test/index.html [4ms]
[2022-02-26T05:55:16.255Z] > git ls-files --stage -- /home/ricky/VS code/projects/Project2/test/style.css [5ms]
[2022-02-26T05:55:36.857Z] > git ls-files --stage -- /home/ricky/VS code/projects/Project2/test/index.html [2ms]
[2022-02-26T05:58:41.970Z] > git symbolic-ref --short HEAD [3ms]
[2022-02-26T05:58:41.983Z] > git for-each-ref --format=%(refname)%00%(upstream:short)%00%(objectname)%00%(upstream:track) refs/heads/main refs/remotes/main [2ms]
[2022-02-26T05:58:42.005Z] > git for-each-ref --sort -committerdate --format %(refname) %(objectname) %(*objectname) [10ms]
[2022-02-26T05:58:42.005Z] > git remote --verbose [1ms]
[2022-02-26T05:58:42.023Z] > git config --get commit.template [3ms]
[2022-02-26T05:58:48.103Z] > git ls-files --stage -- /home/ricky/VS code/projects/Project2/test/style.css [3ms]
[2022-02-26T05:59:00.307Z] > git symbolic-ref --short HEAD [3ms]
[2022-02-26T05:59:00.320Z] > git for-each-ref --format=%(refname)%00%(upstream:short)%00%(objectname)%00%(upstream:track) refs/heads/main refs/remotes/main [2ms]
[2022-02-26T05:59:00.342Z] > git for-each-ref --sort -committerdate --format %(refname) %(objectname) %(*objectname) [12ms]
[2022-02-26T05:59:00.343Z] > git remote --verbose [3ms]
[2022-02-26T05:59:00.361Z] > git config --get commit.template [3ms]
[2022-02-26T05:59:05.574Z] > git symbolic-ref --short HEAD [13ms]
[2022-02-26T05:59:05.610Z] > git for-each-ref --format=%(refname)%00%(upstream:short)%00%(objectname)%00%(upstream:track) refs/heads/main refs/remotes/main [2ms]
[2022-02-26T05:59:05.662Z] > git for-each-ref --sort -committerdate --format %(refname) %(objectname) %(*objectname) [28ms]
[2022-02-26T05:59:05.665Z] > git remote --verbose [8ms]
[2022-02-26T05:59:05.695Z] > git config --get commit.template [8ms]
[2022-02-26T05:59:10.744Z] > git symbolic-ref --short HEAD [2ms]
[2022-02-26T05:59:10.755Z] > git for-each-ref --format=%(refname)%00%(upstream:short)%00%(objectname)%00%(upstream:track) refs/heads/main refs/remotes/main [2ms]
[2022-02-26T05:59:10.777Z] > git for-each-ref --sort -committerdate --format %(refname) %(objectname) %(*objectname) [12ms]
[2022-02-26T05:59:10.777Z] > git remote --verbose [1ms]
[2022-02-26T05:59:10.794Z] > git config --get commit.template [3ms]
[2022-02-26T05:59:20.239Z] > git symbolic-ref --short HEAD [10ms]
[2022-02-26T05:59:20.280Z] > git for-each-ref --format=%(refname)%00%(upstream:short)%00%(objectname)%00%(upstream:track) refs/heads/main refs/remotes/main [6ms]
[2022-02-26T05:59:20.365Z] > git for-each-ref --sort -committerdate --format %(refname) %(objectname) %(*objectname) [50ms]
[2022-02-26T05:59:20.369Z] > git remote --verbose [6ms]
[2022-02-26T05:59:20.395Z] > git config --get commit.template [5ms]
[2022-02-26T05:59:42.943Z] > git symbolic-ref --short HEAD [8ms]
[2022-02-26T05:59:43.010Z] > git for-each-ref --format=%(refname)%00%(upstream:short)%00%(objectname)%00%(upstream:track) refs/heads/main refs/remotes/main [11ms]
[2022-02-26T05:59:43.092Z] > git for-each-ref --sort -committerdate --format %(refname) %(objectname) %(*objectname) [34ms]
[2022-02-26T05:59:43.094Z] > git remote --verbose [4ms]
[2022-02-26T05:59:43.114Z] > git config --get commit.template [3ms]
[2022-02-26T06:00:04.788Z] > git symbolic-ref --short HEAD [3ms]
[2022-02-26T06:00:04.839Z] > git for-each-ref --format=%(refname)%00%(upstream:short)%00%(objectname)%00%(upstream:track) refs/heads/main refs/remotes/main [18ms]
[2022-02-26T06:00:04.970Z] > git for-each-ref --sort -committerdate --format %(refname) %(objectname) %(*objectname) [103ms]
[2022-02-26T06:00:04.982Z] > git remote --verbose [18ms]
[2022-02-26T06:00:05.048Z] > git config --get commit.template [3ms]
[2022-02-26T06:00:10.118Z] > git symbolic-ref --short HEAD [5ms]
[2022-02-26T06:00:10.134Z] > git for-each-ref --format=%(refname)%00%(upstream:short)%00%(objectname)%00%(upstream:track) refs/heads/main refs/remotes/main [4ms]
[2022-02-26T06:00:10.162Z] > git for-each-ref --sort -committerdate --format %(refname) %(objectname) %(*objectname) [15ms]
[2022-02-26T06:00:10.162Z] > git remote --verbose [1ms]
[2022-02-26T06:00:10.183Z] > git config --get commit.template [2ms]
[2022-02-26T06:00:29.107Z] > git symbolic-ref --short HEAD [41ms]
[2022-02-26T06:00:29.162Z] > git for-each-ref --format=%(refname)%00%(upstream:short)%00%(objectname)%00%(upstream:track) refs/heads/main refs/remotes/main [4ms]
[2022-02-26T06:00:29.193Z] > git for-each-ref --sort -committerdate --format %(refname) %(objectname) %(*objectname) [14ms]
[2022-02-26T06:00:29.194Z] > git remote --verbose [2ms]
[2022-02-26T06:00:29.212Z] > git config --get commit.template [2ms]
[2022-02-26T06:00:54.705Z] > git symbolic-ref --short HEAD [6ms]
[2022-02-26T06:00:54.759Z] > git for-each-ref --format=%(refname)%00%(upstream:short)%00%(objectname)%00%(upstream:track) refs/heads/main refs/remotes/main [18ms]
[2022-02-26T06:00:54.873Z] > git for-each-ref --sort -committerdate --format %(refname) %(objectname) %(*objectname) [48ms]
[2022-02-26T06:00:54.874Z] > git remote --verbose [6ms]
[2022-02-26T06:00:54.901Z] > git config --get commit.template [3ms]
[2022-02-26T06:01:00.869Z] > git symbolic-ref --short HEAD [9ms]
[2022-02-26T06:01:00.923Z] > git for-each-ref --format=%(refname)%00%(upstream:short)%00%(objectname)%00%(upstream:track) refs/heads/main refs/remotes/main [15ms]
[2022-02-26T06:01:00.974Z] > git for-each-ref --sort -committerdate --format %(refname) %(objectname) %(*objectname) [17ms]
[2022-02-26T06:01:00.975Z] > git remote --verbose [2ms]
[2022-02-26T06:01:00.999Z] > git config --get commit.template [4ms]
[2022-02-26T06:01:10.159Z] > git symbolic-ref --short HEAD [8ms]
[2022-02-26T06:01:10.206Z] > git for-each-ref --format=%(refname)%00%(upstream:short)%00%(objectname)%00%(upstream:track) refs/heads/main refs/remotes/main [7ms]
[2022-02-26T06:01:10.304Z] > git remote --verbose [5ms]
[2022-02-26T06:01:10.305Z] > git for-each-ref --sort -committerdate --format %(refname) %(objectname) %(*objectname) [42ms]
[2022-02-26T06:01:10.336Z] > git config --get commit.template [2ms]
[2022-02-26T06:01:27.962Z] > git symbolic-ref --short HEAD [16ms]
[2022-02-26T06:01:28.007Z] > git for-each-ref --format=%(refname)%00%(upstream:short)%00%(objectname)%00%(upstream:track) refs/heads/main refs/remotes/main [12ms]
[2022-02-26T06:01:28.055Z] > git remote --verbose [3ms]
[2022-02-26T06:01:28.055Z] > git for-each-ref --sort -committerdate --format %(refname) %(objectname) %(*objectname) [20ms]
[2022-02-26T06:01:28.077Z] > git config --get commit.template [2ms]
[2022-02-26T06:01:33.129Z] > git symbolic-ref --short HEAD [3ms]
[2022-02-26T06:01:33.144Z] > git for-each-ref --format=%(refname)%00%(upstream:short)%00%(objectname)%00%(upstream:track) refs/heads/main refs/remotes/main [2ms]
[2022-02-26T06:01:33.172Z] > git for-each-ref --sort -committerdate --format %(refname) %(objectname) %(*objectname) [15ms]
[2022-02-26T06:01:33.172Z] > git remote --verbose [2ms]
[2022-02-26T06:01:33.194Z] > git config --get commit.template [3ms]
[2022-02-26T06:01:46.445Z] > git symbolic-ref --short HEAD [10ms]
[2022-02-26T06:01:46.505Z] > git for-each-ref --format=%(refname)%00%(upstream:short)%00%(objectname)%00%(upstream:track) refs/heads/main refs/remotes/main [15ms]
[2022-02-26T06:01:46.589Z] > git remote --verbose [3ms]
[2022-02-26T06:01:46.589Z] > git for-each-ref --sort -committerdate --format %(refname) %(objectname) %(*objectname) [19ms]
[2022-02-26T06:01:46.615Z] > git config --get commit.template [2ms]
[2022-02-26T06:02:08.321Z] > git symbolic-ref --short HEAD [9ms]
[2022-02-26T06:02:08.374Z] > git for-each-ref --format=%(refname)%00%(upstream:short)%00%(objectname)%00%(upstream:track) refs/heads/main refs/remotes/main [9ms]
[2022-02-26T06:02:08.482Z] > git for-each-ref --sort -committerdate --format %(refname) %(objectname) %(*objectname) [29ms]
[2022-02-26T06:02:08.483Z] > git remote --verbose [3ms]
[2022-02-26T06:02:08.514Z] > git config --get commit.template [9ms]
[2022-02-26T06:02:23.866Z] > git symbolic-ref --short HEAD [11ms]
[2022-02-26T06:02:23.926Z] > git for-each-ref --format=%(refname)%00%(upstream:short)%00%(objectname)%00%(upstream:track) refs/heads/main refs/remotes/main [14ms]
[2022-02-26T06:02:23.978Z] > git for-each-ref --sort -committerdate --format %(refname) %(objectname) %(*objectname) [19ms]
[2022-02-26T06:02:23.979Z] > git remote --verbose [5ms]
[2022-02-26T06:02:24.006Z] > git config --get commit.template [3ms]
[2022-02-26T06:02:31.788Z] > git symbolic-ref --short HEAD [3ms]
[2022-02-26T06:02:31.837Z] > git for-each-ref --format=%(refname)%00%(upstream:short)%00%(objectname)%00%(upstream:track) refs/heads/main refs/remotes/main [7ms]
[2022-02-26T06:02:31.939Z] > git for-each-ref --sort -committerdate --format %(refname) %(objectname) %(*objectname) [50ms]
[2022-02-26T06:02:31.944Z] > git remote --verbose [6ms]
[2022-02-26T06:02:31.977Z] > git config --get commit.template [4ms]
[2022-02-26T06:02:37.314Z] > git symbolic-ref --short HEAD [9ms]
[2022-02-26T06:02:37.384Z] > git for-each-ref --format=%(refname)%00%(upstream:short)%00%(objectname)%00%(upstream:track) refs/heads/main refs/remotes/main [9ms]
[2022-02-26T06:02:37.472Z] > git for-each-ref --sort -committerdate --format %(refname) %(objectname) %(*objectname) [45ms]
[2022-02-26T06:02:37.473Z] > git remote --verbose [3ms]
[2022-02-26T06:02:37.496Z] > git config --get commit.template [2ms]
[2022-02-26T06:02:45.510Z] > git symbolic-ref --short HEAD [20ms]
[2022-02-26T06:02:45.554Z] > git for-each-ref --format=%(refname)%00%(upstream:short)%00%(objectname)%00%(upstream:track) refs/heads/main refs/remotes/main [3ms]
[2022-02-26T06:02:45.582Z] > git for-each-ref --sort -committerdate --format %(refname) %(objectname) %(*objectname) [15ms]
[2022-02-26T06:02:45.584Z] > git remote --verbose [5ms]
[2022-02-26T06:02:45.606Z] > git config --get commit.template [3ms]
[2022-02-26T06:03:03.680Z] > git symbolic-ref --short HEAD [9ms]
[2022-02-26T06:03:03.717Z] > git for-each-ref --format=%(refname)%00%(upstream:short)%00%(objectname)%00%(upstream:track) refs/heads/main refs/remotes/main [6ms]
[2022-02-26T06:03:03.767Z] > git remote --verbose [2ms]
[2022-02-26T06:03:03.768Z] > git for-each-ref --sort -committerdate --format %(refname) %(objectname) %(*objectname) [32ms]
[2022-02-26T06:03:03.798Z] > git config --get commit.template [7ms]
[2022-02-26T06:03:19.971Z] > git ls-files --stage -- /home/ricky/VS code/projects/Project2/test/index.html [3ms]
[2022-02-26T06:03:27.534Z] > git ls-files --stage -- /home/ricky/VS code/projects/Project2/test/style.css [3ms]
[2022-02-26T06:03:32.387Z] > git symbolic-ref --short HEAD [34ms]
[2022-02-26T06:03:32.418Z] > git for-each-ref --format=%(refname)%00%(upstream:short)%00%(objectname)%00%(upstream:track) refs/heads/main refs/remotes/main [1ms]
[2022-02-26T06:03:32.472Z] > git for-each-ref --sort -committerdate --format %(refname) %(objectname) %(*objectname) [36ms]
[2022-02-26T06:03:32.478Z] > git remote --verbose [8ms]
[2022-02-26T06:03:32.540Z] > git config --get commit.template [7ms]
[2022-02-26T06:03:37.587Z] > git symbolic-ref --short HEAD [3ms]
[2022-02-26T06:03:37.601Z] > git for-each-ref --format=%(refname)%00%(upstream:short)%00%(objectname)%00%(upstream:track) refs/heads/main refs/remotes/main [3ms]
[2022-02-26T06:03:37.633Z] > git remote --verbose [9ms]
[2022-02-26T06:03:37.633Z] > git for-each-ref --sort -committerdate --format %(refname) %(objectname) %(*objectname) [21ms]
[2022-02-26T06:03:37.655Z] > git config --get commit.template [2ms]
[2022-02-26T06:03:45.591Z] > git symbolic-ref --short HEAD [8ms]
[2022-02-26T06:03:45.649Z] > git for-each-ref --format=%(refname)%00%(upstream:short)%00%(objectname)%00%(upstream:track) refs/heads/main refs/remotes/main [13ms]
[2022-02-26T06:03:45.698Z] > git remote --verbose [3ms]
[2022-02-26T06:03:45.698Z] > git for-each-ref --sort -committerdate --format %(refname) %(objectname) %(*objectname) [16ms]
[2022-02-26T06:03:45.722Z] > git config --get commit.template [2ms]
[2022-02-26T06:05:15.205Z] > git symbolic-ref --short HEAD [8ms]
[2022-02-26T06:05:15.245Z] > git for-each-ref --format=%(refname)%00%(upstream:short)%00%(objectname)%00%(upstream:track) refs/heads/main refs/remotes/main [3ms]
[2022-02-26T06:05:15.296Z] > git for-each-ref --sort -committerdate --format %(refname) %(objectname) %(*objectname) [32ms]
[2022-02-26T06:05:15.298Z] > git remote --verbose [6ms]
[2022-02-26T06:05:15.354Z] > git config --get commit.template [4ms]
[2022-02-26T06:06:06.047Z] > git symbolic-ref --short HEAD [5ms]
[2022-02-26T06:06:06.088Z] > git for-each-ref --format=%(refname)%00%(upstream:short)%00%(objectname)%00%(upstream:track) refs/heads/main refs/remotes/main [8ms]
[2022-02-26T06:06:06.145Z] > git for-each-ref --sort -committerdate --format %(refname) %(objectname) %(*objectname) [25ms]
[2022-02-26T06:06:06.146Z] > git remote --verbose [3ms]
[2022-02-26T06:06:06.194Z] > git config --get commit.template [13ms]
[2022-02-26T06:06:46.859Z] > git symbolic-ref --short HEAD [10ms]
[2022-02-26T06:06:46.896Z] > git for-each-ref --format=%(refname)%00%(upstream:short)%00%(objectname)%00%(upstream:track) refs/heads/main refs/remotes/main [6ms]
[2022-02-26T06:06:46.943Z] > git for-each-ref --sort -committerdate --format %(refname) %(objectname) %(*objectname) [31ms]
[2022-02-26T06:06:46.944Z] > git remote --verbose [5ms]
[2022-02-26T06:06:46.974Z] > git config --get commit.template [4ms]
[2022-02-26T06:06:54.868Z] > git symbolic-ref --short HEAD [11ms]
[2022-02-26T06:06:54.947Z] > git for-each-ref --format=%(refname)%00%(upstream:short)%00%(objectname)%00%(upstream:track) refs/heads/main refs/remotes/main [8ms]
[2022-02-26T06:06:54.992Z] > git for-each-ref --sort -committerdate --format %(refname) %(objectname) %(*objectname) [12ms]
[2022-02-26T06:06:54.993Z] > git remote --verbose [2ms]
[2022-02-26T06:06:55.012Z] > git config --get commit.template [2ms]
[2022-02-26T06:07:36.627Z] > git symbolic-ref --short HEAD [7ms]
[2022-02-26T06:07:36.676Z] > git for-each-ref --format=%(refname)%00%(upstream:short)%00%(objectname)%00%(upstream:track) refs/heads/main refs/remotes/main [11ms]
[2022-02-26T06:07:36.750Z] > git for-each-ref --sort -committerdate --format %(refname) %(objectname) %(*objectname) [39ms]
[2022-02-26T06:07:36.751Z] > git remote --verbose [4ms]
[2022-02-26T06:07:36.777Z] > git config --get commit.template [4ms]
[2022-02-26T06:07:41.828Z] > git symbolic-ref --short HEAD [1ms]
[2022-02-26T06:07:41.840Z] > git for-each-ref --format=%(refname)%00%(upstream:short)%00%(objectname)%00%(upstream:track) refs/heads/main refs/remotes/main [2ms]
[2022-02-26T06:07:41.860Z] > git for-each-ref --sort -committerdate --format %(refname) %(objectname) %(*objectname) [10ms]
[2022-02-26T06:07:41.861Z] > git remote --verbose [2ms]
[2022-02-26T06:07:41.880Z] > git config --get commit.template [4ms]
[2022-02-26T06:07:46.923Z] > git symbolic-ref --short HEAD [2ms]
[2022-02-26T06:07:46.935Z] > git for-each-ref --format=%(refname)%00%(upstream:short)%00%(objectname)%00%(upstream:track) refs/heads/main refs/remotes/main [2ms]
[2022-02-26T06:07:46.956Z] > git for-each-ref --sort -committerdate --format %(refname) %(objectname) %(*objectname) [11ms]
[2022-02-26T06:07:46.956Z] > git remote --verbose [1ms]
[2022-02-26T06:07:46.976Z] > git config --get commit.template [3ms]
[2022-02-26T06:07:52.027Z] > git symbolic-ref --short HEAD [2ms]
[2022-02-26T06:07:52.039Z] > git for-each-ref --format=%(refname)%00%(upstream:short)%00%(objectname)%00%(upstream:track) refs/heads/main refs/remotes/main [2ms]
[2022-02-26T06:07:52.061Z] > git for-each-ref --sort -committerdate --format %(refname) %(objectname) %(*objectname) [10ms]
[2022-02-26T06:07:52.061Z] > git remote --verbose [1ms]
[2022-02-26T06:07:52.079Z] > git config --get commit.template [3ms]
[2022-02-26T06:07:57.127Z] > git symbolic-ref --short HEAD [1ms]
[2022-02-26T06:07:57.140Z] > git for-each-ref --format=%(refname)%00%(upstream:short)%00%(objectname)%00%(upstream:track) refs/heads/main refs/remotes/main [2ms]
[2022-02-26T06:07:57.161Z] > git for-each-ref --sort -committerdate --format %(refname) %(objectname) %(*objectname) [10ms]
[2022-02-26T06:07:57.161Z] > git remote --verbose [2ms]
[2022-02-26T06:07:57.185Z] > git config --get commit.template [6ms]
[2022-02-26T06:08:02.239Z] > git symbolic-ref --short HEAD [2ms]
[2022-02-26T06:08:02.252Z] > git for-each-ref --format=%(refname)%00%(upstream:short)%00%(objectname)%00%(upstream:track) refs/heads/main refs/remotes/main [2ms]
[2022-02-26T06:08:02.274Z] > git for-each-ref --sort -committerdate --format %(refname) %(objectname) %(*objectname) [12ms]
[2022-02-26T06:08:02.275Z] > git remote --verbose [2ms]
[2022-02-26T06:08:02.294Z] > git config --get commit.template [3ms]
[2022-02-26T06:08:18.797Z] > git symbolic-ref --short HEAD [8ms]
[2022-02-26T06:08:18.854Z] > git for-each-ref --format=%(refname)%00%(upstream:short)%00%(objectname)%00%(upstream:track) refs/heads/main refs/remotes/main [11ms]
[2022-02-26T06:08:18.913Z] > git for-each-ref --sort -committerdate --format %(refname) %(objectname) %(*objectname) [22ms]
[2022-02-26T06:08:18.914Z] > git remote --verbose [5ms]
[2022-02-26T06:08:18.939Z] > git config --get commit.template [3ms]
[2022-02-26T06:08:23.987Z] > git symbolic-ref --short HEAD [3ms]
[2022-02-26T06:08:24.000Z] > git for-each-ref --format=%(refname)%00%(upstream:short)%00%(objectname)%00%(upstream:track) refs/heads/main refs/remotes/main [3ms]
[2022-02-26T06:08:24.022Z] > git for-each-ref --sort -committerdate --format %(refname) %(objectname) %(*objectname) [12ms]
[2022-02-26T06:08:24.022Z] > git remote --verbose [2ms]
[2022-02-26T06:08:24.040Z] > git config --get commit.template [3ms]
[2022-02-26T06:08:51.615Z] > git symbolic-ref --short HEAD [6ms]
[2022-02-26T06:08:51.666Z] > git for-each-ref --format=%(refname)%00%(upstream:short)%00%(objectname)%00%(upstream:track) refs/heads/main refs/remotes/main [12ms]
[2022-02-26T06:08:51.712Z] > git for-each-ref --sort -committerdate --format %(refname) %(objectname) %(*objectname) [13ms]
[2022-02-26T06:08:51.713Z] > git remote --verbose [2ms]
[2022-02-26T06:08:51.735Z] > git config --get commit.template [4ms]
[2022-02-26T06:09:23.481Z] > git symbolic-ref --short HEAD [9ms]
[2022-02-26T06:09:23.530Z] > git for-each-ref --format=%(refname)%00%(upstream:short)%00%(objectname)%00%(upstream:track) refs/heads/main refs/remotes/main [8ms]
[2022-02-26T06:09:23.604Z] > git for-each-ref --sort -committerdate --format %(refname) %(objectname) %(*objectname) [21ms]
[2022-02-26T06:09:23.605Z] > git remote --verbose [2ms]
[2022-02-26T06:09:23.635Z] > git config --get commit.template [2ms]
[2022-02-26T06:09:29.043Z] > git symbolic-ref --short HEAD [9ms]
[2022-02-26T06:09:29.093Z] > git for-each-ref --format=%(refname)%00%(upstream:short)%00%(objectname)%00%(upstream:track) refs/heads/main refs/remotes/main [8ms]
[2022-02-26T06:09:29.173Z] > git for-each-ref --sort -committerdate --format %(refname) %(objectname) %(*objectname) [45ms]
[2022-02-26T06:09:29.179Z] > git remote --verbose [12ms]
[2022-02-26T06:09:29.216Z] > git config --get commit.template [6ms]
[2022-02-26T06:09:35.686Z] > git ls-files --stage -- /home/ricky/VS code/projects/Project2/test/index.html [2ms]
[2022-02-26T06:10:34.140Z] > git symbolic-ref --short HEAD [14ms]
[2022-02-26T06:10:34.204Z] > git for-each-ref --format=%(refname)%00%(upstream:short)%00%(objectname)%00%(upstream:track) refs/heads/main refs/remotes/main [4ms]
[2022-02-26T06:10:34.239Z] > git for-each-ref --sort -committerdate --format %(refname) %(objectname) %(*objectname) [14ms]
[2022-02-26T06:10:34.240Z] > git remote --verbose [5ms]
[2022-02-26T06:10:34.262Z] > git config --get commit.template [4ms]
[2022-02-26T06:10:40.516Z] > git symbolic-ref --short HEAD [15ms]
[2022-02-26T06:10:40.579Z] > git for-each-ref --format=%(refname)%00%(upstream:short)%00%(objectname)%00%(upstream:track) refs/heads/main refs/remotes/main [10ms]
[2022-02-26T06:10:40.683Z] > git for-each-ref --sort -committerdate --format %(refname) %(objectname) %(*objectname) [22ms]
[2022-02-26T06:10:40.684Z] > git remote --verbose [3ms]
[2022-02-26T06:10:40.711Z] > git config --get commit.template [2ms]
[2022-02-26T06:10:42.694Z] > git ls-files --stage -- /home/ricky/VS code/projects/Project2/test/style.css [3ms]
[2022-02-26T06:10:58.011Z] > git symbolic-ref --short HEAD [13ms]
[2022-02-26T06:10:58.098Z] > git for-each-ref --format=%(refname)%00%(upstream:short)%00%(objectname)%00%(upstream:track) refs/heads/main refs/remotes/main [21ms]
[2022-02-26T06:10:58.132Z] > git for-each-ref --sort -committerdate --format %(refname) %(objectname) %(*objectname) [18ms]
[2022-02-26T06:10:58.133Z] > git remote --verbose [3ms]
[2022-02-26T06:10:58.158Z] > git config --get commit.template [3ms]
[2022-02-26T06:11:05.320Z] > git symbolic-ref --short HEAD [9ms]
[2022-02-26T06:11:05.402Z] > git for-each-ref --format=%(refname)%00%(upstream:short)%00%(objectname)%00%(upstream:track) refs/heads/main refs/remotes/main [14ms]
[2022-02-26T06:11:05.497Z] > git for-each-ref --sort -committerdate --format %(refname) %(objectname) %(*objectname) [41ms]
[2022-02-26T06:11:05.498Z] > git remote --verbose [5ms]
[2022-02-26T06:11:05.529Z] > git config --get commit.template [3ms]
[2022-02-26T06:11:20.990Z] > git symbolic-ref --short HEAD [10ms]
[2022-02-26T06:11:21.041Z] > git for-each-ref --format=%(refname)%00%(upstream:short)%00%(objectname)%00%(upstream:track) refs/heads/main refs/remotes/main [10ms]
[2022-02-26T06:11:21.108Z] > git for-each-ref --sort -committerdate --format %(refname) %(objectname) %(*objectname) [33ms]
[2022-02-26T06:11:21.113Z] > git remote --verbose [7ms]
[2022-02-26T06:11:21.143Z] > git config --get commit.template [3ms]
[2022-02-26T06:11:30.257Z] > git symbolic-ref --short HEAD [9ms]
[2022-02-26T06:11:30.315Z] > git for-each-ref --format=%(refname)%00%(upstream:short)%00%(objectname)%00%(upstream:track) refs/heads/main refs/remotes/main [17ms]
[2022-02-26T06:11:30.415Z] > git for-each-ref --sort -committerdate --format %(refname) %(objectname) %(*objectname) [63ms]
[2022-02-26T06:11:30.427Z] > git remote --verbose [20ms]
[2022-02-26T06:11:30.463Z] > git config --get commit.template [3ms]
[2022-02-26T06:11:35.510Z] > git symbolic-ref --short HEAD [2ms]
[2022-02-26T06:11:35.523Z] > git for-each-ref --format=%(refname)%00%(upstream:short)%00%(objectname)%00%(upstream:track) refs/heads/main refs/remotes/main [2ms]
[2022-02-26T06:11:35.544Z] > git for-each-ref --sort -committerdate --format %(refname) %(objectname) %(*objectname) [12ms]
[2022-02-26T06:11:35.545Z] > git remote --verbose [2ms]
[2022-02-26T06:11:35.564Z] > git config --get commit.template [3ms]
[2022-02-26T06:11:40.609Z] > git symbolic-ref --short HEAD [2ms]
[2022-02-26T06:11:40.622Z] > git for-each-ref --format=%(refname)%00%(upstream:short)%00%(objectname)%00%(upstream:track) refs/heads/main refs/remotes/main [2ms]
[2022-02-26T06:11:40.646Z] > git for-each-ref --sort -committerdate --format %(refname) %(objectname) %(*objectname) [14ms]
[2022-02-26T06:11:40.647Z] > git remote --verbose [2ms]
[2022-02-26T06:11:40.666Z] > git config --get commit.template [1ms]
[2022-02-26T06:11:45.963Z] > git symbolic-ref --short HEAD [16ms]
[2022-02-26T06:11:46.040Z] > git for-each-ref --format=%(refname)%00%(upstream:short)%00%(objectname)%00%(upstream:track) refs/heads/main refs/remotes/main [5ms]
[2022-02-26T06:11:46.126Z] > git remote --verbose [3ms]
[2022-02-26T06:11:46.127Z] > git for-each-ref --sort -committerdate --format %(refname) %(objectname) %(*objectname) [44ms]
[2022-02-26T06:11:46.148Z] > git config --get commit.template [2ms]
[2022-02-26T06:11:53.452Z] > git symbolic-ref --short HEAD [9ms]
[2022-02-26T06:11:53.503Z] > git for-each-ref --format=%(refname)%00%(upstream:short)%00%(objectname)%00%(upstream:track) refs/heads/main refs/remotes/main [8ms]
[2022-02-26T06:11:53.585Z] > git for-each-ref --sort -committerdate --format %(refname) %(objectname) %(*objectname) [38ms]
[2022-02-26T06:11:53.594Z] > git remote --verbose [15ms]
[2022-02-26T06:11:53.619Z] > git config --get commit.template [5ms]
[2022-02-26T06:12:04.987Z] > git symbolic-ref --short HEAD [8ms]
[2022-02-26T06:12:05.067Z] > git for-each-ref --format=%(refname)%00%(upstream:short)%00%(objectname)%00%(upstream:track) refs/heads/main refs/remotes/main [12ms]
[2022-02-26T06:12:05.133Z] > git for-each-ref --sort -committerdate --format %(refname) %(objectname) %(*objectname) [31ms]
[2022-02-26T06:12:05.135Z] > git remote --verbose [6ms]
[2022-02-26T06:12:05.156Z] > git config --get commit.template [3ms]
[2022-02-26T06:12:13.864Z] > git symbolic-ref --short HEAD [12ms]
[2022-02-26T06:12:13.925Z] > git for-each-ref --format=%(refname)%00%(upstream:short)%00%(objectname)%00%(upstream:track) refs/heads/main refs/remotes/main [3ms]
[2022-02-26T06:12:13.980Z] > git for-each-ref --sort -committerdate --format %(refname) %(objectname) %(*objectname) [18ms]
[2022-02-26T06:12:13.981Z] > git remote --verbose [3ms]
[2022-02-26T06:12:14.008Z] > git config --get commit.template [3ms]
[2022-02-26T06:12:28.632Z] > git symbolic-ref --short HEAD [8ms]
[2022-02-26T06:12:28.684Z] > git for-each-ref --format=%(refname)%00%(upstream:short)%00%(objectname)%00%(upstream:track) refs/heads/main refs/remotes/main [12ms]
[2022-02-26T06:12:28.731Z] > git for-each-ref --sort -committerdate --format %(refname) %(objectname) %(*objectname) [22ms]
[2022-02-26T06:12:28.733Z] > git remote --verbose [4ms]
[2022-02-26T06:12:28.757Z] > git config --get commit.template [2ms]
[2022-02-26T06:12:36.647Z] > git symbolic-ref --short HEAD [9ms]
[2022-02-26T06:12:36.717Z] > git for-each-ref --format=%(refname)%00%(upstream:short)%00%(objectname)%00%(upstream:track) refs/heads/main refs/remotes/main [13ms]
[2022-02-26T06:12:36.793Z] > git for-each-ref --sort -committerdate --format %(refname) %(objectname) %(*objectname) [38ms]
[2022-02-26T06:12:36.799Z] > git remote --verbose [10ms]
[2022-02-26T06:12:36.835Z] > git config --get commit.template [4ms]
[2022-02-26T06:12:41.890Z] > git symbolic-ref --short HEAD [1ms]
[2022-02-26T06:12:41.908Z] > git for-each-ref --format=%(refname)%00%(upstream:short)%00%(objectname)%00%(upstream:track) refs/heads/main refs/remotes/main [3ms]
[2022-02-26T06:12:41.932Z] > git for-each-ref --sort -committerdate --format %(refname) %(objectname) %(*objectname) [12ms]
[2022-02-26T06:12:41.933Z] > git remote --verbose [2ms]
[2022-02-26T06:12:41.952Z] > git config --get commit.template [3ms]
[2022-02-26T06:12:47.606Z] > git symbolic-ref --short HEAD [3ms]
[2022-02-26T06:12:47.664Z] > git for-each-ref --format=%(refname)%00%(upstream:short)%00%(objectname)%00%(upstream:track) refs/heads/main refs/remotes/main [13ms]
[2022-02-26T06:12:47.738Z] > git for-each-ref --sort -committerdate --format %(refname) %(objectname) %(*objectname) [35ms]
[2022-02-26T06:12:47.739Z] > git remote --verbose [3ms]
[2022-02-26T06:12:47.765Z] > git config --get commit.template [4ms]
[2022-02-26T06:12:52.818Z] > git symbolic-ref --short HEAD [3ms]
[2022-02-26T06:12:52.830Z] > git for-each-ref --format=%(refname)%00%(upstream:short)%00%(objectname)%00%(upstream:track) refs/heads/main refs/remotes/main [3ms]
[2022-02-26T06:12:52.858Z] > git for-each-ref --sort -committerdate --format %(refname) %(objectname) %(*objectname) [15ms]
[2022-02-26T06:12:52.859Z] > git remote --verbose [3ms]
[2022-02-26T06:12:52.911Z] > git config --get commit.template [33ms]
[2022-02-26T06:12:58.606Z] > git symbolic-ref --short HEAD [7ms]
[2022-02-26T06:12:58.669Z] > git for-each-ref --format=%(refname)%00%(upstream:short)%00%(objectname)%00%(upstream:track) refs/heads/main refs/remotes/main [4ms]
[2022-02-26T06:12:58.700Z] > git for-each-ref --sort -committerdate --format %(refname) %(objectname) %(*objectname) [15ms]
[2022-02-26T06:12:58.700Z] > git remote --verbose [2ms]
[2022-02-26T06:12:58.720Z] > git config --get commit.template [4ms]
[2022-02-26T06:13:12.633Z] > git symbolic-ref --short HEAD [9ms]
[2022-02-26T06:13:12.718Z] > git for-each-ref --format=%(refname)%00%(upstream:short)%00%(objectname)%00%(upstream:track) refs/heads/main refs/remotes/main [13ms]
[2022-02-26T06:13:12.764Z] > git for-each-ref --sort -committerdate --format %(refname) %(objectname) %(*objectname) [21ms]
[2022-02-26T06:13:12.765Z] > git remote --verbose [4ms]
[2022-02-26T06:13:12.792Z] > git config --get commit.template [2ms]
[2022-02-26T06:13:19.770Z] > git ls-files --stage -- /home/ricky/VS code/projects/Project2/test/index.html [2ms]
[2022-02-26T06:14:06.933Z] > git symbolic-ref --short HEAD [18ms]
[2022-02-26T06:14:06.963Z] > git for-each-ref --format=%(refname)%00%(upstream:short)%00%(objectname)%00%(upstream:track) refs/heads/main refs/remotes/main [5ms]
[2022-02-26T06:14:07.011Z] > git for-each-ref --sort -committerdate --format %(refname) %(objectname) %(*objectname) [26ms]
[2022-02-26T06:14:07.021Z] > git remote --verbose [14ms]
[2022-02-26T06:14:07.064Z] > git config --get commit.template [8ms]
[2022-02-26T06:14:12.120Z] > git symbolic-ref --short HEAD [1ms]
[2022-02-26T06:14:12.134Z] > git for-each-ref --format=%(refname)%00%(upstream:short)%00%(objectname)%00%(upstream:track) refs/heads/main refs/remotes/main [1ms]
[2022-02-26T06:14:12.154Z] > git for-each-ref --sort -committerdate --format %(refname) %(objectname) %(*objectname) [11ms]
[2022-02-26T06:14:12.155Z] > git remote --verbose [2ms]
[2022-02-26T06:14:12.173Z] > git config --get commit.template [2ms]
[2022-02-26T06:14:17.215Z] > git symbolic-ref --short HEAD [1ms]
[2022-02-26T06:14:17.227Z] > git for-each-ref --format=%(refname)%00%(upstream:short)%00%(objectname)%00%(upstream:track) refs/heads/main refs/remotes/main [2ms]
[2022-02-26T06:14:17.249Z] > git for-each-ref --sort -committerdate --format %(refname) %(objectname) %(*objectname) [12ms]
[2022-02-26T06:14:17.250Z] > git remote --verbose [2ms]
[2022-02-26T06:14:17.268Z] > git config --get commit.template [3ms]
[2022-02-26T06:14:28.255Z] > git symbolic-ref --short HEAD [15ms]
[2022-02-26T06:14:28.339Z] > git for-each-ref --format=%(refname)%00%(upstream:short)%00%(objectname)%00%(upstream:track) refs/heads/main refs/remotes/main [6ms]
[2022-02-26T06:14:28.383Z] > git remote --verbose [3ms]
[2022-02-26T06:14:28.384Z] > git for-each-ref --sort -committerdate --format %(refname) %(objectname) %(*objectname) [23ms]
[2022-02-26T06:14:28.412Z] > git config --get commit.template [5ms]
[2022-02-26T06:14:39.398Z] > git symbolic-ref --short HEAD [3ms]
[2022-02-26T06:14:39.410Z] > git for-each-ref --format=%(refname)%00%(upstream:short)%00%(objectname)%00%(upstream:track) refs/heads/main refs/remotes/main [3ms]
[2022-02-26T06:14:39.432Z] > git for-each-ref --sort -committerdate --format %(refname) %(objectname) %(*objectname) [12ms]
[2022-02-26T06:14:39.433Z] > git remote --verbose [2ms]
[2022-02-26T06:14:39.453Z] > git config --get commit.template [4ms]
[2022-02-26T06:14:53.097Z] > git ls-files --stage -- /home/ricky/VS code/projects/Project2/test/style.css [5ms]
[2022-02-26T06:15:19.235Z] > git symbolic-ref --short HEAD [2ms]
[2022-02-26T06:15:19.254Z] > git for-each-ref --format=%(refname)%00%(upstream:short)%00%(objectname)%00%(upstream:track) refs/heads/main refs/remotes/main [3ms]
[2022-02-26T06:15:19.288Z] > git for-each-ref --sort -committerdate --format %(refname) %(objectname) %(*objectname) [17ms]
[2022-02-26T06:15:19.288Z] > git remote --verbose [2ms]
[2022-02-26T06:15:19.311Z] > git config --get commit.template [4ms]
[2022-02-26T06:15:29.929Z] > git symbolic-ref --short HEAD [8ms]
[2022-02-26T06:15:30.009Z] > git for-each-ref --format=%(refname)%00%(upstream:short)%00%(objectname)%00%(upstream:track) refs/heads/main refs/remotes/main [28ms]
[2022-02-26T06:15:30.075Z] > git for-each-ref --sort -committerdate --format %(refname) %(objectname) %(*objectname) [26ms]
[2022-02-26T06:15:30.076Z] > git remote --verbose [5ms]
[2022-02-26T06:15:30.100Z] > git config --get commit.template [3ms]
