["INFO" - 11:08:13 am] Extension Name: esbenp.prettier-vscode.
["INFO" - 11:08:13 am] Extension Version: 9.3.0.
["INFO" - 11:21:20 am] Formatting file:///home/ricky/VS%20code/projects/Project2/test/index.html
["INFO" - 11:21:20 am] Using ignore file (if present) at /home/ricky/VS code/projects/Project2/.prettierignore
["INFO" - 11:21:20 am] File Info:
{
  "ignored": false,
  "inferredParser": "html"
}
["INFO" - 11:21:20 am] No local configuration (i.e. .prettierrc or .editorconfig) detected, falling back to VS Code configuration
["INFO" - 11:21:20 am] Prettier Options:
{
  "arrowParens": "always",
  "bracketSpacing": true,
  "endOfLine": "lf",
  "htmlWhitespaceSensitivity": "css",
  "insertPragma": false,
  "jsxBracketSameLine": false,
  "jsxSingleQuote": false,
  "printWidth": 80,
  "proseWrap": "preserve",
  "quoteProps": "as-needed",
  "requirePragma": false,
  "semi": true,
  "singleQuote": false,
  "tabWidth": 2,
  "trailingComma": "es5",
  "useTabs": false,
  "vueIndentScriptAndStyle": false,
  "filepath": "/home/ricky/VS code/projects/Project2/test/index.html",
  "parser": "html"
}
["INFO" - 11:21:20 am] Formatting completed in 0.21ms.
