00:00:00.015237 main     VirtualBox XPCOM Server 6.1.32 r149290 linux.amd64 (Feb 10 2022 14:02:19) release log
00:00:00.015244 main     Log opened 2022-02-21T05:49:44.458842000Z
00:00:00.015246 main     Build Type: release
00:00:00.015251 main     OS Product: Linux
00:00:00.015255 main     OS Release: 5.16.8-arch1-1
00:00:00.015259 main     OS Version: #1 SMP PREEMPT Tue, 08 Feb 2022 21:21:08 +0000
00:00:00.015327 main     DMI Product Name: Vostro 3546
00:00:00.015353 main     DMI Product Version: Not Specified
00:00:00.015370 main     Firmware type: BIOS
00:00:00.015459 main     Host RAM: 7854MB (7.6GB) total, 6871MB (6.7GB) available
00:00:00.015468 main     Executable: /usr/lib/virtualbox/VBoxSVC
00:00:00.015470 main     Process ID: 3847
00:00:00.015472 main     Package type: LINUX_64BITS_GENERIC (OSE)
00:00:00.019379 main     IPC socket path: /tmp/.vbox-ricky-ipc/ipcd
00:00:00.151132 nspr-2   VirtualBox: object creation starts
00:00:00.151238 nspr-2   Home directory: '/home/ricky/.config/VirtualBox'
00:00:00.153694 nspr-2   Loading settings file "/home/ricky/.config/VirtualBox/VirtualBox.xml" with version "1.12-linux"
00:00:00.249848 nspr-2   NetIfAdpCtlOut: VBoxNetAdpCtl: Error while retrieving link speed for wlan0: VBoxNetAdpCtl: ioctl failed: Operation not supported
00:00:00.250977 nspr-2   HostDnsMonitor: initializing
00:00:00.251226 nspr-2   NAT: resolv.conf: nameserver 192.168.29.1
00:00:00.251242 nspr-2   NAT: resolv.conf: nameserver 2405:201:a407:3062::c0a8:1d01
00:00:00.251255 nspr-2   HostDnsMonitor: updating information
00:00:00.251274 nspr-2   HostDnsMonitor: old information
00:00:00.251278 nspr-2     no server entries
00:00:00.251282 nspr-2     no domain set
00:00:00.251285 nspr-2     no search string entries
00:00:00.251289 nspr-2   HostDnsMonitor: new information
00:00:00.251293 nspr-2     server 1: 192.168.29.1
00:00:00.251321 nspr-2     server 2: 2405:201:a407:3062::c0a8:1d01
00:00:00.251327 nspr-2     no domain set
00:00:00.251332 nspr-2     no search string entries
00:00:00.299055 nspr-2   VD: VDInit finished with VINF_SUCCESS
00:00:00.301365 nspr-2   ERROR [COM]: aRC=NS_ERROR_FAILURE (0x80004005) aIID={027bc463-929c-40e8-bf16-fea557cd8e7e} aComponent={SystemPropertiesWrap} aText={Cannot determine default Guest Additions ISO location. Most likely they are not available}, preserve=false aResultDetail=0
00:00:00.312896 nspr-2   VirtualBox: object created
00:01:23.327652 createBase Saving settings file "/home/ricky/.config/VirtualBox/VirtualBox.xml" with version "1.12-linux"
00:01:23.376294 nspr-4   Saving settings file "/home/ricky/VirtualBox VMs/Arch/Arch.vbox" with version "1.16-linux"
00:01:23.379622 nspr-3   WARNING [COM]: aRC=NS_ERROR_FAILURE (0x80004005) aIID={16ced992-5fdc-4aba-aff5-6a39bbd7c38b} aComponent={HostWrap} aText={VirtualBox is not currently allowed to access USB devices.  You can change this by adding your user to the 'vboxusers' group.  Please see the user manual for a more detailed explanation}, preserve=true  aResultDetail=0
00:01:23.382094 nspr-3   Saving settings file "/home/ricky/VirtualBox VMs/Arch/Arch.vbox" with version "1.16-linux"
00:01:23.385245 nspr-3   Saving settings file "/home/ricky/.config/VirtualBox/VirtualBox.xml" with version "1.12-linux"
00:01:23.396017 nspr-3   Saving settings file "/home/ricky/.config/VirtualBox/VirtualBox.xml" with version "1.12-linux"
00:01:23.401127 nspr-4   Saving settings file "/home/ricky/VirtualBox VMs/Arch/Arch.vbox" with version "1.16-linux"
00:01:23.814135 nspr-3   WARNING [COM]: aRC=NS_ERROR_FAILURE (0x80004005) aIID={16ced992-5fdc-4aba-aff5-6a39bbd7c38b} aComponent={HostWrap} aText={VirtualBox is not currently allowed to access USB devices.  You can change this by adding your user to the 'vboxusers' group.  Please see the user manual for a more detailed explanation}, preserve=true  aResultDetail=0
00:01:24.137383 nspr-4   WARNING [COM]: aRC=NS_ERROR_FAILURE (0x80004005) aIID={16ced992-5fdc-4aba-aff5-6a39bbd7c38b} aComponent={HostWrap} aText={VirtualBox is not currently allowed to access USB devices.  You can change this by adding your user to the 'vboxusers' group.  Please see the user manual for a more detailed explanation}, preserve=true  aResultDetail=0
00:01:24.140241 nspr-4   WARNING [COM]: aRC=NS_ERROR_FAILURE (0x80004005) aIID={16ced992-5fdc-4aba-aff5-6a39bbd7c38b} aComponent={HostWrap} aText={VirtualBox is not currently allowed to access USB devices.  You can change this by adding your user to the 'vboxusers' group.  Please see the user manual for a more detailed explanation}, preserve=true  aResultDetail=0
00:01:28.041314 nspr-4   WARNING [COM]: aRC=NS_ERROR_FAILURE (0x80004005) aIID={16ced992-5fdc-4aba-aff5-6a39bbd7c38b} aComponent={HostWrap} aText={VirtualBox is not currently allowed to access USB devices.  You can change this by adding your user to the 'vboxusers' group.  Please see the user manual for a more detailed explanation}, preserve=true  aResultDetail=0
00:01:29.244180 nspr-4   NetIfAdpCtlOut: VBoxNetAdpCtl: Error while retrieving link speed for wlan0: VBoxNetAdpCtl: ioctl failed: Operation not supported
00:01:29.271456 nspr-4   NetIfAdpCtlOut: VBoxNetAdpCtl: Error while retrieving link speed for wlan0: VBoxNetAdpCtl: ioctl failed: Operation not supported
00:01:29.309702 nspr-3   WARNING [COM]: aRC=NS_ERROR_FAILURE (0x80004005) aIID={16ced992-5fdc-4aba-aff5-6a39bbd7c38b} aComponent={HostWrap} aText={VirtualBox is not currently allowed to access USB devices.  You can change this by adding your user to the 'vboxusers' group.  Please see the user manual for a more detailed explanation}, preserve=true  aResultDetail=0
00:01:29.310911 nspr-4   WARNING [COM]: aRC=NS_ERROR_FAILURE (0x80004005) aIID={16ced992-5fdc-4aba-aff5-6a39bbd7c38b} aComponent={HostWrap} aText={VirtualBox is not currently allowed to access USB devices.  You can change this by adding your user to the 'vboxusers' group.  Please see the user manual for a more detailed explanation}, preserve=true  aResultDetail=0
00:01:29.544527 nspr-3   WARNING [COM]: aRC=NS_ERROR_FAILURE (0x80004005) aIID={16ced992-5fdc-4aba-aff5-6a39bbd7c38b} aComponent={HostWrap} aText={VirtualBox is not currently allowed to access USB devices.  You can change this by adding your user to the 'vboxusers' group.  Please see the user manual for a more detailed explanation}, preserve=true  aResultDetail=0
00:01:29.546977 nspr-3   WARNING [COM]: aRC=NS_ERROR_FAILURE (0x80004005) aIID={16ced992-5fdc-4aba-aff5-6a39bbd7c38b} aComponent={HostWrap} aText={VirtualBox is not currently allowed to access USB devices.  You can change this by adding your user to the 'vboxusers' group.  Please see the user manual for a more detailed explanation}, preserve=true  aResultDetail=0
00:02:09.532401 nspr-2   Launched VM: 3892376656 pid: 4328 (0x10e8) frontend: GUI/Qt name: Arch
00:02:09.618445 nspr-3   WARNING [COM]: aRC=NS_ERROR_FAILURE (0x80004005) aIID={16ced992-5fdc-4aba-aff5-6a39bbd7c38b} aComponent={HostWrap} aText={VirtualBox is not currently allowed to access USB devices.  You can change this by adding your user to the 'vboxusers' group.  Please see the user manual for a more detailed explanation}, preserve=true  aResultDetail=0
00:02:09.620885 nspr-3   WARNING [COM]: aRC=NS_ERROR_FAILURE (0x80004005) aIID={16ced992-5fdc-4aba-aff5-6a39bbd7c38b} aComponent={HostWrap} aText={VirtualBox is not currently allowed to access USB devices.  You can change this by adding your user to the 'vboxusers' group.  Please see the user manual for a more detailed explanation}, preserve=true  aResultDetail=0
00:02:10.022096 nspr-6   WARNING [COM]: aRC=NS_ERROR_FAILURE (0x80004005) aIID={16ced992-5fdc-4aba-aff5-6a39bbd7c38b} aComponent={HostWrap} aText={VirtualBox is not currently allowed to access USB devices.  You can change this by adding your user to the 'vboxusers' group.  Please see the user manual for a more detailed explanation}, preserve=true  aResultDetail=0
00:02:10.024513 nspr-6   WARNING [COM]: aRC=NS_ERROR_FAILURE (0x80004005) aIID={16ced992-5fdc-4aba-aff5-6a39bbd7c38b} aComponent={HostWrap} aText={VirtualBox is not currently allowed to access USB devices.  You can change this by adding your user to the 'vboxusers' group.  Please see the user manual for a more detailed explanation}, preserve=true  aResultDetail=0
00:02:11.154439 nspr-2   WARNING [COM]: aRC=NS_ERROR_FAILURE (0x80004005) aIID={16ced992-5fdc-4aba-aff5-6a39bbd7c38b} aComponent={HostWrap} aText={VirtualBox is not currently allowed to access USB devices.  You can change this by adding your user to the 'vboxusers' group.  Please see the user manual for a more detailed explanation}, preserve=true  aResultDetail=0
00:02:11.156390 nspr-3   WARNING [COM]: aRC=NS_ERROR_FAILURE (0x80004005) aIID={16ced992-5fdc-4aba-aff5-6a39bbd7c38b} aComponent={HostWrap} aText={VirtualBox is not currently allowed to access USB devices.  You can change this by adding your user to the 'vboxusers' group.  Please see the user manual for a more detailed explanation}, preserve=true  aResultDetail=0
00:02:11.156883 nspr-3   ERROR [COM]: aRC=VBOX_E_OBJECT_NOT_FOUND (0x80bb0001) aIID={70401eef-c8e9-466b-9660-45cb3e9979e4} aComponent={ExtPackManagerWrap} aText={No extension pack by the name 'Oracle VM VirtualBox Extension Pack' was found}, preserve=false aResultDetail=0
00:02:11.230303 nspr-2   WARNING [COM]: aRC=NS_ERROR_FAILURE (0x80004005) aIID={16ced992-5fdc-4aba-aff5-6a39bbd7c38b} aComponent={HostWrap} aText={VirtualBox is not currently allowed to access USB devices.  You can change this by adding your user to the 'vboxusers' group.  Please see the user manual for a more detailed explanation}, preserve=true  aResultDetail=0
00:02:11.231801 nspr-3   WARNING [COM]: aRC=NS_ERROR_FAILURE (0x80004005) aIID={16ced992-5fdc-4aba-aff5-6a39bbd7c38b} aComponent={HostWrap} aText={VirtualBox is not currently allowed to access USB devices.  You can change this by adding your user to the 'vboxusers' group.  Please see the user manual for a more detailed explanation}, preserve=true  aResultDetail=0
00:02:11.270593 nspr-3   ERROR [COM]: aRC=VBOX_E_IPRT_ERROR (0x80bb0005) aIID={85632c68-b5bb-4316-a900-5eb28d3413df} aComponent={SessionMachine} aText={Saved screenshot data is not available (VERR_NOT_SUPPORTED)}, preserve=false aResultDetail=-37
00:02:11.312430 nspr-2   NetIfAdpCtlOut: VBoxNetAdpCtl: Error while retrieving link speed for wlan0: VBoxNetAdpCtl: ioctl failed: Operation not supported
00:02:27.273941 nspr-3   Saving settings file "/home/ricky/.config/VirtualBox/VirtualBox.xml" with version "1.12-linux"
00:02:27.283290 nspr-3   Saving settings file "/home/ricky/.config/VirtualBox/VirtualBox.xml" with version "1.12-linux"
00:02:31.632734 nspr-5   Saving settings file "/home/ricky/.config/VirtualBox/VirtualBox.xml" with version "1.12-linux"
00:02:31.636108 nspr-3   Saving settings file "/home/ricky/VirtualBox VMs/Arch/Arch.vbox" with version "1.16-linux"
00:02:31.754631 nspr-4   WARNING [COM]: aRC=NS_ERROR_FAILURE (0x80004005) aIID={16ced992-5fdc-4aba-aff5-6a39bbd7c38b} aComponent={HostWrap} aText={VirtualBox is not currently allowed to access USB devices.  You can change this by adding your user to the 'vboxusers' group.  Please see the user manual for a more detailed explanation}, preserve=true  aResultDetail=0
00:02:31.814253 nspr-6   WARNING [COM]: aRC=NS_ERROR_FAILURE (0x80004005) aIID={16ced992-5fdc-4aba-aff5-6a39bbd7c38b} aComponent={HostWrap} aText={VirtualBox is not currently allowed to access USB devices.  You can change this by adding your user to the 'vboxusers' group.  Please see the user manual for a more detailed explanation}, preserve=true  aResultDetail=0
00:02:31.817674 nspr-3   WARNING [COM]: aRC=NS_ERROR_FAILURE (0x80004005) aIID={16ced992-5fdc-4aba-aff5-6a39bbd7c38b} aComponent={HostWrap} aText={VirtualBox is not currently allowed to access USB devices.  You can change this by adding your user to the 'vboxusers' group.  Please see the user manual for a more detailed explanation}, preserve=true  aResultDetail=0
00:02:32.630067 nspr-4   WARNING [COM]: aRC=NS_ERROR_FAILURE (0x80004005) aIID={16ced992-5fdc-4aba-aff5-6a39bbd7c38b} aComponent={HostWrap} aText={VirtualBox is not currently allowed to access USB devices.  You can change this by adding your user to the 'vboxusers' group.  Please see the user manual for a more detailed explanation}, preserve=true  aResultDetail=0
00:02:32.632212 nspr-6   WARNING [COM]: aRC=NS_ERROR_FAILURE (0x80004005) aIID={16ced992-5fdc-4aba-aff5-6a39bbd7c38b} aComponent={HostWrap} aText={VirtualBox is not currently allowed to access USB devices.  You can change this by adding your user to the 'vboxusers' group.  Please see the user manual for a more detailed explanation}, preserve=true  aResultDetail=0
01:21:31.929950 nspr-4   Saving settings file "/home/ricky/VirtualBox VMs/Arch/Arch.vbox" with version "1.16-linux"
01:21:31.978823 nspr-7   Saving settings file "/home/ricky/VirtualBox VMs/Arch/Arch.vbox" with version "1.16-linux"
01:21:32.034799 nspr-3   Saving settings file "/home/ricky/VirtualBox VMs/Arch/Arch.vbox" with version "1.16-linux"
01:21:32.129350 nspr-6   WARNING [COM]: aRC=NS_ERROR_FAILURE (0x80004005) aIID={16ced992-5fdc-4aba-aff5-6a39bbd7c38b} aComponent={HostWrap} aText={VirtualBox is not currently allowed to access USB devices.  You can change this by adding your user to the 'vboxusers' group.  Please see the user manual for a more detailed explanation}, preserve=true  aResultDetail=0
01:21:32.131885 nspr-5   WARNING [COM]: aRC=NS_ERROR_FAILURE (0x80004005) aIID={16ced992-5fdc-4aba-aff5-6a39bbd7c38b} aComponent={HostWrap} aText={VirtualBox is not currently allowed to access USB devices.  You can change this by adding your user to the 'vboxusers' group.  Please see the user manual for a more detailed explanation}, preserve=true  aResultDetail=0
01:21:32.503683 nspr-8   WARNING [COM]: aRC=NS_ERROR_FAILURE (0x80004005) aIID={16ced992-5fdc-4aba-aff5-6a39bbd7c38b} aComponent={HostWrap} aText={VirtualBox is not currently allowed to access USB devices.  You can change this by adding your user to the 'vboxusers' group.  Please see the user manual for a more detailed explanation}, preserve=true  aResultDetail=0
01:21:32.505514 nspr-7   WARNING [COM]: aRC=NS_ERROR_FAILURE (0x80004005) aIID={16ced992-5fdc-4aba-aff5-6a39bbd7c38b} aComponent={HostWrap} aText={VirtualBox is not currently allowed to access USB devices.  You can change this by adding your user to the 'vboxusers' group.  Please see the user manual for a more detailed explanation}, preserve=true  aResultDetail=0
01:22:08.894486 nspr-7   Launched VM: 3154129008 pid: 6112 (0x17e0) frontend: GUI/Qt name: Arch
01:22:09.078813 nspr-4   WARNING [COM]: aRC=NS_ERROR_FAILURE (0x80004005) aIID={16ced992-5fdc-4aba-aff5-6a39bbd7c38b} aComponent={HostWrap} aText={VirtualBox is not currently allowed to access USB devices.  You can change this by adding your user to the 'vboxusers' group.  Please see the user manual for a more detailed explanation}, preserve=true  aResultDetail=0
01:22:09.083046 nspr-4   WARNING [COM]: aRC=NS_ERROR_FAILURE (0x80004005) aIID={16ced992-5fdc-4aba-aff5-6a39bbd7c38b} aComponent={HostWrap} aText={VirtualBox is not currently allowed to access USB devices.  You can change this by adding your user to the 'vboxusers' group.  Please see the user manual for a more detailed explanation}, preserve=true  aResultDetail=0
01:22:09.520140 nspr-7   WARNING [COM]: aRC=NS_ERROR_FAILURE (0x80004005) aIID={16ced992-5fdc-4aba-aff5-6a39bbd7c38b} aComponent={HostWrap} aText={VirtualBox is not currently allowed to access USB devices.  You can change this by adding your user to the 'vboxusers' group.  Please see the user manual for a more detailed explanation}, preserve=true  aResultDetail=0
01:22:09.523010 nspr-6   WARNING [COM]: aRC=NS_ERROR_FAILURE (0x80004005) aIID={16ced992-5fdc-4aba-aff5-6a39bbd7c38b} aComponent={HostWrap} aText={VirtualBox is not currently allowed to access USB devices.  You can change this by adding your user to the 'vboxusers' group.  Please see the user manual for a more detailed explanation}, preserve=true  aResultDetail=0
01:22:10.779491 nspr-3   WARNING [COM]: aRC=NS_ERROR_FAILURE (0x80004005) aIID={16ced992-5fdc-4aba-aff5-6a39bbd7c38b} aComponent={HostWrap} aText={VirtualBox is not currently allowed to access USB devices.  You can change this by adding your user to the 'vboxusers' group.  Please see the user manual for a more detailed explanation}, preserve=true  aResultDetail=0
01:22:10.781287 nspr-4   WARNING [COM]: aRC=NS_ERROR_FAILURE (0x80004005) aIID={16ced992-5fdc-4aba-aff5-6a39bbd7c38b} aComponent={HostWrap} aText={VirtualBox is not currently allowed to access USB devices.  You can change this by adding your user to the 'vboxusers' group.  Please see the user manual for a more detailed explanation}, preserve=true  aResultDetail=0
01:22:10.781786 nspr-4   ERROR [COM]: aRC=VBOX_E_OBJECT_NOT_FOUND (0x80bb0001) aIID={70401eef-c8e9-466b-9660-45cb3e9979e4} aComponent={ExtPackManagerWrap} aText={No extension pack by the name 'Oracle VM VirtualBox Extension Pack' was found}, preserve=false aResultDetail=0
01:22:10.867121 nspr-7   WARNING [COM]: aRC=NS_ERROR_FAILURE (0x80004005) aIID={16ced992-5fdc-4aba-aff5-6a39bbd7c38b} aComponent={HostWrap} aText={VirtualBox is not currently allowed to access USB devices.  You can change this by adding your user to the 'vboxusers' group.  Please see the user manual for a more detailed explanation}, preserve=true  aResultDetail=0
01:22:10.868429 nspr-4   WARNING [COM]: aRC=NS_ERROR_FAILURE (0x80004005) aIID={16ced992-5fdc-4aba-aff5-6a39bbd7c38b} aComponent={HostWrap} aText={VirtualBox is not currently allowed to access USB devices.  You can change this by adding your user to the 'vboxusers' group.  Please see the user manual for a more detailed explanation}, preserve=true  aResultDetail=0
01:22:10.906945 nspr-3   ERROR [COM]: aRC=VBOX_E_IPRT_ERROR (0x80bb0005) aIID={85632c68-b5bb-4316-a900-5eb28d3413df} aComponent={SessionMachine} aText={Saved screenshot data is not available (VERR_NOT_SUPPORTED)}, preserve=false aResultDetail=-37
01:22:10.949656 nspr-7   NetIfAdpCtlOut: VBoxNetAdpCtl: Error while retrieving link speed for wlan0: VBoxNetAdpCtl: ioctl failed: Operation not supported
01:22:11.077689 nspr-4   WARNING [COM]: aRC=NS_ERROR_FAILURE (0x80004005) aIID={16ced992-5fdc-4aba-aff5-6a39bbd7c38b} aComponent={HostWrap} aText={VirtualBox is not currently allowed to access USB devices.  You can change this by adding your user to the 'vboxusers' group.  Please see the user manual for a more detailed explanation}, preserve=true  aResultDetail=0
01:22:11.144122 nspr-8   WARNING [COM]: aRC=NS_ERROR_FAILURE (0x80004005) aIID={16ced992-5fdc-4aba-aff5-6a39bbd7c38b} aComponent={HostWrap} aText={VirtualBox is not currently allowed to access USB devices.  You can change this by adding your user to the 'vboxusers' group.  Please see the user manual for a more detailed explanation}, preserve=true  aResultDetail=0
01:22:11.146986 nspr-6   WARNING [COM]: aRC=NS_ERROR_FAILURE (0x80004005) aIID={16ced992-5fdc-4aba-aff5-6a39bbd7c38b} aComponent={HostWrap} aText={VirtualBox is not currently allowed to access USB devices.  You can change this by adding your user to the 'vboxusers' group.  Please see the user manual for a more detailed explanation}, preserve=true  aResultDetail=0
01:22:11.439190 nspr-2   WARNING [COM]: aRC=NS_ERROR_FAILURE (0x80004005) aIID={16ced992-5fdc-4aba-aff5-6a39bbd7c38b} aComponent={HostWrap} aText={VirtualBox is not currently allowed to access USB devices.  You can change this by adding your user to the 'vboxusers' group.  Please see the user manual for a more detailed explanation}, preserve=true  aResultDetail=0
01:22:11.441044 nspr-2   WARNING [COM]: aRC=NS_ERROR_FAILURE (0x80004005) aIID={16ced992-5fdc-4aba-aff5-6a39bbd7c38b} aComponent={HostWrap} aText={VirtualBox is not currently allowed to access USB devices.  You can change this by adding your user to the 'vboxusers' group.  Please see the user manual for a more detailed explanation}, preserve=true  aResultDetail=0
01:35:01.928941 nspr-4   WARNING [COM]: aRC=NS_ERROR_FAILURE (0x80004005) aIID={16ced992-5fdc-4aba-aff5-6a39bbd7c38b} aComponent={HostWrap} aText={VirtualBox is not currently allowed to access USB devices.  You can change this by adding your user to the 'vboxusers' group.  Please see the user manual for a more detailed explanation}, preserve=true  aResultDetail=0
01:35:01.930792 nspr-8   WARNING [COM]: aRC=NS_ERROR_FAILURE (0x80004005) aIID={16ced992-5fdc-4aba-aff5-6a39bbd7c38b} aComponent={HostWrap} aText={VirtualBox is not currently allowed to access USB devices.  You can change this by adding your user to the 'vboxusers' group.  Please see the user manual for a more detailed explanation}, preserve=true  aResultDetail=0
01:35:05.077090 nspr-2   Saving settings file "/home/ricky/VirtualBox VMs/Arch/Arch.vbox" with version "1.16-linux"
01:35:05.157364 nspr-4   Saving settings file "/home/ricky/VirtualBox VMs/Arch/Arch.vbox" with version "1.16-linux"
01:35:05.225381 nspr-7   WARNING [COM]: aRC=NS_ERROR_FAILURE (0x80004005) aIID={16ced992-5fdc-4aba-aff5-6a39bbd7c38b} aComponent={HostWrap} aText={VirtualBox is not currently allowed to access USB devices.  You can change this by adding your user to the 'vboxusers' group.  Please see the user manual for a more detailed explanation}, preserve=true  aResultDetail=0
01:35:05.227468 nspr-9   WARNING [COM]: aRC=NS_ERROR_FAILURE (0x80004005) aIID={16ced992-5fdc-4aba-aff5-6a39bbd7c38b} aComponent={HostWrap} aText={VirtualBox is not currently allowed to access USB devices.  You can change this by adding your user to the 'vboxusers' group.  Please see the user manual for a more detailed explanation}, preserve=true  aResultDetail=0
01:35:06.228012 nspr-7   WARNING [COM]: aRC=NS_ERROR_FAILURE (0x80004005) aIID={16ced992-5fdc-4aba-aff5-6a39bbd7c38b} aComponent={HostWrap} aText={VirtualBox is not currently allowed to access USB devices.  You can change this by adding your user to the 'vboxusers' group.  Please see the user manual for a more detailed explanation}, preserve=true  aResultDetail=0
01:35:06.229866 nspr-9   WARNING [COM]: aRC=NS_ERROR_FAILURE (0x80004005) aIID={16ced992-5fdc-4aba-aff5-6a39bbd7c38b} aComponent={HostWrap} aText={VirtualBox is not currently allowed to access USB devices.  You can change this by adding your user to the 'vboxusers' group.  Please see the user manual for a more detailed explanation}, preserve=true  aResultDetail=0
01:35:10.045800 nspr-6   Launched VM: 1642743728 pid: 6413 (0x190d) frontend: GUI/Qt name: Arch
01:35:10.131803 nspr-2   WARNING [COM]: aRC=NS_ERROR_FAILURE (0x80004005) aIID={16ced992-5fdc-4aba-aff5-6a39bbd7c38b} aComponent={HostWrap} aText={VirtualBox is not currently allowed to access USB devices.  You can change this by adding your user to the 'vboxusers' group.  Please see the user manual for a more detailed explanation}, preserve=true  aResultDetail=0
01:35:10.133997 nspr-6   WARNING [COM]: aRC=NS_ERROR_FAILURE (0x80004005) aIID={16ced992-5fdc-4aba-aff5-6a39bbd7c38b} aComponent={HostWrap} aText={VirtualBox is not currently allowed to access USB devices.  You can change this by adding your user to the 'vboxusers' group.  Please see the user manual for a more detailed explanation}, preserve=true  aResultDetail=0
01:35:10.505061 nspr-7   WARNING [COM]: aRC=NS_ERROR_FAILURE (0x80004005) aIID={16ced992-5fdc-4aba-aff5-6a39bbd7c38b} aComponent={HostWrap} aText={VirtualBox is not currently allowed to access USB devices.  You can change this by adding your user to the 'vboxusers' group.  Please see the user manual for a more detailed explanation}, preserve=true  aResultDetail=0
01:35:10.507917 nspr-4   WARNING [COM]: aRC=NS_ERROR_FAILURE (0x80004005) aIID={16ced992-5fdc-4aba-aff5-6a39bbd7c38b} aComponent={HostWrap} aText={VirtualBox is not currently allowed to access USB devices.  You can change this by adding your user to the 'vboxusers' group.  Please see the user manual for a more detailed explanation}, preserve=true  aResultDetail=0
01:35:11.632070 nspr-4   WARNING [COM]: aRC=NS_ERROR_FAILURE (0x80004005) aIID={16ced992-5fdc-4aba-aff5-6a39bbd7c38b} aComponent={HostWrap} aText={VirtualBox is not currently allowed to access USB devices.  You can change this by adding your user to the 'vboxusers' group.  Please see the user manual for a more detailed explanation}, preserve=true  aResultDetail=0
01:35:11.633730 nspr-9   WARNING [COM]: aRC=NS_ERROR_FAILURE (0x80004005) aIID={16ced992-5fdc-4aba-aff5-6a39bbd7c38b} aComponent={HostWrap} aText={VirtualBox is not currently allowed to access USB devices.  You can change this by adding your user to the 'vboxusers' group.  Please see the user manual for a more detailed explanation}, preserve=true  aResultDetail=0
01:35:11.634262 nspr-2   ERROR [COM]: aRC=VBOX_E_OBJECT_NOT_FOUND (0x80bb0001) aIID={70401eef-c8e9-466b-9660-45cb3e9979e4} aComponent={ExtPackManagerWrap} aText={No extension pack by the name 'Oracle VM VirtualBox Extension Pack' was found}, preserve=false aResultDetail=0
01:35:11.710599 nspr-9   WARNING [COM]: aRC=NS_ERROR_FAILURE (0x80004005) aIID={16ced992-5fdc-4aba-aff5-6a39bbd7c38b} aComponent={HostWrap} aText={VirtualBox is not currently allowed to access USB devices.  You can change this by adding your user to the 'vboxusers' group.  Please see the user manual for a more detailed explanation}, preserve=true  aResultDetail=0
01:35:11.712043 nspr-6   WARNING [COM]: aRC=NS_ERROR_FAILURE (0x80004005) aIID={16ced992-5fdc-4aba-aff5-6a39bbd7c38b} aComponent={HostWrap} aText={VirtualBox is not currently allowed to access USB devices.  You can change this by adding your user to the 'vboxusers' group.  Please see the user manual for a more detailed explanation}, preserve=true  aResultDetail=0
01:35:11.750669 nspr-4   ERROR [COM]: aRC=VBOX_E_IPRT_ERROR (0x80bb0005) aIID={85632c68-b5bb-4316-a900-5eb28d3413df} aComponent={SessionMachine} aText={Saved screenshot data is not available (VERR_NOT_SUPPORTED)}, preserve=false aResultDetail=-37
01:35:11.790649 nspr-4   NetIfAdpCtlOut: VBoxNetAdpCtl: Error while retrieving link speed for wlan0: VBoxNetAdpCtl: ioctl failed: Operation not supported
01:35:11.914798 nspr-8   WARNING [COM]: aRC=NS_ERROR_FAILURE (0x80004005) aIID={16ced992-5fdc-4aba-aff5-6a39bbd7c38b} aComponent={HostWrap} aText={VirtualBox is not currently allowed to access USB devices.  You can change this by adding your user to the 'vboxusers' group.  Please see the user manual for a more detailed explanation}, preserve=true  aResultDetail=0
01:35:12.023723 nspr-8   WARNING [COM]: aRC=NS_ERROR_FAILURE (0x80004005) aIID={16ced992-5fdc-4aba-aff5-6a39bbd7c38b} aComponent={HostWrap} aText={VirtualBox is not currently allowed to access USB devices.  You can change this by adding your user to the 'vboxusers' group.  Please see the user manual for a more detailed explanation}, preserve=true  aResultDetail=0
01:35:12.029269 nspr-5   WARNING [COM]: aRC=NS_ERROR_FAILURE (0x80004005) aIID={16ced992-5fdc-4aba-aff5-6a39bbd7c38b} aComponent={HostWrap} aText={VirtualBox is not currently allowed to access USB devices.  You can change this by adding your user to the 'vboxusers' group.  Please see the user manual for a more detailed explanation}, preserve=true  aResultDetail=0
01:35:12.818873 nspr-5   WARNING [COM]: aRC=NS_ERROR_FAILURE (0x80004005) aIID={16ced992-5fdc-4aba-aff5-6a39bbd7c38b} aComponent={HostWrap} aText={VirtualBox is not currently allowed to access USB devices.  You can change this by adding your user to the 'vboxusers' group.  Please see the user manual for a more detailed explanation}, preserve=true  aResultDetail=0
01:35:12.820887 nspr-4   WARNING [COM]: aRC=NS_ERROR_FAILURE (0x80004005) aIID={16ced992-5fdc-4aba-aff5-6a39bbd7c38b} aComponent={HostWrap} aText={VirtualBox is not currently allowed to access USB devices.  You can change this by adding your user to the 'vboxusers' group.  Please see the user manual for a more detailed explanation}, preserve=true  aResultDetail=0
01:36:07.604065 nspr-3   ERROR [COM]: aRC=NS_ERROR_FAILURE (0x80004005) aIID={027bc463-929c-40e8-bf16-fea557cd8e7e} aComponent={SystemPropertiesWrap} aText={Cannot determine default Guest Additions ISO location. Most likely they are not available}, preserve=false aResultDetail=0
01:36:49.465644 nspr-2   Saving settings file "/home/ricky/.config/VirtualBox/VirtualBox.xml" with version "1.12-linux"
01:36:49.605771 nspr-3   WARNING [COM]: aRC=NS_ERROR_FAILURE (0x80004005) aIID={16ced992-5fdc-4aba-aff5-6a39bbd7c38b} aComponent={HostWrap} aText={VirtualBox is not currently allowed to access USB devices.  You can change this by adding your user to the 'vboxusers' group.  Please see the user manual for a more detailed explanation}, preserve=true  aResultDetail=0
01:36:49.608245 nspr-10  WARNING [COM]: aRC=NS_ERROR_FAILURE (0x80004005) aIID={16ced992-5fdc-4aba-aff5-6a39bbd7c38b} aComponent={HostWrap} aText={VirtualBox is not currently allowed to access USB devices.  You can change this by adding your user to the 'vboxusers' group.  Please see the user manual for a more detailed explanation}, preserve=true  aResultDetail=0
01:38:07.947305 nspr-6   WARNING [COM]: aRC=NS_ERROR_FAILURE (0x80004005) aIID={16ced992-5fdc-4aba-aff5-6a39bbd7c38b} aComponent={HostWrap} aText={VirtualBox is not currently allowed to access USB devices.  You can change this by adding your user to the 'vboxusers' group.  Please see the user manual for a more detailed explanation}, preserve=true  aResultDetail=0
01:38:07.949632 nspr-8   WARNING [COM]: aRC=NS_ERROR_FAILURE (0x80004005) aIID={16ced992-5fdc-4aba-aff5-6a39bbd7c38b} aComponent={HostWrap} aText={VirtualBox is not currently allowed to access USB devices.  You can change this by adding your user to the 'vboxusers' group.  Please see the user manual for a more detailed explanation}, preserve=true  aResultDetail=0
01:38:10.026728 nspr-7   Saving settings file "/home/ricky/VirtualBox VMs/Arch/Arch.vbox" with version "1.16-linux"
01:38:10.115971 nspr-9   WARNING [COM]: aRC=NS_ERROR_FAILURE (0x80004005) aIID={16ced992-5fdc-4aba-aff5-6a39bbd7c38b} aComponent={HostWrap} aText={VirtualBox is not currently allowed to access USB devices.  You can change this by adding your user to the 'vboxusers' group.  Please see the user manual for a more detailed explanation}, preserve=true  aResultDetail=0
01:38:10.117806 nspr-3   WARNING [COM]: aRC=NS_ERROR_FAILURE (0x80004005) aIID={16ced992-5fdc-4aba-aff5-6a39bbd7c38b} aComponent={HostWrap} aText={VirtualBox is not currently allowed to access USB devices.  You can change this by adding your user to the 'vboxusers' group.  Please see the user manual for a more detailed explanation}, preserve=true  aResultDetail=0
01:38:11.114423 nspr-9   WARNING [COM]: aRC=NS_ERROR_FAILURE (0x80004005) aIID={16ced992-5fdc-4aba-aff5-6a39bbd7c38b} aComponent={HostWrap} aText={VirtualBox is not currently allowed to access USB devices.  You can change this by adding your user to the 'vboxusers' group.  Please see the user manual for a more detailed explanation}, preserve=true  aResultDetail=0
01:38:11.116725 nspr-6   WARNING [COM]: aRC=NS_ERROR_FAILURE (0x80004005) aIID={16ced992-5fdc-4aba-aff5-6a39bbd7c38b} aComponent={HostWrap} aText={VirtualBox is not currently allowed to access USB devices.  You can change this by adding your user to the 'vboxusers' group.  Please see the user manual for a more detailed explanation}, preserve=true  aResultDetail=0
01:38:14.448529 nspr-2   Launched VM: 3893096896 pid: 7411 (0x1cf3) frontend: GUI/Qt name: Arch
01:38:14.533102 nspr-10  WARNING [COM]: aRC=NS_ERROR_FAILURE (0x80004005) aIID={16ced992-5fdc-4aba-aff5-6a39bbd7c38b} aComponent={HostWrap} aText={VirtualBox is not currently allowed to access USB devices.  You can change this by adding your user to the 'vboxusers' group.  Please see the user manual for a more detailed explanation}, preserve=true  aResultDetail=0
01:38:14.535266 nspr-6   WARNING [COM]: aRC=NS_ERROR_FAILURE (0x80004005) aIID={16ced992-5fdc-4aba-aff5-6a39bbd7c38b} aComponent={HostWrap} aText={VirtualBox is not currently allowed to access USB devices.  You can change this by adding your user to the 'vboxusers' group.  Please see the user manual for a more detailed explanation}, preserve=true  aResultDetail=0
01:38:14.916077 nspr-3   WARNING [COM]: aRC=NS_ERROR_FAILURE (0x80004005) aIID={16ced992-5fdc-4aba-aff5-6a39bbd7c38b} aComponent={HostWrap} aText={VirtualBox is not currently allowed to access USB devices.  You can change this by adding your user to the 'vboxusers' group.  Please see the user manual for a more detailed explanation}, preserve=true  aResultDetail=0
01:38:14.918838 nspr-7   WARNING [COM]: aRC=NS_ERROR_FAILURE (0x80004005) aIID={16ced992-5fdc-4aba-aff5-6a39bbd7c38b} aComponent={HostWrap} aText={VirtualBox is not currently allowed to access USB devices.  You can change this by adding your user to the 'vboxusers' group.  Please see the user manual for a more detailed explanation}, preserve=true  aResultDetail=0
01:38:16.061513 nspr-2   WARNING [COM]: aRC=NS_ERROR_FAILURE (0x80004005) aIID={16ced992-5fdc-4aba-aff5-6a39bbd7c38b} aComponent={HostWrap} aText={VirtualBox is not currently allowed to access USB devices.  You can change this by adding your user to the 'vboxusers' group.  Please see the user manual for a more detailed explanation}, preserve=true  aResultDetail=0
01:38:16.063234 nspr-10  WARNING [COM]: aRC=NS_ERROR_FAILURE (0x80004005) aIID={16ced992-5fdc-4aba-aff5-6a39bbd7c38b} aComponent={HostWrap} aText={VirtualBox is not currently allowed to access USB devices.  You can change this by adding your user to the 'vboxusers' group.  Please see the user manual for a more detailed explanation}, preserve=true  aResultDetail=0
01:38:16.063733 nspr-7   ERROR [COM]: aRC=VBOX_E_OBJECT_NOT_FOUND (0x80bb0001) aIID={70401eef-c8e9-466b-9660-45cb3e9979e4} aComponent={ExtPackManagerWrap} aText={No extension pack by the name 'Oracle VM VirtualBox Extension Pack' was found}, preserve=false aResultDetail=0
01:38:16.144797 nspr-7   WARNING [COM]: aRC=NS_ERROR_FAILURE (0x80004005) aIID={16ced992-5fdc-4aba-aff5-6a39bbd7c38b} aComponent={HostWrap} aText={VirtualBox is not currently allowed to access USB devices.  You can change this by adding your user to the 'vboxusers' group.  Please see the user manual for a more detailed explanation}, preserve=true  aResultDetail=0
01:38:16.146621 nspr-9   WARNING [COM]: aRC=NS_ERROR_FAILURE (0x80004005) aIID={16ced992-5fdc-4aba-aff5-6a39bbd7c38b} aComponent={HostWrap} aText={VirtualBox is not currently allowed to access USB devices.  You can change this by adding your user to the 'vboxusers' group.  Please see the user manual for a more detailed explanation}, preserve=true  aResultDetail=0
01:38:16.184388 nspr-10  ERROR [COM]: aRC=VBOX_E_IPRT_ERROR (0x80bb0005) aIID={85632c68-b5bb-4316-a900-5eb28d3413df} aComponent={SessionMachine} aText={Saved screenshot data is not available (VERR_NOT_SUPPORTED)}, preserve=false aResultDetail=-37
01:38:16.223936 nspr-10  NetIfAdpCtlOut: VBoxNetAdpCtl: Error while retrieving link speed for wlan0: VBoxNetAdpCtl: ioctl failed: Operation not supported
01:38:16.350104 nspr-3   WARNING [COM]: aRC=NS_ERROR_FAILURE (0x80004005) aIID={16ced992-5fdc-4aba-aff5-6a39bbd7c38b} aComponent={HostWrap} aText={VirtualBox is not currently allowed to access USB devices.  You can change this by adding your user to the 'vboxusers' group.  Please see the user manual for a more detailed explanation}, preserve=true  aResultDetail=0
01:38:16.446043 nspr-3   WARNING [COM]: aRC=NS_ERROR_FAILURE (0x80004005) aIID={16ced992-5fdc-4aba-aff5-6a39bbd7c38b} aComponent={HostWrap} aText={VirtualBox is not currently allowed to access USB devices.  You can change this by adding your user to the 'vboxusers' group.  Please see the user manual for a more detailed explanation}, preserve=true  aResultDetail=0
01:38:16.449245 nspr-7   WARNING [COM]: aRC=NS_ERROR_FAILURE (0x80004005) aIID={16ced992-5fdc-4aba-aff5-6a39bbd7c38b} aComponent={HostWrap} aText={VirtualBox is not currently allowed to access USB devices.  You can change this by adding your user to the 'vboxusers' group.  Please see the user manual for a more detailed explanation}, preserve=true  aResultDetail=0
01:38:17.253016 nspr-6   WARNING [COM]: aRC=NS_ERROR_FAILURE (0x80004005) aIID={16ced992-5fdc-4aba-aff5-6a39bbd7c38b} aComponent={HostWrap} aText={VirtualBox is not currently allowed to access USB devices.  You can change this by adding your user to the 'vboxusers' group.  Please see the user manual for a more detailed explanation}, preserve=true  aResultDetail=0
01:38:17.255126 nspr-5   WARNING [COM]: aRC=NS_ERROR_FAILURE (0x80004005) aIID={16ced992-5fdc-4aba-aff5-6a39bbd7c38b} aComponent={HostWrap} aText={VirtualBox is not currently allowed to access USB devices.  You can change this by adding your user to the 'vboxusers' group.  Please see the user manual for a more detailed explanation}, preserve=true  aResultDetail=0
01:40:30.272278 nspr-6   ERROR [COM]: aRC=NS_ERROR_FAILURE (0x80004005) aIID={027bc463-929c-40e8-bf16-fea557cd8e7e} aComponent={SystemPropertiesWrap} aText={Cannot determine default Guest Additions ISO location. Most likely they are not available}, preserve=false aResultDetail=0
01:40:30.379517 nspr-4   WARNING [COM]: aRC=NS_ERROR_FAILURE (0x80004005) aIID={16ced992-5fdc-4aba-aff5-6a39bbd7c38b} aComponent={HostWrap} aText={VirtualBox is not currently allowed to access USB devices.  You can change this by adding your user to the 'vboxusers' group.  Please see the user manual for a more detailed explanation}, preserve=true  aResultDetail=0
01:40:30.385295 nspr-3   WARNING [COM]: aRC=NS_ERROR_FAILURE (0x80004005) aIID={16ced992-5fdc-4aba-aff5-6a39bbd7c38b} aComponent={HostWrap} aText={VirtualBox is not currently allowed to access USB devices.  You can change this by adding your user to the 'vboxusers' group.  Please see the user manual for a more detailed explanation}, preserve=true  aResultDetail=0
02:57:03.715632 nspr-5   WARNING [COM]: aRC=NS_ERROR_FAILURE (0x80004005) aIID={16ced992-5fdc-4aba-aff5-6a39bbd7c38b} aComponent={HostWrap} aText={VirtualBox is not currently allowed to access USB devices.  You can change this by adding your user to the 'vboxusers' group.  Please see the user manual for a more detailed explanation}, preserve=true  aResultDetail=0
02:57:03.720003 nspr-6   WARNING [COM]: aRC=NS_ERROR_FAILURE (0x80004005) aIID={16ced992-5fdc-4aba-aff5-6a39bbd7c38b} aComponent={HostWrap} aText={VirtualBox is not currently allowed to access USB devices.  You can change this by adding your user to the 'vboxusers' group.  Please see the user manual for a more detailed explanation}, preserve=true  aResultDetail=0
02:57:05.605682 nspr-3   Saving settings file "/home/ricky/VirtualBox VMs/Arch/Arch.vbox" with version "1.16-linux"
02:57:05.698386 nspr-6   WARNING [COM]: aRC=NS_ERROR_FAILURE (0x80004005) aIID={16ced992-5fdc-4aba-aff5-6a39bbd7c38b} aComponent={HostWrap} aText={VirtualBox is not currently allowed to access USB devices.  You can change this by adding your user to the 'vboxusers' group.  Please see the user manual for a more detailed explanation}, preserve=true  aResultDetail=0
02:57:05.700972 nspr-4   WARNING [COM]: aRC=NS_ERROR_FAILURE (0x80004005) aIID={16ced992-5fdc-4aba-aff5-6a39bbd7c38b} aComponent={HostWrap} aText={VirtualBox is not currently allowed to access USB devices.  You can change this by adding your user to the 'vboxusers' group.  Please see the user manual for a more detailed explanation}, preserve=true  aResultDetail=0
02:57:07.198423 nspr-8   WARNING [COM]: aRC=NS_ERROR_FAILURE (0x80004005) aIID={16ced992-5fdc-4aba-aff5-6a39bbd7c38b} aComponent={HostWrap} aText={VirtualBox is not currently allowed to access USB devices.  You can change this by adding your user to the 'vboxusers' group.  Please see the user manual for a more detailed explanation}, preserve=true  aResultDetail=0
02:57:07.200786 nspr-4   WARNING [COM]: aRC=NS_ERROR_FAILURE (0x80004005) aIID={16ced992-5fdc-4aba-aff5-6a39bbd7c38b} aComponent={HostWrap} aText={VirtualBox is not currently allowed to access USB devices.  You can change this by adding your user to the 'vboxusers' group.  Please see the user manual for a more detailed explanation}, preserve=true  aResultDetail=0
02:57:09.748657 nspr-4   Launched VM: 3825210816 pid: 14592 (0x3900) frontend: GUI/Qt name: Arch
02:57:09.841689 nspr-5   WARNING [COM]: aRC=NS_ERROR_FAILURE (0x80004005) aIID={16ced992-5fdc-4aba-aff5-6a39bbd7c38b} aComponent={HostWrap} aText={VirtualBox is not currently allowed to access USB devices.  You can change this by adding your user to the 'vboxusers' group.  Please see the user manual for a more detailed explanation}, preserve=true  aResultDetail=0
02:57:09.844190 nspr-7   WARNING [COM]: aRC=NS_ERROR_FAILURE (0x80004005) aIID={16ced992-5fdc-4aba-aff5-6a39bbd7c38b} aComponent={HostWrap} aText={VirtualBox is not currently allowed to access USB devices.  You can change this by adding your user to the 'vboxusers' group.  Please see the user manual for a more detailed explanation}, preserve=true  aResultDetail=0
02:57:10.438612 nspr-3   WARNING [COM]: aRC=NS_ERROR_FAILURE (0x80004005) aIID={16ced992-5fdc-4aba-aff5-6a39bbd7c38b} aComponent={HostWrap} aText={VirtualBox is not currently allowed to access USB devices.  You can change this by adding your user to the 'vboxusers' group.  Please see the user manual for a more detailed explanation}, preserve=true  aResultDetail=0
02:57:10.441030 nspr-4   WARNING [COM]: aRC=NS_ERROR_FAILURE (0x80004005) aIID={16ced992-5fdc-4aba-aff5-6a39bbd7c38b} aComponent={HostWrap} aText={VirtualBox is not currently allowed to access USB devices.  You can change this by adding your user to the 'vboxusers' group.  Please see the user manual for a more detailed explanation}, preserve=true  aResultDetail=0
02:57:11.821406 nspr-5   WARNING [COM]: aRC=NS_ERROR_FAILURE (0x80004005) aIID={16ced992-5fdc-4aba-aff5-6a39bbd7c38b} aComponent={HostWrap} aText={VirtualBox is not currently allowed to access USB devices.  You can change this by adding your user to the 'vboxusers' group.  Please see the user manual for a more detailed explanation}, preserve=true  aResultDetail=0
02:57:11.824324 nspr-8   WARNING [COM]: aRC=NS_ERROR_FAILURE (0x80004005) aIID={16ced992-5fdc-4aba-aff5-6a39bbd7c38b} aComponent={HostWrap} aText={VirtualBox is not currently allowed to access USB devices.  You can change this by adding your user to the 'vboxusers' group.  Please see the user manual for a more detailed explanation}, preserve=true  aResultDetail=0
02:57:11.825144 nspr-3   ERROR [COM]: aRC=VBOX_E_OBJECT_NOT_FOUND (0x80bb0001) aIID={70401eef-c8e9-466b-9660-45cb3e9979e4} aComponent={ExtPackManagerWrap} aText={No extension pack by the name 'Oracle VM VirtualBox Extension Pack' was found}, preserve=false aResultDetail=0
02:57:11.927979 nspr-6   WARNING [COM]: aRC=NS_ERROR_FAILURE (0x80004005) aIID={16ced992-5fdc-4aba-aff5-6a39bbd7c38b} aComponent={HostWrap} aText={VirtualBox is not currently allowed to access USB devices.  You can change this by adding your user to the 'vboxusers' group.  Please see the user manual for a more detailed explanation}, preserve=true  aResultDetail=0
02:57:11.931246 nspr-2   WARNING [COM]: aRC=NS_ERROR_FAILURE (0x80004005) aIID={16ced992-5fdc-4aba-aff5-6a39bbd7c38b} aComponent={HostWrap} aText={VirtualBox is not currently allowed to access USB devices.  You can change this by adding your user to the 'vboxusers' group.  Please see the user manual for a more detailed explanation}, preserve=true  aResultDetail=0
02:57:11.976195 nspr-4   ERROR [COM]: aRC=VBOX_E_IPRT_ERROR (0x80bb0005) aIID={85632c68-b5bb-4316-a900-5eb28d3413df} aComponent={SessionMachine} aText={Saved screenshot data is not available (VERR_NOT_SUPPORTED)}, preserve=false aResultDetail=-37
02:57:12.022977 nspr-4   NetIfAdpCtlOut: VBoxNetAdpCtl: Error while retrieving link speed for wlan0: VBoxNetAdpCtl: ioctl failed: Operation not supported
02:57:12.200327 nspr-2   WARNING [COM]: aRC=NS_ERROR_FAILURE (0x80004005) aIID={16ced992-5fdc-4aba-aff5-6a39bbd7c38b} aComponent={HostWrap} aText={VirtualBox is not currently allowed to access USB devices.  You can change this by adding your user to the 'vboxusers' group.  Please see the user manual for a more detailed explanation}, preserve=true  aResultDetail=0
02:57:12.290278 nspr-9   WARNING [COM]: aRC=NS_ERROR_FAILURE (0x80004005) aIID={16ced992-5fdc-4aba-aff5-6a39bbd7c38b} aComponent={HostWrap} aText={VirtualBox is not currently allowed to access USB devices.  You can change this by adding your user to the 'vboxusers' group.  Please see the user manual for a more detailed explanation}, preserve=true  aResultDetail=0
02:57:12.293280 nspr-5   WARNING [COM]: aRC=NS_ERROR_FAILURE (0x80004005) aIID={16ced992-5fdc-4aba-aff5-6a39bbd7c38b} aComponent={HostWrap} aText={VirtualBox is not currently allowed to access USB devices.  You can change this by adding your user to the 'vboxusers' group.  Please see the user manual for a more detailed explanation}, preserve=true  aResultDetail=0
02:57:13.145878 nspr-5   WARNING [COM]: aRC=NS_ERROR_FAILURE (0x80004005) aIID={16ced992-5fdc-4aba-aff5-6a39bbd7c38b} aComponent={HostWrap} aText={VirtualBox is not currently allowed to access USB devices.  You can change this by adding your user to the 'vboxusers' group.  Please see the user manual for a more detailed explanation}, preserve=true  aResultDetail=0
02:57:13.147987 nspr-4   WARNING [COM]: aRC=NS_ERROR_FAILURE (0x80004005) aIID={16ced992-5fdc-4aba-aff5-6a39bbd7c38b} aComponent={HostWrap} aText={VirtualBox is not currently allowed to access USB devices.  You can change this by adding your user to the 'vboxusers' group.  Please see the user manual for a more detailed explanation}, preserve=true  aResultDetail=0
02:59:50.873614 nspr-10  WARNING [COM]: aRC=NS_ERROR_FAILURE (0x80004005) aIID={16ced992-5fdc-4aba-aff5-6a39bbd7c38b} aComponent={HostWrap} aText={VirtualBox is not currently allowed to access USB devices.  You can change this by adding your user to the 'vboxusers' group.  Please see the user manual for a more detailed explanation}, preserve=true  aResultDetail=0
02:59:50.876457 nspr-5   WARNING [COM]: aRC=NS_ERROR_FAILURE (0x80004005) aIID={16ced992-5fdc-4aba-aff5-6a39bbd7c38b} aComponent={HostWrap} aText={VirtualBox is not currently allowed to access USB devices.  You can change this by adding your user to the 'vboxusers' group.  Please see the user manual for a more detailed explanation}, preserve=true  aResultDetail=0
02:59:52.400575 nspr-6   Saving settings file "/home/ricky/VirtualBox VMs/Arch/Arch.vbox" with version "1.16-linux"
02:59:52.538426 nspr-4   WARNING [COM]: aRC=NS_ERROR_FAILURE (0x80004005) aIID={16ced992-5fdc-4aba-aff5-6a39bbd7c38b} aComponent={HostWrap} aText={VirtualBox is not currently allowed to access USB devices.  You can change this by adding your user to the 'vboxusers' group.  Please see the user manual for a more detailed explanation}, preserve=true  aResultDetail=0
02:59:52.540763 nspr-5   WARNING [COM]: aRC=NS_ERROR_FAILURE (0x80004005) aIID={16ced992-5fdc-4aba-aff5-6a39bbd7c38b} aComponent={HostWrap} aText={VirtualBox is not currently allowed to access USB devices.  You can change this by adding your user to the 'vboxusers' group.  Please see the user manual for a more detailed explanation}, preserve=true  aResultDetail=0
02:59:53.008057 nspr-5   Saving settings file "/home/ricky/VirtualBox VMs/Arch/Arch.vbox" with version "1.16-linux"
02:59:53.182260 nspr-5   WARNING [COM]: aRC=NS_ERROR_FAILURE (0x80004005) aIID={16ced992-5fdc-4aba-aff5-6a39bbd7c38b} aComponent={HostWrap} aText={VirtualBox is not currently allowed to access USB devices.  You can change this by adding your user to the 'vboxusers' group.  Please see the user manual for a more detailed explanation}, preserve=true  aResultDetail=0
02:59:53.184945 nspr-2   WARNING [COM]: aRC=NS_ERROR_FAILURE (0x80004005) aIID={16ced992-5fdc-4aba-aff5-6a39bbd7c38b} aComponent={HostWrap} aText={VirtualBox is not currently allowed to access USB devices.  You can change this by adding your user to the 'vboxusers' group.  Please see the user manual for a more detailed explanation}, preserve=true  aResultDetail=0
02:59:53.479274 nspr-10  WARNING [COM]: aRC=NS_ERROR_FAILURE (0x80004005) aIID={16ced992-5fdc-4aba-aff5-6a39bbd7c38b} aComponent={HostWrap} aText={VirtualBox is not currently allowed to access USB devices.  You can change this by adding your user to the 'vboxusers' group.  Please see the user manual for a more detailed explanation}, preserve=true  aResultDetail=0
02:59:53.481236 nspr-8   WARNING [COM]: aRC=NS_ERROR_FAILURE (0x80004005) aIID={16ced992-5fdc-4aba-aff5-6a39bbd7c38b} aComponent={HostWrap} aText={VirtualBox is not currently allowed to access USB devices.  You can change this by adding your user to the 'vboxusers' group.  Please see the user manual for a more detailed explanation}, preserve=true  aResultDetail=0
02:59:59.215896 nspr-2   Saving settings file "/home/ricky/.config/VirtualBox/VirtualBox.xml" with version "1.12-linux"
02:59:59.224920 nspr-10  Saving settings file "/home/ricky/.config/VirtualBox/VirtualBox.xml" with version "1.12-linux"
02:59:59.252362 nspr-5   Saving settings file "/home/ricky/.config/VirtualBox/VirtualBox.xml" with version "1.12-linux"
02:59:59.261504 nspr-6   Saving settings file "/home/ricky/.config/VirtualBox/VirtualBox.xml" with version "1.12-linux"
02:59:59.269092 nspr-5   Saving settings file "/home/ricky/.config/VirtualBox/VirtualBox.xml" with version "1.12-linux"
03:00:04.790035 main     VirtualBox: object deletion starts
03:00:04.790082 main     ERROR [COM]: aRC=VBOX_E_OBJECT_IN_USE (0x80bb000c) aIID={ad47ad09-787b-44ab-b343-a082a3f2dfb1} aComponent={MediumWrap} aText={Medium '/home/ricky/VirtualBox VMs/Arch/Arch.vdi' cannot be closed because it is still attached to 1 virtual machines}, preserve=false aResultDetail=0
03:00:04.791014 main     HostDnsMonitor: shutting down ...
03:00:04.796948 main     HostDnsMonitor: shut down
03:00:04.903861 Watcher  ERROR [COM]: aRC=E_ACCESSDENIED (0x80070005) aIID={d0a0163f-e254-4e5b-a1f2-011cf991c38d} aComponent={VirtualBoxWrap} aText={The object is not ready}, preserve=false aResultDetail=0
03:00:09.797063 main     {00007fbfe80175d0} HostPowerServiceLinux::~HostPowerServiceLinux: RTThreadWait() for 5000 ms failed with VERR_TIMEOUT
03:00:09.797358 main     VirtualBox: object deleted
