[2022-03-02T10:22:23.580Z] Validating found git in: git
[2022-03-02T10:22:23.633Z] Using git 2.35.1 from git
[2022-03-02T10:22:23.731Z] > git rev-parse --git-dir [3ms]
[2022-03-02T10:22:23.753Z] Open repository: /home/ricky/VS code
[2022-03-02T10:22:24.549Z] > git symbolic-ref --short HEAD [15ms]
[2022-03-02T10:22:24.566Z] > git for-each-ref --format=%(refname)%00%(upstream:short)%00%(objectname)%00%(upstream:track) refs/heads/main refs/remotes/main [4ms]
[2022-03-02T10:22:24.631Z] > git remote --verbose [39ms]
[2022-03-02T10:22:24.632Z] > git for-each-ref --sort -committerdate --format %(refname) %(objectname) %(*objectname) [53ms]
[2022-03-02T10:22:24.663Z] > git ls-files --stage -- /home/ricky/VS code/projects/Project3/index.html [34ms]
[2022-03-02T10:22:24.671Z] > git config --get commit.template [9ms]
[2022-03-02T10:22:47.147Z] > git symbolic-ref --short HEAD [2ms]
[2022-03-02T10:22:47.161Z] > git for-each-ref --format=%(refname)%00%(upstream:short)%00%(objectname)%00%(upstream:track) refs/heads/main refs/remotes/main [3ms]
[2022-03-02T10:22:47.184Z] > git for-each-ref --sort -committerdate --format %(refname) %(objectname) %(*objectname) [12ms]
[2022-03-02T10:22:47.186Z] > git remote --verbose [4ms]
[2022-03-02T10:22:47.207Z] > git config --get commit.template [4ms]
[2022-03-02T10:22:51.404Z] > git ls-files --stage -- /home/ricky/VS code/projects/Project3/style.css [18ms]
[2022-03-02T10:23:04.420Z] > git ls-files --stage -- /home/ricky/VS code/projects/Project3/index.html [6ms]
[2022-03-02T10:23:14.264Z] > git symbolic-ref --short HEAD [2ms]
[2022-03-02T10:23:14.274Z] > git for-each-ref --format=%(refname)%00%(upstream:short)%00%(objectname)%00%(upstream:track) refs/heads/main refs/remotes/main [2ms]
[2022-03-02T10:23:14.294Z] > git for-each-ref --sort -committerdate --format %(refname) %(objectname) %(*objectname) [11ms]
[2022-03-02T10:23:14.295Z] > git remote --verbose [2ms]
[2022-03-02T10:23:14.317Z] > git config --get commit.template [3ms]
[2022-03-02T10:23:23.905Z] > git ls-files --stage -- /home/ricky/VS code/projects/Project3/script.js [10ms]
[2022-03-02T10:23:25.579Z] > git ls-files --stage -- /home/ricky/VS code/projects/Project3/style.css [9ms]
[2022-03-02T10:23:51.250Z] > git symbolic-ref --short HEAD [2ms]
[2022-03-02T10:23:51.263Z] > git for-each-ref --format=%(refname)%00%(upstream:short)%00%(objectname)%00%(upstream:track) refs/heads/main refs/remotes/main [2ms]
[2022-03-02T10:23:51.285Z] > git remote --verbose [3ms]
[2022-03-02T10:23:51.286Z] > git for-each-ref --sort -committerdate --format %(refname) %(objectname) %(*objectname) [13ms]
[2022-03-02T10:23:51.312Z] > git config --get commit.template [6ms]
[2022-03-02T10:23:58.683Z] > git ls-files --stage -- /home/ricky/VS code/projects/Project3/index.html [3ms]
[2022-03-02T10:25:34.870Z] > git symbolic-ref --short HEAD [2ms]
[2022-03-02T10:25:34.882Z] > git for-each-ref --format=%(refname)%00%(upstream:short)%00%(objectname)%00%(upstream:track) refs/heads/main refs/remotes/main [2ms]
[2022-03-02T10:25:34.905Z] > git for-each-ref --sort -committerdate --format %(refname) %(objectname) %(*objectname) [14ms]
[2022-03-02T10:25:34.906Z] > git remote --verbose [4ms]
[2022-03-02T10:25:34.922Z] > git config --get commit.template [3ms]
[2022-03-02T10:26:56.098Z] > git symbolic-ref --short HEAD [2ms]
[2022-03-02T10:26:56.109Z] > git for-each-ref --format=%(refname)%00%(upstream:short)%00%(objectname)%00%(upstream:track) refs/heads/main refs/remotes/main [2ms]
[2022-03-02T10:26:56.133Z] > git remote --verbose [1ms]
[2022-03-02T10:26:56.133Z] > git for-each-ref --sort -committerdate --format %(refname) %(objectname) %(*objectname) [12ms]
[2022-03-02T10:26:56.151Z] > git config --get commit.template [2ms]
[2022-03-02T10:27:06.458Z] > git symbolic-ref --short HEAD [2ms]
[2022-03-02T10:27:06.478Z] > git for-each-ref --format=%(refname)%00%(upstream:short)%00%(objectname)%00%(upstream:track) refs/heads/main refs/remotes/main [3ms]
[2022-03-02T10:27:06.507Z] > git for-each-ref --sort -committerdate --format %(refname) %(objectname) %(*objectname) [16ms]
[2022-03-02T10:27:06.508Z] > git remote --verbose [5ms]
[2022-03-02T10:27:06.552Z] > git config --get commit.template [2ms]
[2022-03-02T10:27:16.759Z] > git symbolic-ref --short HEAD [1ms]
[2022-03-02T10:27:16.775Z] > git for-each-ref --format=%(refname)%00%(upstream:short)%00%(objectname)%00%(upstream:track) refs/heads/main refs/remotes/main [2ms]
[2022-03-02T10:27:16.805Z] > git remote --verbose [2ms]
[2022-03-02T10:27:16.806Z] > git for-each-ref --sort -committerdate --format %(refname) %(objectname) %(*objectname) [16ms]
[2022-03-02T10:27:16.828Z] > git config --get commit.template [2ms]
[2022-03-02T10:27:23.243Z] > git symbolic-ref --short HEAD [2ms]
[2022-03-02T10:27:23.265Z] > git for-each-ref --format=%(refname)%00%(upstream:short)%00%(objectname)%00%(upstream:track) refs/heads/main refs/remotes/main [6ms]
[2022-03-02T10:27:23.301Z] > git for-each-ref --sort -committerdate --format %(refname) %(objectname) %(*objectname) [16ms]
[2022-03-02T10:27:23.301Z] > git remote --verbose [1ms]
[2022-03-02T10:27:23.330Z] > git config --get commit.template [6ms]
[2022-03-02T10:27:33.286Z] > git symbolic-ref --short HEAD [2ms]
[2022-03-02T10:27:33.304Z] > git for-each-ref --format=%(refname)%00%(upstream:short)%00%(objectname)%00%(upstream:track) refs/heads/main refs/remotes/main [4ms]
[2022-03-02T10:27:33.334Z] > git for-each-ref --sort -committerdate --format %(refname) %(objectname) %(*objectname) [15ms]
[2022-03-02T10:27:33.335Z] > git remote --verbose [4ms]
[2022-03-02T10:27:33.359Z] > git config --get commit.template [3ms]
[2022-03-02T10:27:42.904Z] > git symbolic-ref --short HEAD [2ms]
[2022-03-02T10:27:42.929Z] > git for-each-ref --format=%(refname)%00%(upstream:short)%00%(objectname)%00%(upstream:track) refs/heads/main refs/remotes/main [5ms]
[2022-03-02T10:27:42.962Z] > git for-each-ref --sort -committerdate --format %(refname) %(objectname) %(*objectname) [15ms]
[2022-03-02T10:27:42.963Z] > git remote --verbose [4ms]
[2022-03-02T10:27:42.983Z] > git config --get commit.template [3ms]
[2022-03-02T10:27:56.635Z] > git symbolic-ref --short HEAD [4ms]
[2022-03-02T10:27:56.661Z] > git for-each-ref --format=%(refname)%00%(upstream:short)%00%(objectname)%00%(upstream:track) refs/heads/main refs/remotes/main [6ms]
[2022-03-02T10:27:56.693Z] > git for-each-ref --sort -committerdate --format %(refname) %(objectname) %(*objectname) [14ms]
[2022-03-02T10:27:56.695Z] > git remote --verbose [5ms]
[2022-03-02T10:27:56.724Z] > git config --get commit.template [5ms]
[2022-03-02T10:28:14.018Z] > git ls-files --stage -- /home/ricky/VS code/projects/Project3/style.css [4ms]
[2022-03-02T10:28:19.302Z] > git symbolic-ref --short HEAD [2ms]
[2022-03-02T10:28:19.314Z] > git for-each-ref --format=%(refname)%00%(upstream:short)%00%(objectname)%00%(upstream:track) refs/heads/main refs/remotes/main [2ms]
[2022-03-02T10:28:19.334Z] > git for-each-ref --sort -committerdate --format %(refname) %(objectname) %(*objectname) [11ms]
[2022-03-02T10:28:19.335Z] > git remote --verbose [3ms]
[2022-03-02T10:28:19.354Z] > git config --get commit.template [4ms]
[2022-03-02T10:28:30.410Z] > git symbolic-ref --short HEAD [5ms]
[2022-03-02T10:28:30.430Z] > git for-each-ref --format=%(refname)%00%(upstream:short)%00%(objectname)%00%(upstream:track) refs/heads/main refs/remotes/main [3ms]
[2022-03-02T10:28:30.464Z] > git for-each-ref --sort -committerdate --format %(refname) %(objectname) %(*objectname) [19ms]
[2022-03-02T10:28:30.466Z] > git remote --verbose [5ms]
[2022-03-02T10:28:30.511Z] > git config --get commit.template [8ms]
[2022-03-02T10:28:41.406Z] > git symbolic-ref --short HEAD [2ms]
[2022-03-02T10:28:41.434Z] > git for-each-ref --format=%(refname)%00%(upstream:short)%00%(objectname)%00%(upstream:track) refs/heads/main refs/remotes/main [2ms]
[2022-03-02T10:28:41.471Z] > git for-each-ref --sort -committerdate --format %(refname) %(objectname) %(*objectname) [20ms]
[2022-03-02T10:28:41.473Z] > git remote --verbose [5ms]
[2022-03-02T10:28:41.504Z] > git config --get commit.template [7ms]
[2022-03-02T10:28:53.866Z] > git symbolic-ref --short HEAD [4ms]
[2022-03-02T10:28:53.887Z] > git for-each-ref --format=%(refname)%00%(upstream:short)%00%(objectname)%00%(upstream:track) refs/heads/main refs/remotes/main [3ms]
[2022-03-02T10:28:53.926Z] > git remote --verbose [7ms]
[2022-03-02T10:28:53.926Z] > git for-each-ref --sort -committerdate --format %(refname) %(objectname) %(*objectname) [25ms]
[2022-03-02T10:28:53.962Z] > git config --get commit.template [5ms]
[2022-03-02T10:28:59.014Z] > git symbolic-ref --short HEAD [2ms]
[2022-03-02T10:28:59.028Z] > git for-each-ref --format=%(refname)%00%(upstream:short)%00%(objectname)%00%(upstream:track) refs/heads/main refs/remotes/main [3ms]
[2022-03-02T10:28:59.048Z] > git for-each-ref --sort -committerdate --format %(refname) %(objectname) %(*objectname) [10ms]
[2022-03-02T10:28:59.049Z] > git remote --verbose [2ms]
[2022-03-02T10:28:59.072Z] > git config --get commit.template [8ms]
[2022-03-02T10:29:04.116Z] > git symbolic-ref --short HEAD [2ms]
[2022-03-02T10:29:04.128Z] > git for-each-ref --format=%(refname)%00%(upstream:short)%00%(objectname)%00%(upstream:track) refs/heads/main refs/remotes/main [2ms]
[2022-03-02T10:29:04.148Z] > git for-each-ref --sort -committerdate --format %(refname) %(objectname) %(*objectname) [10ms]
[2022-03-02T10:29:04.149Z] > git remote --verbose [2ms]
[2022-03-02T10:29:04.167Z] > git config --get commit.template [1ms]
[2022-03-02T10:29:11.438Z] > git symbolic-ref --short HEAD [2ms]
[2022-03-02T10:29:11.450Z] > git for-each-ref --format=%(refname)%00%(upstream:short)%00%(objectname)%00%(upstream:track) refs/heads/main refs/remotes/main [2ms]
[2022-03-02T10:29:11.472Z] > git for-each-ref --sort -committerdate --format %(refname) %(objectname) %(*objectname) [12ms]
[2022-03-02T10:29:11.473Z] > git remote --verbose [3ms]
[2022-03-02T10:29:11.492Z] > git config --get commit.template [2ms]
[2022-03-02T10:29:35.824Z] > git symbolic-ref --short HEAD [4ms]
[2022-03-02T10:29:35.870Z] > git for-each-ref --format=%(refname)%00%(upstream:short)%00%(objectname)%00%(upstream:track) refs/heads/main refs/remotes/main [6ms]
[2022-03-02T10:29:35.912Z] > git for-each-ref --sort -committerdate --format %(refname) %(objectname) %(*objectname) [15ms]
[2022-03-02T10:29:35.913Z] > git remote --verbose [2ms]
[2022-03-02T10:29:35.941Z] > git config --get commit.template [8ms]
[2022-03-02T10:29:44.839Z] > git ls-files --stage -- /home/ricky/VS code/projects/Project3/index.html [2ms]
[2022-03-02T10:30:21.189Z] > git ls-files --stage -- /home/ricky/VS code/projects/Project3/style.css [4ms]
[2022-03-02T10:30:35.234Z] > git symbolic-ref --short HEAD [3ms]
[2022-03-02T10:30:35.260Z] > git for-each-ref --format=%(refname)%00%(upstream:short)%00%(objectname)%00%(upstream:track) refs/heads/main refs/remotes/main [6ms]
[2022-03-02T10:30:35.294Z] > git for-each-ref --sort -committerdate --format %(refname) %(objectname) %(*objectname) [17ms]
[2022-03-02T10:30:35.296Z] > git remote --verbose [5ms]
[2022-03-02T10:30:35.339Z] > git config --get commit.template [10ms]
[2022-03-02T10:30:42.818Z] > git symbolic-ref --short HEAD [7ms]
[2022-03-02T10:30:42.836Z] > git for-each-ref --format=%(refname)%00%(upstream:short)%00%(objectname)%00%(upstream:track) refs/heads/main refs/remotes/main [4ms]
[2022-03-02T10:30:42.874Z] > git for-each-ref --sort -committerdate --format %(refname) %(objectname) %(*objectname) [23ms]
[2022-03-02T10:30:42.875Z] > git remote --verbose [7ms]
[2022-03-02T10:30:42.915Z] > git config --get commit.template [9ms]
[2022-03-02T10:30:52.526Z] > git symbolic-ref --short HEAD [11ms]
[2022-03-02T10:30:52.553Z] > git for-each-ref --format=%(refname)%00%(upstream:short)%00%(objectname)%00%(upstream:track) refs/heads/main refs/remotes/main [6ms]
[2022-03-02T10:30:52.588Z] > git for-each-ref --sort -committerdate --format %(refname) %(objectname) %(*objectname) [17ms]
[2022-03-02T10:30:52.590Z] > git remote --verbose [4ms]
[2022-03-02T10:30:52.610Z] > git config --get commit.template [2ms]
[2022-03-02T10:31:05.698Z] > git symbolic-ref --short HEAD [5ms]
[2022-03-02T10:31:05.732Z] > git for-each-ref --format=%(refname)%00%(upstream:short)%00%(objectname)%00%(upstream:track) refs/heads/main refs/remotes/main [6ms]
[2022-03-02T10:31:05.768Z] > git for-each-ref --sort -committerdate --format %(refname) %(objectname) %(*objectname) [17ms]
[2022-03-02T10:31:05.773Z] > git remote --verbose [8ms]
[2022-03-02T10:31:05.816Z] > git config --get commit.template [5ms]
[2022-03-02T10:31:15.049Z] > git symbolic-ref --short HEAD [9ms]
[2022-03-02T10:31:15.066Z] > git for-each-ref --format=%(refname)%00%(upstream:short)%00%(objectname)%00%(upstream:track) refs/heads/main refs/remotes/main [3ms]
[2022-03-02T10:31:15.106Z] > git remote --verbose [4ms]
[2022-03-02T10:31:15.106Z] > git for-each-ref --sort -committerdate --format %(refname) %(objectname) %(*objectname) [14ms]
[2022-03-02T10:31:15.137Z] > git config --get commit.template [3ms]
[2022-03-02T10:31:22.965Z] > git symbolic-ref --short HEAD [2ms]
[2022-03-02T10:31:22.980Z] > git for-each-ref --format=%(refname)%00%(upstream:short)%00%(objectname)%00%(upstream:track) refs/heads/main refs/remotes/main [3ms]
[2022-03-02T10:31:23.003Z] > git for-each-ref --sort -committerdate --format %(refname) %(objectname) %(*objectname) [12ms]
[2022-03-02T10:31:23.004Z] > git remote --verbose [2ms]
[2022-03-02T10:31:23.020Z] > git config --get commit.template [2ms]
[2022-03-02T10:31:32.486Z] > git symbolic-ref --short HEAD [5ms]
[2022-03-02T10:31:32.514Z] > git for-each-ref --format=%(refname)%00%(upstream:short)%00%(objectname)%00%(upstream:track) refs/heads/main refs/remotes/main [2ms]
[2022-03-02T10:31:32.552Z] > git for-each-ref --sort -committerdate --format %(refname) %(objectname) %(*objectname) [15ms]
[2022-03-02T10:31:32.553Z] > git remote --verbose [2ms]
[2022-03-02T10:31:32.572Z] > git config --get commit.template [3ms]
[2022-03-02T10:31:44.814Z] > git symbolic-ref --short HEAD [11ms]
[2022-03-02T10:31:44.838Z] > git for-each-ref --format=%(refname)%00%(upstream:short)%00%(objectname)%00%(upstream:track) refs/heads/main refs/remotes/main [8ms]
[2022-03-02T10:31:44.872Z] > git for-each-ref --sort -committerdate --format %(refname) %(objectname) %(*objectname) [23ms]
[2022-03-02T10:31:44.873Z] > git remote --verbose [5ms]
[2022-03-02T10:31:44.911Z] > git config --get commit.template [7ms]
[2022-03-02T10:32:47.070Z] > git symbolic-ref --short HEAD [3ms]
[2022-03-02T10:32:47.093Z] > git for-each-ref --format=%(refname)%00%(upstream:short)%00%(objectname)%00%(upstream:track) refs/heads/main refs/remotes/main [5ms]
[2022-03-02T10:32:47.124Z] > git for-each-ref --sort -committerdate --format %(refname) %(objectname) %(*objectname) [19ms]
[2022-03-02T10:32:47.126Z] > git remote --verbose [5ms]
[2022-03-02T10:32:47.157Z] > git config --get commit.template [4ms]
[2022-03-02T10:33:03.577Z] > git symbolic-ref --short HEAD [1ms]
[2022-03-02T10:33:03.589Z] > git for-each-ref --format=%(refname)%00%(upstream:short)%00%(objectname)%00%(upstream:track) refs/heads/main refs/remotes/main [2ms]
[2022-03-02T10:33:03.610Z] > git for-each-ref --sort -committerdate --format %(refname) %(objectname) %(*objectname) [11ms]
[2022-03-02T10:33:03.611Z] > git remote --verbose [2ms]
[2022-03-02T10:33:03.631Z] > git config --get commit.template [5ms]
[2022-03-02T10:33:21.679Z] > git symbolic-ref --short HEAD [8ms]
[2022-03-02T10:33:21.706Z] > git for-each-ref --format=%(refname)%00%(upstream:short)%00%(objectname)%00%(upstream:track) refs/heads/main refs/remotes/main [2ms]
[2022-03-02T10:33:21.752Z] > git for-each-ref --sort -committerdate --format %(refname) %(objectname) %(*objectname) [26ms]
[2022-03-02T10:33:21.753Z] > git remote --verbose [4ms]
[2022-03-02T10:33:21.776Z] > git config --get commit.template [5ms]
[2022-03-02T10:33:37.967Z] > git symbolic-ref --short HEAD [14ms]
[2022-03-02T10:33:37.998Z] > git for-each-ref --format=%(refname)%00%(upstream:short)%00%(objectname)%00%(upstream:track) refs/heads/main refs/remotes/main [8ms]
[2022-03-02T10:33:38.038Z] > git remote --verbose [5ms]
[2022-03-02T10:33:38.038Z] > git for-each-ref --sort -committerdate --format %(refname) %(objectname) %(*objectname) [26ms]
[2022-03-02T10:33:38.080Z] > git config --get commit.template [14ms]
[2022-03-02T10:33:52.976Z] > git symbolic-ref --short HEAD [2ms]
[2022-03-02T10:33:53.005Z] > git for-each-ref --format=%(refname)%00%(upstream:short)%00%(objectname)%00%(upstream:track) refs/heads/main refs/remotes/main [2ms]
[2022-03-02T10:33:53.039Z] > git remote --verbose [5ms]
[2022-03-02T10:33:53.040Z] > git for-each-ref --sort -committerdate --format %(refname) %(objectname) %(*objectname) [21ms]
[2022-03-02T10:33:53.066Z] > git config --get commit.template [2ms]
[2022-03-02T10:34:01.032Z] > git ls-files --stage -- /home/ricky/VS code/projects/Project3/index.html [3ms]
[2022-03-02T10:34:55.123Z] > git symbolic-ref --short HEAD [7ms]
[2022-03-02T10:34:55.144Z] > git for-each-ref --format=%(refname)%00%(upstream:short)%00%(objectname)%00%(upstream:track) refs/heads/main refs/remotes/main [5ms]
[2022-03-02T10:34:55.186Z] > git for-each-ref --sort -committerdate --format %(refname) %(objectname) %(*objectname) [24ms]
[2022-03-02T10:34:55.187Z] > git remote --verbose [2ms]
[2022-03-02T10:34:55.228Z] > git config --get commit.template [6ms]
[2022-03-02T10:34:59.219Z] > git ls-files --stage -- /home/ricky/VS code/projects/Project3/style.css [3ms]
[2022-03-02T10:35:28.486Z] > git symbolic-ref --short HEAD [2ms]
[2022-03-02T10:35:28.498Z] > git for-each-ref --format=%(refname)%00%(upstream:short)%00%(objectname)%00%(upstream:track) refs/heads/main refs/remotes/main [2ms]
[2022-03-02T10:35:28.524Z] > git for-each-ref --sort -committerdate --format %(refname) %(objectname) %(*objectname) [14ms]
[2022-03-02T10:35:28.525Z] > git remote --verbose [3ms]
[2022-03-02T10:35:28.540Z] > git config --get commit.template [2ms]
[2022-03-02T10:35:38.677Z] > git symbolic-ref --short HEAD [2ms]
[2022-03-02T10:35:38.698Z] > git for-each-ref --format=%(refname)%00%(upstream:short)%00%(objectname)%00%(upstream:track) refs/heads/main refs/remotes/main [4ms]
[2022-03-02T10:35:38.738Z] > git for-each-ref --sort -committerdate --format %(refname) %(objectname) %(*objectname) [21ms]
[2022-03-02T10:35:38.741Z] > git remote --verbose [8ms]
[2022-03-02T10:35:38.768Z] > git config --get commit.template [3ms]
[2022-03-02T10:35:43.833Z] > git symbolic-ref --short HEAD [4ms]
[2022-03-02T10:35:43.852Z] > git for-each-ref --format=%(refname)%00%(upstream:short)%00%(objectname)%00%(upstream:track) refs/heads/main refs/remotes/main [3ms]
[2022-03-02T10:35:43.904Z] > git for-each-ref --sort -committerdate --format %(refname) %(objectname) %(*objectname) [34ms]
[2022-03-02T10:35:43.905Z] > git remote --verbose [5ms]
[2022-03-02T10:35:43.928Z] > git config --get commit.template [2ms]
[2022-03-02T10:36:04.422Z] > git symbolic-ref --short HEAD [7ms]
[2022-03-02T10:36:04.449Z] > git for-each-ref --format=%(refname)%00%(upstream:short)%00%(objectname)%00%(upstream:track) refs/heads/main refs/remotes/main [7ms]
[2022-03-02T10:36:04.496Z] > git for-each-ref --sort -committerdate --format %(refname) %(objectname) %(*objectname) [28ms]
[2022-03-02T10:36:04.497Z] > git remote --verbose [3ms]
[2022-03-02T10:36:04.526Z] > git config --get commit.template [3ms]
[2022-03-02T10:36:09.568Z] > git symbolic-ref --short HEAD [2ms]
[2022-03-02T10:36:09.581Z] > git for-each-ref --format=%(refname)%00%(upstream:short)%00%(objectname)%00%(upstream:track) refs/heads/main refs/remotes/main [2ms]
[2022-03-02T10:36:09.602Z] > git for-each-ref --sort -committerdate --format %(refname) %(objectname) %(*objectname) [11ms]
[2022-03-02T10:36:09.603Z] > git remote --verbose [2ms]
[2022-03-02T10:36:09.623Z] > git config --get commit.template [4ms]
[2022-03-02T10:36:15.480Z] > git symbolic-ref --short HEAD [5ms]
[2022-03-02T10:36:15.496Z] > git for-each-ref --format=%(refname)%00%(upstream:short)%00%(objectname)%00%(upstream:track) refs/heads/main refs/remotes/main [3ms]
[2022-03-02T10:36:15.524Z] > git for-each-ref --sort -committerdate --format %(refname) %(objectname) %(*objectname) [12ms]
[2022-03-02T10:36:15.524Z] > git remote --verbose [2ms]
[2022-03-02T10:36:15.552Z] > git config --get commit.template [4ms]
[2022-03-02T10:36:38.422Z] > git symbolic-ref --short HEAD [5ms]
[2022-03-02T10:36:38.441Z] > git for-each-ref --format=%(refname)%00%(upstream:short)%00%(objectname)%00%(upstream:track) refs/heads/main refs/remotes/main [2ms]
[2022-03-02T10:36:38.486Z] > git for-each-ref --sort -committerdate --format %(refname) %(objectname) %(*objectname) [24ms]
[2022-03-02T10:36:38.487Z] > git remote --verbose [4ms]
[2022-03-02T10:36:38.517Z] > git config --get commit.template [6ms]
[2022-03-02T10:36:47.130Z] > git symbolic-ref --short HEAD [3ms]
[2022-03-02T10:36:47.155Z] > git for-each-ref --format=%(refname)%00%(upstream:short)%00%(objectname)%00%(upstream:track) refs/heads/main refs/remotes/main [3ms]
[2022-03-02T10:36:47.200Z] > git for-each-ref --sort -committerdate --format %(refname) %(objectname) %(*objectname) [22ms]
[2022-03-02T10:36:47.201Z] > git remote --verbose [5ms]
[2022-03-02T10:36:47.232Z] > git config --get commit.template [3ms]
[2022-03-02T10:37:00.306Z] > git symbolic-ref --short HEAD [6ms]
[2022-03-02T10:37:00.327Z] > git for-each-ref --format=%(refname)%00%(upstream:short)%00%(objectname)%00%(upstream:track) refs/heads/main refs/remotes/main [4ms]
[2022-03-02T10:37:00.391Z] > git for-each-ref --sort -committerdate --format %(refname) %(objectname) %(*objectname) [14ms]
[2022-03-02T10:37:00.392Z] > git remote --verbose [3ms]
[2022-03-02T10:37:00.417Z] > git config --get commit.template [5ms]
[2022-03-02T10:37:10.385Z] > git symbolic-ref --short HEAD [17ms]
[2022-03-02T10:37:10.441Z] > git for-each-ref --format=%(refname)%00%(upstream:short)%00%(objectname)%00%(upstream:track) refs/heads/main refs/remotes/main [7ms]
[2022-03-02T10:37:10.496Z] > git for-each-ref --sort -committerdate --format %(refname) %(objectname) %(*objectname) [29ms]
[2022-03-02T10:37:10.497Z] > git remote --verbose [5ms]
[2022-03-02T10:37:10.547Z] > git config --get commit.template [3ms]
[2022-03-02T10:37:22.576Z] > git symbolic-ref --short HEAD [7ms]
[2022-03-02T10:37:22.618Z] > git for-each-ref --format=%(refname)%00%(upstream:short)%00%(objectname)%00%(upstream:track) refs/heads/main refs/remotes/main [4ms]
[2022-03-02T10:37:22.673Z] > git for-each-ref --sort -committerdate --format %(refname) %(objectname) %(*objectname) [33ms]
[2022-03-02T10:37:22.676Z] > git remote --verbose [10ms]
[2022-03-02T10:37:22.711Z] > git config --get commit.template [6ms]
[2022-03-02T10:37:51.124Z] > git symbolic-ref --short HEAD [4ms]
[2022-03-02T10:37:51.143Z] > git for-each-ref --format=%(refname)%00%(upstream:short)%00%(objectname)%00%(upstream:track) refs/heads/main refs/remotes/main [4ms]
[2022-03-02T10:37:51.177Z] > git for-each-ref --sort -committerdate --format %(refname) %(objectname) %(*objectname) [17ms]
[2022-03-02T10:37:51.178Z] > git remote --verbose [2ms]
[2022-03-02T10:37:51.203Z] > git config --get commit.template [3ms]
[2022-03-02T10:39:33.183Z] > git symbolic-ref --short HEAD [9ms]
[2022-03-02T10:39:33.230Z] > git for-each-ref --format=%(refname)%00%(upstream:short)%00%(objectname)%00%(upstream:track) refs/heads/main refs/remotes/main [11ms]
[2022-03-02T10:39:33.278Z] > git for-each-ref --sort -committerdate --format %(refname) %(objectname) %(*objectname) [18ms]
[2022-03-02T10:39:33.279Z] > git remote --verbose [5ms]
[2022-03-02T10:39:33.314Z] > git config --get commit.template [11ms]
[2022-03-02T10:39:58.263Z] > git symbolic-ref --short HEAD [12ms]
[2022-03-02T10:39:58.312Z] > git for-each-ref --format=%(refname)%00%(upstream:short)%00%(objectname)%00%(upstream:track) refs/heads/main refs/remotes/main [8ms]
[2022-03-02T10:39:58.366Z] > git for-each-ref --sort -committerdate --format %(refname) %(objectname) %(*objectname) [26ms]
[2022-03-02T10:39:58.368Z] > git remote --verbose [3ms]
[2022-03-02T10:39:58.411Z] > git config --get commit.template [6ms]
[2022-03-02T10:40:04.889Z] > git symbolic-ref --short HEAD [2ms]
[2022-03-02T10:40:04.912Z] > git for-each-ref --format=%(refname)%00%(upstream:short)%00%(objectname)%00%(upstream:track) refs/heads/main refs/remotes/main [6ms]
[2022-03-02T10:40:04.944Z] > git for-each-ref --sort -committerdate --format %(refname) %(objectname) %(*objectname) [21ms]
[2022-03-02T10:40:04.945Z] > git remote --verbose [4ms]
[2022-03-02T10:40:04.978Z] > git config --get commit.template [6ms]
[2022-03-02T10:40:12.365Z] > git symbolic-ref --short HEAD [4ms]
[2022-03-02T10:40:12.393Z] > git for-each-ref --format=%(refname)%00%(upstream:short)%00%(objectname)%00%(upstream:track) refs/heads/main refs/remotes/main [5ms]
[2022-03-02T10:40:12.440Z] > git for-each-ref --sort -committerdate --format %(refname) %(objectname) %(*objectname) [21ms]
[2022-03-02T10:40:12.443Z] > git remote --verbose [4ms]
[2022-03-02T10:40:12.468Z] > git config --get commit.template [3ms]
[2022-03-02T10:40:20.844Z] > git symbolic-ref --short HEAD [18ms]
[2022-03-02T10:40:20.878Z] > git for-each-ref --format=%(refname)%00%(upstream:short)%00%(objectname)%00%(upstream:track) refs/heads/main refs/remotes/main [7ms]
[2022-03-02T10:40:20.940Z] > git for-each-ref --sort -committerdate --format %(refname) %(objectname) %(*objectname) [18ms]
[2022-03-02T10:40:20.942Z] > git remote --verbose [3ms]
[2022-03-02T10:40:20.963Z] > git config --get commit.template [2ms]
[2022-03-02T10:40:33.880Z] > git symbolic-ref --short HEAD [11ms]
[2022-03-02T10:40:33.904Z] > git for-each-ref --format=%(refname)%00%(upstream:short)%00%(objectname)%00%(upstream:track) refs/heads/main refs/remotes/main [3ms]
[2022-03-02T10:40:33.953Z] > git for-each-ref --sort -committerdate --format %(refname) %(objectname) %(*objectname) [26ms]
[2022-03-02T10:40:33.953Z] > git remote --verbose [4ms]
[2022-03-02T10:40:33.991Z] > git config --get commit.template [7ms]
[2022-03-02T10:41:10.540Z] > git symbolic-ref --short HEAD [2ms]
[2022-03-02T10:41:10.553Z] > git for-each-ref --format=%(refname)%00%(upstream:short)%00%(objectname)%00%(upstream:track) refs/heads/main refs/remotes/main [2ms]
[2022-03-02T10:41:10.576Z] > git for-each-ref --sort -committerdate --format %(refname) %(objectname) %(*objectname) [12ms]
[2022-03-02T10:41:10.577Z] > git remote --verbose [2ms]
[2022-03-02T10:41:10.597Z] > git config --get commit.template [5ms]
[2022-03-02T10:41:45.663Z] > git symbolic-ref --short HEAD [7ms]
[2022-03-02T10:41:45.687Z] > git for-each-ref --format=%(refname)%00%(upstream:short)%00%(objectname)%00%(upstream:track) refs/heads/main refs/remotes/main [3ms]
[2022-03-02T10:41:45.732Z] > git for-each-ref --sort -committerdate --format %(refname) %(objectname) %(*objectname) [20ms]
[2022-03-02T10:41:45.733Z] > git remote --verbose [3ms]
[2022-03-02T10:41:45.761Z] > git config --get commit.template [3ms]
[2022-03-02T10:41:53.133Z] > git symbolic-ref --short HEAD [4ms]
[2022-03-02T10:41:53.153Z] > git for-each-ref --format=%(refname)%00%(upstream:short)%00%(objectname)%00%(upstream:track) refs/heads/main refs/remotes/main [6ms]
[2022-03-02T10:41:53.186Z] > git for-each-ref --sort -committerdate --format %(refname) %(objectname) %(*objectname) [13ms]
[2022-03-02T10:41:53.187Z] > git remote --verbose [3ms]
[2022-03-02T10:41:53.221Z] > git config --get commit.template [6ms]
[2022-03-02T10:41:58.267Z] > git symbolic-ref --short HEAD [3ms]
[2022-03-02T10:41:58.279Z] > git for-each-ref --format=%(refname)%00%(upstream:short)%00%(objectname)%00%(upstream:track) refs/heads/main refs/remotes/main [2ms]
[2022-03-02T10:41:58.299Z] > git for-each-ref --sort -committerdate --format %(refname) %(objectname) %(*objectname) [11ms]
[2022-03-02T10:41:58.300Z] > git remote --verbose [2ms]
[2022-03-02T10:41:58.317Z] > git config --get commit.template [2ms]
[2022-03-02T10:42:03.594Z] > git symbolic-ref --short HEAD [4ms]
[2022-03-02T10:42:03.611Z] > git for-each-ref --format=%(refname)%00%(upstream:short)%00%(objectname)%00%(upstream:track) refs/heads/main refs/remotes/main [3ms]
[2022-03-02T10:42:03.651Z] > git for-each-ref --sort -committerdate --format %(refname) %(objectname) %(*objectname) [18ms]
[2022-03-02T10:42:03.652Z] > git remote --verbose [3ms]
[2022-03-02T10:42:03.684Z] > git config --get commit.template [10ms]
[2022-03-02T10:42:08.767Z] > git symbolic-ref --short HEAD [1ms]
[2022-03-02T10:42:08.782Z] > git for-each-ref --format=%(refname)%00%(upstream:short)%00%(objectname)%00%(upstream:track) refs/heads/main refs/remotes/main [2ms]
[2022-03-02T10:42:08.803Z] > git for-each-ref --sort -committerdate --format %(refname) %(objectname) %(*objectname) [11ms]
[2022-03-02T10:42:08.804Z] > git remote --verbose [2ms]
[2022-03-02T10:42:08.825Z] > git config --get commit.template [5ms]
[2022-03-02T10:43:09.513Z] > git symbolic-ref --short HEAD [8ms]
[2022-03-02T10:43:09.548Z] > git for-each-ref --format=%(refname)%00%(upstream:short)%00%(objectname)%00%(upstream:track) refs/heads/main refs/remotes/main [5ms]
[2022-03-02T10:43:09.579Z] > git for-each-ref --sort -committerdate --format %(refname) %(objectname) %(*objectname) [16ms]
[2022-03-02T10:43:09.580Z] > git remote --verbose [3ms]
[2022-03-02T10:43:09.604Z] > git config --get commit.template [4ms]
[2022-03-02T10:43:15.814Z] > git symbolic-ref --short HEAD [6ms]
[2022-03-02T10:43:15.855Z] > git for-each-ref --format=%(refname)%00%(upstream:short)%00%(objectname)%00%(upstream:track) refs/heads/main refs/remotes/main [6ms]
[2022-03-02T10:43:15.890Z] > git for-each-ref --sort -committerdate --format %(refname) %(objectname) %(*objectname) [14ms]
[2022-03-02T10:43:15.891Z] > git remote --verbose [4ms]
[2022-03-02T10:43:15.919Z] > git config --get commit.template [5ms]
[2022-03-02T10:43:20.960Z] > git symbolic-ref --short HEAD [2ms]
[2022-03-02T10:43:20.972Z] > git for-each-ref --format=%(refname)%00%(upstream:short)%00%(objectname)%00%(upstream:track) refs/heads/main refs/remotes/main [2ms]
[2022-03-02T10:43:20.995Z] > git for-each-ref --sort -committerdate --format %(refname) %(objectname) %(*objectname) [12ms]
[2022-03-02T10:43:20.996Z] > git remote --verbose [3ms]
[2022-03-02T10:43:21.018Z] > git config --get commit.template [2ms]
[2022-03-02T10:43:43.494Z] > git symbolic-ref --short HEAD [14ms]
[2022-03-02T10:43:43.526Z] > git for-each-ref --format=%(refname)%00%(upstream:short)%00%(objectname)%00%(upstream:track) refs/heads/main refs/remotes/main [4ms]
[2022-03-02T10:43:43.561Z] > git for-each-ref --sort -committerdate --format %(refname) %(objectname) %(*objectname) [20ms]
[2022-03-02T10:43:43.562Z] > git remote --verbose [2ms]
[2022-03-02T10:43:43.587Z] > git config --get commit.template [5ms]
[2022-03-02T10:43:57.160Z] > git symbolic-ref --short HEAD [17ms]
[2022-03-02T10:43:57.212Z] > git for-each-ref --format=%(refname)%00%(upstream:short)%00%(objectname)%00%(upstream:track) refs/heads/main refs/remotes/main [10ms]
[2022-03-02T10:43:57.263Z] > git for-each-ref --sort -committerdate --format %(refname) %(objectname) %(*objectname) [18ms]
[2022-03-02T10:43:57.264Z] > git remote --verbose [2ms]
[2022-03-02T10:43:57.289Z] > git config --get commit.template [3ms]
[2022-03-02T10:44:15.855Z] > git symbolic-ref --short HEAD [12ms]
[2022-03-02T10:44:15.898Z] > git for-each-ref --format=%(refname)%00%(upstream:short)%00%(objectname)%00%(upstream:track) refs/heads/main refs/remotes/main [7ms]
[2022-03-02T10:44:15.976Z] > git for-each-ref --sort -committerdate --format %(refname) %(objectname) %(*objectname) [44ms]
[2022-03-02T10:44:15.982Z] > git remote --verbose [9ms]
[2022-03-02T10:44:16.014Z] > git config --get commit.template [5ms]
[2022-03-02T10:44:31.810Z] > git symbolic-ref --short HEAD [2ms]
[2022-03-02T10:44:31.838Z] > git for-each-ref --format=%(refname)%00%(upstream:short)%00%(objectname)%00%(upstream:track) refs/heads/main refs/remotes/main [7ms]
[2022-03-02T10:44:31.885Z] > git remote --verbose [3ms]
[2022-03-02T10:44:31.886Z] > git for-each-ref --sort -committerdate --format %(refname) %(objectname) %(*objectname) [29ms]
[2022-03-02T10:44:31.918Z] > git config --get commit.template [1ms]
[2022-03-02T10:44:42.218Z] > git symbolic-ref --short HEAD [5ms]
[2022-03-02T10:44:42.243Z] > git for-each-ref --format=%(refname)%00%(upstream:short)%00%(objectname)%00%(upstream:track) refs/heads/main refs/remotes/main [2ms]
[2022-03-02T10:44:42.280Z] > git for-each-ref --sort -committerdate --format %(refname) %(objectname) %(*objectname) [17ms]
[2022-03-02T10:44:42.281Z] > git remote --verbose [4ms]
[2022-03-02T10:44:42.307Z] > git config --get commit.template [3ms]
[2022-03-02T10:44:50.280Z] > git symbolic-ref --short HEAD [4ms]
[2022-03-02T10:44:50.308Z] > git for-each-ref --format=%(refname)%00%(upstream:short)%00%(objectname)%00%(upstream:track) refs/heads/main refs/remotes/main [6ms]
[2022-03-02T10:44:50.359Z] > git for-each-ref --sort -committerdate --format %(refname) %(objectname) %(*objectname) [34ms]
[2022-03-02T10:44:50.360Z] > git remote --verbose [3ms]
[2022-03-02T10:44:50.388Z] > git config --get commit.template [2ms]
[2022-03-02T10:44:55.774Z] > git symbolic-ref --short HEAD [3ms]
[2022-03-02T10:44:55.810Z] > git for-each-ref --format=%(refname)%00%(upstream:short)%00%(objectname)%00%(upstream:track) refs/heads/main refs/remotes/main [6ms]
[2022-03-02T10:44:55.857Z] > git for-each-ref --sort -committerdate --format %(refname) %(objectname) %(*objectname) [24ms]
[2022-03-02T10:44:55.861Z] > git remote --verbose [8ms]
[2022-03-02T10:44:55.887Z] > git config --get commit.template [4ms]
[2022-03-02T10:44:58.302Z] > git ls-files --stage -- /home/ricky/VS code/projects/Project3/index.html [3ms]
[2022-03-02T10:45:41.392Z] > git ls-files --stage -- /home/ricky/VS code/projects/Project3/style.css [3ms]
[2022-03-02T10:46:54.600Z] > git symbolic-ref --short HEAD [7ms]
[2022-03-02T10:46:54.632Z] > git for-each-ref --format=%(refname)%00%(upstream:short)%00%(objectname)%00%(upstream:track) refs/heads/main refs/remotes/main [4ms]
[2022-03-02T10:46:54.666Z] > git for-each-ref --sort -committerdate --format %(refname) %(objectname) %(*objectname) [21ms]
[2022-03-02T10:46:54.667Z] > git remote --verbose [4ms]
[2022-03-02T10:46:54.701Z] > git config --get commit.template [4ms]
[2022-03-02T10:47:05.993Z] > git symbolic-ref --short HEAD [6ms]
[2022-03-02T10:47:06.029Z] > git for-each-ref --format=%(refname)%00%(upstream:short)%00%(objectname)%00%(upstream:track) refs/heads/main refs/remotes/main [6ms]
[2022-03-02T10:47:06.075Z] > git for-each-ref --sort -committerdate --format %(refname) %(objectname) %(*objectname) [21ms]
[2022-03-02T10:47:06.077Z] > git remote --verbose [6ms]
[2022-03-02T10:47:06.113Z] > git config --get commit.template [7ms]
[2022-03-02T10:47:25.044Z] > git symbolic-ref --short HEAD [5ms]
[2022-03-02T10:47:25.079Z] > git for-each-ref --format=%(refname)%00%(upstream:short)%00%(objectname)%00%(upstream:track) refs/heads/main refs/remotes/main [6ms]
[2022-03-02T10:47:25.123Z] > git for-each-ref --sort -committerdate --format %(refname) %(objectname) %(*objectname) [25ms]
[2022-03-02T10:47:25.128Z] > git remote --verbose [7ms]
[2022-03-02T10:47:25.155Z] > git config --get commit.template [3ms]
[2022-03-02T10:47:57.662Z] > git symbolic-ref --short HEAD [12ms]
[2022-03-02T10:47:57.693Z] > git for-each-ref --format=%(refname)%00%(upstream:short)%00%(objectname)%00%(upstream:track) refs/heads/main refs/remotes/main [7ms]
[2022-03-02T10:47:57.735Z] > git for-each-ref --sort -committerdate --format %(refname) %(objectname) %(*objectname) [17ms]
[2022-03-02T10:47:57.736Z] > git remote --verbose [3ms]
[2022-03-02T10:47:57.773Z] > git config --get commit.template [8ms]
[2022-03-02T10:48:18.886Z] > git ls-files --stage -- /home/ricky/VS code/projects/Project3/index.html [3ms]
[2022-03-02T10:48:34.341Z] > git ls-files --stage -- /home/ricky/VS code/projects/Project3/style.css [2ms]
[2022-03-02T10:48:56.029Z] > git symbolic-ref --short HEAD [3ms]
[2022-03-02T10:48:56.049Z] > git for-each-ref --format=%(refname)%00%(upstream:short)%00%(objectname)%00%(upstream:track) refs/heads/main refs/remotes/main [4ms]
[2022-03-02T10:48:56.092Z] > git for-each-ref --sort -committerdate --format %(refname) %(objectname) %(*objectname) [18ms]
[2022-03-02T10:48:56.093Z] > git remote --verbose [2ms]
[2022-03-02T10:48:56.118Z] > git config --get commit.template [3ms]
[2022-03-02T10:49:05.707Z] > git symbolic-ref --short HEAD [3ms]
[2022-03-02T10:49:05.728Z] > git for-each-ref --format=%(refname)%00%(upstream:short)%00%(objectname)%00%(upstream:track) refs/heads/main refs/remotes/main [5ms]
[2022-03-02T10:49:05.763Z] > git for-each-ref --sort -committerdate --format %(refname) %(objectname) %(*objectname) [17ms]
[2022-03-02T10:49:05.764Z] > git remote --verbose [2ms]
[2022-03-02T10:49:05.797Z] > git config --get commit.template [5ms]
[2022-03-02T10:49:30.342Z] > git symbolic-ref --short HEAD [7ms]
[2022-03-02T10:49:30.376Z] > git for-each-ref --format=%(refname)%00%(upstream:short)%00%(objectname)%00%(upstream:track) refs/heads/main refs/remotes/main [5ms]
[2022-03-02T10:49:30.413Z] > git for-each-ref --sort -committerdate --format %(refname) %(objectname) %(*objectname) [21ms]
[2022-03-02T10:49:30.414Z] > git remote --verbose [2ms]
[2022-03-02T10:49:30.461Z] > git config --get commit.template [14ms]
[2022-03-02T10:49:53.447Z] > git symbolic-ref --short HEAD [3ms]
[2022-03-02T10:49:53.469Z] > git for-each-ref --format=%(refname)%00%(upstream:short)%00%(objectname)%00%(upstream:track) refs/heads/main refs/remotes/main [6ms]
[2022-03-02T10:49:53.502Z] > git for-each-ref --sort -committerdate --format %(refname) %(objectname) %(*objectname) [16ms]
[2022-03-02T10:49:53.502Z] > git remote --verbose [2ms]
[2022-03-02T10:49:53.530Z] > git config --get commit.template [2ms]
[2022-03-02T10:49:58.574Z] > git symbolic-ref --short HEAD [2ms]
[2022-03-02T10:49:58.586Z] > git for-each-ref --format=%(refname)%00%(upstream:short)%00%(objectname)%00%(upstream:track) refs/heads/main refs/remotes/main [1ms]
[2022-03-02T10:49:58.608Z] > git for-each-ref --sort -committerdate --format %(refname) %(objectname) %(*objectname) [12ms]
[2022-03-02T10:49:58.609Z] > git remote --verbose [1ms]
[2022-03-02T10:49:58.628Z] > git config --get commit.template [3ms]
[2022-03-02T10:50:16.180Z] > git symbolic-ref --short HEAD [5ms]
[2022-03-02T10:50:16.203Z] > git for-each-ref --format=%(refname)%00%(upstream:short)%00%(objectname)%00%(upstream:track) refs/heads/main refs/remotes/main [2ms]
[2022-03-02T10:50:16.239Z] > git for-each-ref --sort -committerdate --format %(refname) %(objectname) %(*objectname) [18ms]
[2022-03-02T10:50:16.241Z] > git remote --verbose [6ms]
[2022-03-02T10:50:16.284Z] > git config --get commit.template [12ms]
[2022-03-02T10:50:21.329Z] > git symbolic-ref --short HEAD [2ms]
[2022-03-02T10:50:21.341Z] > git for-each-ref --format=%(refname)%00%(upstream:short)%00%(objectname)%00%(upstream:track) refs/heads/main refs/remotes/main [2ms]
[2022-03-02T10:50:21.361Z] > git for-each-ref --sort -committerdate --format %(refname) %(objectname) %(*objectname) [11ms]
[2022-03-02T10:50:21.361Z] > git remote --verbose [1ms]
[2022-03-02T10:50:21.381Z] > git config --get commit.template [3ms]
[2022-03-02T10:50:34.968Z] > git symbolic-ref --short HEAD [9ms]
[2022-03-02T10:50:35.004Z] > git for-each-ref --format=%(refname)%00%(upstream:short)%00%(objectname)%00%(upstream:track) refs/heads/main refs/remotes/main [4ms]
[2022-03-02T10:50:35.049Z] > git for-each-ref --sort -committerdate --format %(refname) %(objectname) %(*objectname) [23ms]
[2022-03-02T10:50:35.050Z] > git remote --verbose [3ms]
[2022-03-02T10:50:35.094Z] > git config --get commit.template [3ms]
[2022-03-02T10:50:48.706Z] > git symbolic-ref --short HEAD [1ms]
[2022-03-02T10:50:48.719Z] > git for-each-ref --format=%(refname)%00%(upstream:short)%00%(objectname)%00%(upstream:track) refs/heads/main refs/remotes/main [2ms]
[2022-03-02T10:50:48.743Z] > git for-each-ref --sort -committerdate --format %(refname) %(objectname) %(*objectname) [15ms]
[2022-03-02T10:50:48.744Z] > git remote --verbose [2ms]
[2022-03-02T10:50:48.762Z] > git config --get commit.template [2ms]
[2022-03-02T10:51:28.504Z] > git ls-files --stage -- /home/ricky/VS code/projects/Project3/index.html [4ms]
[2022-03-02T10:51:37.683Z] > git symbolic-ref --short HEAD [8ms]
[2022-03-02T10:51:37.715Z] > git for-each-ref --format=%(refname)%00%(upstream:short)%00%(objectname)%00%(upstream:track) refs/heads/main refs/remotes/main [10ms]
[2022-03-02T10:51:37.762Z] > git for-each-ref --sort -committerdate --format %(refname) %(objectname) %(*objectname) [20ms]
[2022-03-02T10:51:37.763Z] > git remote --verbose [3ms]
[2022-03-02T10:51:37.782Z] > git config --get commit.template [1ms]
[2022-03-02T10:51:45.813Z] > git symbolic-ref --short HEAD [3ms]
[2022-03-02T10:51:45.834Z] > git for-each-ref --format=%(refname)%00%(upstream:short)%00%(objectname)%00%(upstream:track) refs/heads/main refs/remotes/main [3ms]
[2022-03-02T10:51:45.874Z] > git for-each-ref --sort -committerdate --format %(refname) %(objectname) %(*objectname) [22ms]
[2022-03-02T10:51:45.875Z] > git remote --verbose [2ms]
[2022-03-02T10:51:45.897Z] > git config --get commit.template [6ms]
[2022-03-02T10:51:50.949Z] > git symbolic-ref --short HEAD [2ms]
[2022-03-02T10:51:50.964Z] > git for-each-ref --format=%(refname)%00%(upstream:short)%00%(objectname)%00%(upstream:track) refs/heads/main refs/remotes/main [3ms]
[2022-03-02T10:51:50.990Z] > git for-each-ref --sort -committerdate --format %(refname) %(objectname) %(*objectname) [16ms]
[2022-03-02T10:51:50.991Z] > git remote --verbose [2ms]
[2022-03-02T10:51:51.012Z] > git config --get commit.template [5ms]
[2022-03-02T10:51:52.254Z] > git ls-files --stage -- /home/ricky/VS code/projects/Project3/style.css [3ms]
[2022-03-02T10:52:07.018Z] > git ls-files --stage -- /home/ricky/VS code/projects/Project3/index.html [3ms]
[2022-03-02T10:52:29.933Z] > git symbolic-ref --short HEAD [6ms]
[2022-03-02T10:52:29.954Z] > git for-each-ref --format=%(refname)%00%(upstream:short)%00%(objectname)%00%(upstream:track) refs/heads/main refs/remotes/main [3ms]
[2022-03-02T10:52:29.978Z] > git for-each-ref --sort -committerdate --format %(refname) %(objectname) %(*objectname) [12ms]
[2022-03-02T10:52:29.979Z] > git remote --verbose [2ms]
[2022-03-02T10:52:30.001Z] > git config --get commit.template [4ms]
[2022-03-02T10:52:32.382Z] > git ls-files --stage -- /home/ricky/VS code/projects/Project3/style.css [16ms]
[2022-03-02T10:52:55.280Z] > git symbolic-ref --short HEAD [2ms]
[2022-03-02T10:52:55.297Z] > git for-each-ref --format=%(refname)%00%(upstream:short)%00%(objectname)%00%(upstream:track) refs/heads/main refs/remotes/main [3ms]
[2022-03-02T10:52:55.354Z] > git remote --verbose [3ms]
[2022-03-02T10:52:55.355Z] > git for-each-ref --sort -committerdate --format %(refname) %(objectname) %(*objectname) [27ms]
[2022-03-02T10:52:55.382Z] > git config --get commit.template [2ms]
[2022-03-02T10:53:00.694Z] > git symbolic-ref --short HEAD [14ms]
[2022-03-02T10:53:00.725Z] > git for-each-ref --format=%(refname)%00%(upstream:short)%00%(objectname)%00%(upstream:track) refs/heads/main refs/remotes/main [4ms]
[2022-03-02T10:53:00.765Z] > git for-each-ref --sort -committerdate --format %(refname) %(objectname) %(*objectname) [21ms]
[2022-03-02T10:53:00.766Z] > git remote --verbose [3ms]
[2022-03-02T10:53:00.791Z] > git config --get commit.template [4ms]
[2022-03-02T10:53:05.890Z] > git ls-files --stage -- /home/ricky/VS code/projects/Project3/index.html [3ms]
[2022-03-02T10:53:13.357Z] > git ls-files --stage -- /home/ricky/VS code/projects/Project3/style.css [2ms]
[2022-03-02T10:53:26.523Z] > git symbolic-ref --short HEAD [6ms]
[2022-03-02T10:53:26.539Z] > git for-each-ref --format=%(refname)%00%(upstream:short)%00%(objectname)%00%(upstream:track) refs/heads/main refs/remotes/main [3ms]
[2022-03-02T10:53:26.575Z] > git for-each-ref --sort -committerdate --format %(refname) %(objectname) %(*objectname) [13ms]
[2022-03-02T10:53:26.575Z] > git remote --verbose [2ms]
[2022-03-02T10:53:26.595Z] > git config --get commit.template [3ms]
[2022-03-02T10:53:41.305Z] > git symbolic-ref --short HEAD [2ms]
[2022-03-02T10:53:41.318Z] > git for-each-ref --format=%(refname)%00%(upstream:short)%00%(objectname)%00%(upstream:track) refs/heads/main refs/remotes/main [2ms]
[2022-03-02T10:53:41.340Z] > git for-each-ref --sort -committerdate --format %(refname) %(objectname) %(*objectname) [13ms]
[2022-03-02T10:53:41.341Z] > git remote --verbose [2ms]
[2022-03-02T10:53:41.356Z] > git config --get commit.template [2ms]
[2022-03-02T10:53:51.284Z] > git symbolic-ref --short HEAD [2ms]
[2022-03-02T10:53:51.315Z] > git for-each-ref --format=%(refname)%00%(upstream:short)%00%(objectname)%00%(upstream:track) refs/heads/main refs/remotes/main [5ms]
[2022-03-02T10:53:51.347Z] > git for-each-ref --sort -committerdate --format %(refname) %(objectname) %(*objectname) [16ms]
[2022-03-02T10:53:51.349Z] > git remote --verbose [5ms]
[2022-03-02T10:53:51.389Z] > git config --get commit.template [6ms]
[2022-03-02T10:54:12.439Z] > git symbolic-ref --short HEAD [21ms]
[2022-03-02T10:54:12.469Z] > git for-each-ref --format=%(refname)%00%(upstream:short)%00%(objectname)%00%(upstream:track) refs/heads/main refs/remotes/main [3ms]
[2022-03-02T10:54:12.508Z] > git for-each-ref --sort -committerdate --format %(refname) %(objectname) %(*objectname) [18ms]
[2022-03-02T10:54:12.508Z] > git remote --verbose [2ms]
[2022-03-02T10:54:12.540Z] > git config --get commit.template [3ms]
[2022-03-02T10:54:31.615Z] > git symbolic-ref --short HEAD [2ms]
[2022-03-02T10:54:31.639Z] > git for-each-ref --format=%(refname)%00%(upstream:short)%00%(objectname)%00%(upstream:track) refs/heads/main refs/remotes/main [3ms]
[2022-03-02T10:54:31.679Z] > git for-each-ref --sort -committerdate --format %(refname) %(objectname) %(*objectname) [28ms]
[2022-03-02T10:54:31.680Z] > git remote --verbose [3ms]
[2022-03-02T10:54:31.708Z] > git config --get commit.template [2ms]
[2022-03-02T10:54:41.773Z] > git symbolic-ref --short HEAD [9ms]
[2022-03-02T10:54:41.805Z] > git for-each-ref --format=%(refname)%00%(upstream:short)%00%(objectname)%00%(upstream:track) refs/heads/main refs/remotes/main [5ms]
[2022-03-02T10:54:41.837Z] > git for-each-ref --sort -committerdate --format %(refname) %(objectname) %(*objectname) [17ms]
[2022-03-02T10:54:41.838Z] > git remote --verbose [3ms]
[2022-03-02T10:54:41.871Z] > git config --get commit.template [8ms]
[2022-03-02T10:55:01.514Z] > git symbolic-ref --short HEAD [19ms]
[2022-03-02T10:55:01.542Z] > git for-each-ref --format=%(refname)%00%(upstream:short)%00%(objectname)%00%(upstream:track) refs/heads/main refs/remotes/main [3ms]
[2022-03-02T10:55:01.596Z] > git for-each-ref --sort -committerdate --format %(refname) %(objectname) %(*objectname) [24ms]
[2022-03-02T10:55:01.596Z] > git remote --verbose [6ms]
[2022-03-02T10:55:01.617Z] > git config --get commit.template [2ms]
[2022-03-02T10:55:07.638Z] > git symbolic-ref --short HEAD [1ms]
[2022-03-02T10:55:07.657Z] > git for-each-ref --format=%(refname)%00%(upstream:short)%00%(objectname)%00%(upstream:track) refs/heads/main refs/remotes/main [2ms]
[2022-03-02T10:55:07.694Z] > git for-each-ref --sort -committerdate --format %(refname) %(objectname) %(*objectname) [19ms]
[2022-03-02T10:55:07.695Z] > git remote --verbose [2ms]
[2022-03-02T10:55:07.722Z] > git config --get commit.template [3ms]
[2022-03-02T10:55:22.669Z] > git symbolic-ref --short HEAD [7ms]
[2022-03-02T10:55:22.704Z] > git for-each-ref --format=%(refname)%00%(upstream:short)%00%(objectname)%00%(upstream:track) refs/heads/main refs/remotes/main [6ms]
[2022-03-02T10:55:22.736Z] > git for-each-ref --sort -committerdate --format %(refname) %(objectname) %(*objectname) [16ms]
[2022-03-02T10:55:22.737Z] > git remote --verbose [2ms]
[2022-03-02T10:55:22.763Z] > git config --get commit.template [4ms]
[2022-03-02T10:55:43.572Z] > git symbolic-ref --short HEAD [3ms]
[2022-03-02T10:55:43.596Z] > git for-each-ref --format=%(refname)%00%(upstream:short)%00%(objectname)%00%(upstream:track) refs/heads/main refs/remotes/main [4ms]
[2022-03-02T10:55:43.633Z] > git for-each-ref --sort -committerdate --format %(refname) %(objectname) %(*objectname) [19ms]
[2022-03-02T10:55:43.634Z] > git remote --verbose [2ms]
[2022-03-02T10:55:43.654Z] > git config --get commit.template [5ms]
[2022-03-02T10:55:48.702Z] > git symbolic-ref --short HEAD [2ms]
[2022-03-02T10:55:48.714Z] > git for-each-ref --format=%(refname)%00%(upstream:short)%00%(objectname)%00%(upstream:track) refs/heads/main refs/remotes/main [3ms]
[2022-03-02T10:55:48.735Z] > git for-each-ref --sort -committerdate --format %(refname) %(objectname) %(*objectname) [11ms]
[2022-03-02T10:55:48.736Z] > git remote --verbose [2ms]
[2022-03-02T10:55:48.755Z] > git config --get commit.template [1ms]
[2022-03-02T10:56:05.346Z] > git symbolic-ref --short HEAD [3ms]
[2022-03-02T10:56:05.375Z] > git for-each-ref --format=%(refname)%00%(upstream:short)%00%(objectname)%00%(upstream:track) refs/heads/main refs/remotes/main [7ms]
[2022-03-02T10:56:05.434Z] > git for-each-ref --sort -committerdate --format %(refname) %(objectname) %(*objectname) [27ms]
[2022-03-02T10:56:05.436Z] > git remote --verbose [8ms]
[2022-03-02T10:56:05.539Z] > git config --get commit.template [7ms]
[2022-03-02T10:56:33.924Z] > git symbolic-ref --short HEAD [18ms]
[2022-03-02T10:56:33.991Z] > git for-each-ref --format=%(refname)%00%(upstream:short)%00%(objectname)%00%(upstream:track) refs/heads/main refs/remotes/main [13ms]
[2022-03-02T10:56:34.075Z] > git for-each-ref --sort -committerdate --format %(refname) %(objectname) %(*objectname) [27ms]
[2022-03-02T10:56:34.077Z] > git remote --verbose [4ms]
[2022-03-02T10:56:34.127Z] > git config --get commit.template [4ms]
[2022-03-02T10:56:42.511Z] > git symbolic-ref --short HEAD [2ms]
[2022-03-02T10:56:42.525Z] > git for-each-ref --format=%(refname)%00%(upstream:short)%00%(objectname)%00%(upstream:track) refs/heads/main refs/remotes/main [2ms]
[2022-03-02T10:56:42.545Z] > git for-each-ref --sort -committerdate --format %(refname) %(objectname) %(*objectname) [10ms]
[2022-03-02T10:56:42.546Z] > git remote --verbose [2ms]
[2022-03-02T10:56:42.562Z] > git config --get commit.template [2ms]
[2022-03-02T10:58:40.134Z] > git symbolic-ref --short HEAD [2ms]
[2022-03-02T10:58:40.148Z] > git for-each-ref --format=%(refname)%00%(upstream:short)%00%(objectname)%00%(upstream:track) refs/heads/main refs/remotes/main [3ms]
[2022-03-02T10:58:40.173Z] > git remote --verbose [3ms]
[2022-03-02T10:58:40.173Z] > git for-each-ref --sort -committerdate --format %(refname) %(objectname) %(*objectname) [16ms]
[2022-03-02T10:58:40.196Z] > git config --get commit.template [2ms]
[2022-03-02T10:58:57.693Z] > git symbolic-ref --short HEAD [3ms]
[2022-03-02T10:58:57.717Z] > git for-each-ref --format=%(refname)%00%(upstream:short)%00%(objectname)%00%(upstream:track) refs/heads/main refs/remotes/main [4ms]
[2022-03-02T10:58:57.748Z] > git for-each-ref --sort -committerdate --format %(refname) %(objectname) %(*objectname) [16ms]
[2022-03-02T10:58:57.749Z] > git remote --verbose [3ms]
[2022-03-02T10:58:57.767Z] > git config --get commit.template [2ms]
[2022-03-02T10:59:18.307Z] > git symbolic-ref --short HEAD [9ms]
[2022-03-02T10:59:18.334Z] > git for-each-ref --format=%(refname)%00%(upstream:short)%00%(objectname)%00%(upstream:track) refs/heads/main refs/remotes/main [3ms]
[2022-03-02T10:59:18.378Z] > git for-each-ref --sort -committerdate --format %(refname) %(objectname) %(*objectname) [23ms]
[2022-03-02T10:59:18.379Z] > git remote --verbose [5ms]
[2022-03-02T10:59:18.402Z] > git config --get commit.template [2ms]
[2022-03-02T10:59:21.773Z] > git ls-files --stage -- /home/ricky/VS code/projects/Project3/index.html [3ms]
[2022-03-02T11:00:04.413Z] > git symbolic-ref --short HEAD [6ms]
[2022-03-02T11:00:04.439Z] > git for-each-ref --format=%(refname)%00%(upstream:short)%00%(objectname)%00%(upstream:track) refs/heads/main refs/remotes/main [5ms]
[2022-03-02T11:00:04.461Z] > git for-each-ref --sort -committerdate --format %(refname) %(objectname) %(*objectname) [11ms]
[2022-03-02T11:00:04.462Z] > git remote --verbose [2ms]
[2022-03-02T11:00:04.483Z] > git config --get commit.template [3ms]
[2022-03-02T11:00:06.719Z] > git ls-files --stage -- /home/ricky/VS code/projects/Project3/style.css [3ms]
[2022-03-02T11:00:22.750Z] > git symbolic-ref --short HEAD [3ms]
[2022-03-02T11:00:22.767Z] > git for-each-ref --format=%(refname)%00%(upstream:short)%00%(objectname)%00%(upstream:track) refs/heads/main refs/remotes/main [3ms]
[2022-03-02T11:00:22.803Z] > git for-each-ref --sort -committerdate --format %(refname) %(objectname) %(*objectname) [13ms]
[2022-03-02T11:00:22.804Z] > git remote --verbose [4ms]
[2022-03-02T11:00:22.830Z] > git config --get commit.template [2ms]
[2022-03-02T11:00:58.757Z] > git symbolic-ref --short HEAD [3ms]
[2022-03-02T11:00:58.782Z] > git for-each-ref --format=%(refname)%00%(upstream:short)%00%(objectname)%00%(upstream:track) refs/heads/main refs/remotes/main [3ms]
[2022-03-02T11:00:58.816Z] > git for-each-ref --sort -committerdate --format %(refname) %(objectname) %(*objectname) [12ms]
[2022-03-02T11:00:58.817Z] > git remote --verbose [2ms]
[2022-03-02T11:00:58.840Z] > git config --get commit.template [3ms]
[2022-03-02T11:01:13.442Z] > git symbolic-ref --short HEAD [4ms]
[2022-03-02T11:01:13.468Z] > git for-each-ref --format=%(refname)%00%(upstream:short)%00%(objectname)%00%(upstream:track) refs/heads/main refs/remotes/main [4ms]
[2022-03-02T11:01:13.510Z] > git for-each-ref --sort -committerdate --format %(refname) %(objectname) %(*objectname) [28ms]
[2022-03-02T11:01:13.511Z] > git remote --verbose [3ms]
[2022-03-02T11:01:13.547Z] > git config --get commit.template [1ms]
[2022-03-02T11:01:21.857Z] > git symbolic-ref --short HEAD [3ms]
[2022-03-02T11:01:21.887Z] > git for-each-ref --format=%(refname)%00%(upstream:short)%00%(objectname)%00%(upstream:track) refs/heads/main refs/remotes/main [5ms]
[2022-03-02T11:01:21.927Z] > git for-each-ref --sort -committerdate --format %(refname) %(objectname) %(*objectname) [22ms]
[2022-03-02T11:01:21.928Z] > git remote --verbose [2ms]
[2022-03-02T11:01:21.960Z] > git config --get commit.template [4ms]
[2022-03-02T11:01:44.502Z] > git symbolic-ref --short HEAD [3ms]
[2022-03-02T11:01:44.541Z] > git for-each-ref --format=%(refname)%00%(upstream:short)%00%(objectname)%00%(upstream:track) refs/heads/main refs/remotes/main [8ms]
[2022-03-02T11:01:44.577Z] > git for-each-ref --sort -committerdate --format %(refname) %(objectname) %(*objectname) [14ms]
[2022-03-02T11:01:44.578Z] > git remote --verbose [2ms]
[2022-03-02T11:01:44.598Z] > git config --get commit.template [2ms]
[2022-03-02T11:01:54.530Z] > git symbolic-ref --short HEAD [16ms]
[2022-03-02T11:01:54.603Z] > git for-each-ref --format=%(refname)%00%(upstream:short)%00%(objectname)%00%(upstream:track) refs/heads/main refs/remotes/main [8ms]
[2022-03-02T11:01:54.677Z] > git for-each-ref --sort -committerdate --format %(refname) %(objectname) %(*objectname) [34ms]
[2022-03-02T11:01:54.679Z] > git remote --verbose [5ms]
[2022-03-02T11:01:54.710Z] > git config --get commit.template [1ms]
[2022-03-02T11:02:51.681Z] > git symbolic-ref --short HEAD [4ms]
[2022-03-02T11:02:51.711Z] > git for-each-ref --format=%(refname)%00%(upstream:short)%00%(objectname)%00%(upstream:track) refs/heads/main refs/remotes/main [4ms]
[2022-03-02T11:02:51.739Z] > git for-each-ref --sort -committerdate --format %(refname) %(objectname) %(*objectname) [14ms]
[2022-03-02T11:02:51.739Z] > git remote --verbose [2ms]
[2022-03-02T11:02:51.774Z] > git config --get commit.template [3ms]
[2022-03-02T11:03:04.211Z] > git symbolic-ref --short HEAD [2ms]
[2022-03-02T11:03:04.224Z] > git for-each-ref --format=%(refname)%00%(upstream:short)%00%(objectname)%00%(upstream:track) refs/heads/main refs/remotes/main [2ms]
[2022-03-02T11:03:04.248Z] > git remote --verbose [3ms]
[2022-03-02T11:03:04.248Z] > git for-each-ref --sort -committerdate --format %(refname) %(objectname) %(*objectname) [13ms]
[2022-03-02T11:03:04.266Z] > git config --get commit.template [3ms]
[2022-03-02T11:03:19.572Z] > git symbolic-ref --short HEAD [10ms]
[2022-03-02T11:03:19.601Z] > git for-each-ref --format=%(refname)%00%(upstream:short)%00%(objectname)%00%(upstream:track) refs/heads/main refs/remotes/main [0ms]
[2022-03-02T11:03:19.659Z] > git for-each-ref --sort -committerdate --format %(refname) %(objectname) %(*objectname) [26ms]
[2022-03-02T11:03:19.660Z] > git remote --verbose [2ms]
[2022-03-02T11:03:19.684Z] > git config --get commit.template [5ms]
[2022-03-02T11:07:16.496Z] > git symbolic-ref --short HEAD [1ms]
[2022-03-02T11:07:16.509Z] > git for-each-ref --format=%(refname)%00%(upstream:short)%00%(objectname)%00%(upstream:track) refs/heads/main refs/remotes/main [2ms]
[2022-03-02T11:07:16.531Z] > git for-each-ref --sort -committerdate --format %(refname) %(objectname) %(*objectname) [12ms]
[2022-03-02T11:07:16.532Z] > git remote --verbose [2ms]
[2022-03-02T11:07:16.552Z] > git config --get commit.template [4ms]
[2022-03-02T11:07:34.778Z] > git symbolic-ref --short HEAD [1ms]
[2022-03-02T11:07:34.793Z] > git for-each-ref --format=%(refname)%00%(upstream:short)%00%(objectname)%00%(upstream:track) refs/heads/main refs/remotes/main [4ms]
[2022-03-02T11:07:34.814Z] > git for-each-ref --sort -committerdate --format %(refname) %(objectname) %(*objectname) [12ms]
[2022-03-02T11:07:34.814Z] > git remote --verbose [2ms]
[2022-03-02T11:07:34.834Z] > git config --get commit.template [3ms]
[2022-03-02T11:07:37.989Z] > git ls-files --stage -- /home/ricky/VS code/projects/Project3/index.html [3ms]
[2022-03-02T11:07:51.476Z] > git ls-files --stage -- /home/ricky/VS code/projects/Project3/style.css [2ms]
[2022-03-02T11:08:01.678Z] > git ls-files --stage -- /home/ricky/VS code/projects/Project3/index.html [3ms]
[2022-03-02T11:08:04.568Z] > git ls-files --stage -- /home/ricky/VS code/projects/Project3/style.css [3ms]
[2022-03-02T11:08:09.044Z] > git symbolic-ref --short HEAD [2ms]
[2022-03-02T11:08:09.055Z] > git for-each-ref --format=%(refname)%00%(upstream:short)%00%(objectname)%00%(upstream:track) refs/heads/main refs/remotes/main [2ms]
[2022-03-02T11:08:09.076Z] > git for-each-ref --sort -committerdate --format %(refname) %(objectname) %(*objectname) [11ms]
[2022-03-02T11:08:09.077Z] > git remote --verbose [2ms]
[2022-03-02T11:08:09.093Z] > git config --get commit.template [3ms]
[2022-03-02T11:08:28.216Z] > git symbolic-ref --short HEAD [2ms]
[2022-03-02T11:08:28.229Z] > git for-each-ref --format=%(refname)%00%(upstream:short)%00%(objectname)%00%(upstream:track) refs/heads/main refs/remotes/main [3ms]
[2022-03-02T11:08:28.249Z] > git for-each-ref --sort -committerdate --format %(refname) %(objectname) %(*objectname) [11ms]
[2022-03-02T11:08:28.250Z] > git remote --verbose [2ms]
[2022-03-02T11:08:28.267Z] > git config --get commit.template [2ms]
[2022-03-02T11:08:33.311Z] > git symbolic-ref --short HEAD [2ms]
[2022-03-02T11:08:33.322Z] > git for-each-ref --format=%(refname)%00%(upstream:short)%00%(objectname)%00%(upstream:track) refs/heads/main refs/remotes/main [2ms]
[2022-03-02T11:08:33.346Z] > git for-each-ref --sort -committerdate --format %(refname) %(objectname) %(*objectname) [10ms]
[2022-03-02T11:08:33.347Z] > git remote --verbose [2ms]
[2022-03-02T11:08:33.365Z] > git config --get commit.template [1ms]
[2022-03-02T11:08:45.368Z] > git symbolic-ref --short HEAD [2ms]
[2022-03-02T11:08:45.380Z] > git for-each-ref --format=%(refname)%00%(upstream:short)%00%(objectname)%00%(upstream:track) refs/heads/main refs/remotes/main [2ms]
[2022-03-02T11:08:45.404Z] > git for-each-ref --sort -committerdate --format %(refname) %(objectname) %(*objectname) [12ms]
[2022-03-02T11:08:45.404Z] > git remote --verbose [1ms]
[2022-03-02T11:08:45.420Z] > git config --get commit.template [2ms]
[2022-03-02T11:08:50.466Z] > git symbolic-ref --short HEAD [2ms]
[2022-03-02T11:08:50.479Z] > git for-each-ref --format=%(refname)%00%(upstream:short)%00%(objectname)%00%(upstream:track) refs/heads/main refs/remotes/main [3ms]
[2022-03-02T11:08:50.500Z] > git for-each-ref --sort -committerdate --format %(refname) %(objectname) %(*objectname) [12ms]
[2022-03-02T11:08:50.500Z] > git remote --verbose [2ms]
[2022-03-02T11:08:50.518Z] > git config --get commit.template [3ms]
[2022-03-02T11:08:55.583Z] > git symbolic-ref --short HEAD [12ms]
[2022-03-02T11:08:55.600Z] > git for-each-ref --format=%(refname)%00%(upstream:short)%00%(objectname)%00%(upstream:track) refs/heads/main refs/remotes/main [4ms]
[2022-03-02T11:08:55.630Z] > git for-each-ref --sort -committerdate --format %(refname) %(objectname) %(*objectname) [13ms]
[2022-03-02T11:08:55.631Z] > git remote --verbose [3ms]
[2022-03-02T11:08:55.647Z] > git config --get commit.template [2ms]
[2022-03-02T11:09:00.689Z] > git symbolic-ref --short HEAD [2ms]
[2022-03-02T11:09:00.701Z] > git for-each-ref --format=%(refname)%00%(upstream:short)%00%(objectname)%00%(upstream:track) refs/heads/main refs/remotes/main [2ms]
[2022-03-02T11:09:00.722Z] > git for-each-ref --sort -committerdate --format %(refname) %(objectname) %(*objectname) [12ms]
[2022-03-02T11:09:00.723Z] > git remote --verbose [2ms]
[2022-03-02T11:09:00.740Z] > git config --get commit.template [2ms]
[2022-03-02T11:09:05.781Z] > git symbolic-ref --short HEAD [2ms]
[2022-03-02T11:09:05.793Z] > git for-each-ref --format=%(refname)%00%(upstream:short)%00%(objectname)%00%(upstream:track) refs/heads/main refs/remotes/main [2ms]
[2022-03-02T11:09:05.815Z] > git for-each-ref --sort -committerdate --format %(refname) %(objectname) %(*objectname) [13ms]
[2022-03-02T11:09:05.815Z] > git remote --verbose [2ms]
[2022-03-02T11:09:05.867Z] > git config --get commit.template [8ms]
[2022-03-02T11:09:21.245Z] > git symbolic-ref --short HEAD [3ms]
[2022-03-02T11:09:21.256Z] > git for-each-ref --format=%(refname)%00%(upstream:short)%00%(objectname)%00%(upstream:track) refs/heads/main refs/remotes/main [2ms]
[2022-03-02T11:09:21.280Z] > git for-each-ref --sort -committerdate --format %(refname) %(objectname) %(*objectname) [13ms]
[2022-03-02T11:09:21.280Z] > git remote --verbose [3ms]
[2022-03-02T11:09:21.298Z] > git config --get commit.template [2ms]
[2022-03-02T11:09:59.517Z] > git symbolic-ref --short HEAD [2ms]
[2022-03-02T11:09:59.530Z] > git for-each-ref --format=%(refname)%00%(upstream:short)%00%(objectname)%00%(upstream:track) refs/heads/main refs/remotes/main [2ms]
[2022-03-02T11:09:59.551Z] > git for-each-ref --sort -committerdate --format %(refname) %(objectname) %(*objectname) [11ms]
[2022-03-02T11:09:59.552Z] > git remote --verbose [2ms]
[2022-03-02T11:09:59.572Z] > git config --get commit.template [2ms]
[2022-03-02T11:10:05.760Z] > git symbolic-ref --short HEAD [2ms]
[2022-03-02T11:10:05.773Z] > git for-each-ref --format=%(refname)%00%(upstream:short)%00%(objectname)%00%(upstream:track) refs/heads/main refs/remotes/main [2ms]
[2022-03-02T11:10:05.795Z] > git for-each-ref --sort -committerdate --format %(refname) %(objectname) %(*objectname) [11ms]
[2022-03-02T11:10:05.796Z] > git remote --verbose [3ms]
[2022-03-02T11:10:05.812Z] > git config --get commit.template [2ms]
[2022-03-02T11:10:10.853Z] > git symbolic-ref --short HEAD [2ms]
[2022-03-02T11:10:10.865Z] > git for-each-ref --format=%(refname)%00%(upstream:short)%00%(objectname)%00%(upstream:track) refs/heads/main refs/remotes/main [2ms]
[2022-03-02T11:10:10.905Z] > git remote --verbose [3ms]
[2022-03-02T11:10:10.906Z] > git for-each-ref --sort -committerdate --format %(refname) %(objectname) %(*objectname) [31ms]
[2022-03-02T11:10:10.960Z] > git config --get commit.template [7ms]
[2022-03-02T11:10:25.833Z] > git symbolic-ref --short HEAD [2ms]
[2022-03-02T11:10:25.846Z] > git for-each-ref --format=%(refname)%00%(upstream:short)%00%(objectname)%00%(upstream:track) refs/heads/main refs/remotes/main [2ms]
[2022-03-02T11:10:25.868Z] > git for-each-ref --sort -committerdate --format %(refname) %(objectname) %(*objectname) [11ms]
[2022-03-02T11:10:25.869Z] > git remote --verbose [2ms]
[2022-03-02T11:10:25.888Z] > git config --get commit.template [3ms]
[2022-03-02T11:10:42.173Z] > git symbolic-ref --short HEAD [2ms]
[2022-03-02T11:10:42.186Z] > git for-each-ref --format=%(refname)%00%(upstream:short)%00%(objectname)%00%(upstream:track) refs/heads/main refs/remotes/main [3ms]
[2022-03-02T11:10:42.207Z] > git for-each-ref --sort -committerdate --format %(refname) %(objectname) %(*objectname) [12ms]
[2022-03-02T11:10:42.207Z] > git remote --verbose [2ms]
[2022-03-02T11:10:42.226Z] > git config --get commit.template [3ms]
[2022-03-02T11:10:48.568Z] > git symbolic-ref --short HEAD [2ms]
[2022-03-02T11:10:48.582Z] > git for-each-ref --format=%(refname)%00%(upstream:short)%00%(objectname)%00%(upstream:track) refs/heads/main refs/remotes/main [3ms]
[2022-03-02T11:10:48.605Z] > git for-each-ref --sort -committerdate --format %(refname) %(objectname) %(*objectname) [12ms]
[2022-03-02T11:10:48.605Z] > git remote --verbose [2ms]
[2022-03-02T11:10:48.624Z] > git config --get commit.template [3ms]
[2022-03-02T11:11:32.753Z] > git symbolic-ref --short HEAD [4ms]
[2022-03-02T11:11:32.782Z] > git for-each-ref --format=%(refname)%00%(upstream:short)%00%(objectname)%00%(upstream:track) refs/heads/main refs/remotes/main [6ms]
[2022-03-02T11:11:32.817Z] > git for-each-ref --sort -committerdate --format %(refname) %(objectname) %(*objectname) [19ms]
[2022-03-02T11:11:32.818Z] > git remote --verbose [3ms]
[2022-03-02T11:11:32.846Z] > git config --get commit.template [4ms]
[2022-03-02T11:11:37.902Z] > git symbolic-ref --short HEAD [2ms]
[2022-03-02T11:11:37.918Z] > git for-each-ref --format=%(refname)%00%(upstream:short)%00%(objectname)%00%(upstream:track) refs/heads/main refs/remotes/main [2ms]
[2022-03-02T11:11:37.941Z] > git for-each-ref --sort -committerdate --format %(refname) %(objectname) %(*objectname) [13ms]
[2022-03-02T11:11:37.942Z] > git remote --verbose [2ms]
[2022-03-02T11:11:37.958Z] > git config --get commit.template [2ms]
[2022-03-02T11:11:46.078Z] > git symbolic-ref --short HEAD [2ms]
[2022-03-02T11:11:46.090Z] > git for-each-ref --format=%(refname)%00%(upstream:short)%00%(objectname)%00%(upstream:track) refs/heads/main refs/remotes/main [2ms]
[2022-03-02T11:11:46.112Z] > git for-each-ref --sort -committerdate --format %(refname) %(objectname) %(*objectname) [12ms]
[2022-03-02T11:11:46.113Z] > git remote --verbose [2ms]
[2022-03-02T11:11:46.137Z] > git config --get commit.template [6ms]
[2022-03-02T11:11:54.503Z] > git symbolic-ref --short HEAD [2ms]
[2022-03-02T11:11:54.517Z] > git for-each-ref --format=%(refname)%00%(upstream:short)%00%(objectname)%00%(upstream:track) refs/heads/main refs/remotes/main [2ms]
[2022-03-02T11:11:54.542Z] > git for-each-ref --sort -committerdate --format %(refname) %(objectname) %(*objectname) [14ms]
[2022-03-02T11:11:54.543Z] > git remote --verbose [2ms]
[2022-03-02T11:11:54.562Z] > git config --get commit.template [2ms]
[2022-03-02T11:12:05.299Z] > git symbolic-ref --short HEAD [4ms]
[2022-03-02T11:12:05.320Z] > git for-each-ref --format=%(refname)%00%(upstream:short)%00%(objectname)%00%(upstream:track) refs/heads/main refs/remotes/main [4ms]
[2022-03-02T11:12:05.358Z] > git for-each-ref --sort -committerdate --format %(refname) %(objectname) %(*objectname) [21ms]
[2022-03-02T11:12:05.362Z] > git remote --verbose [5ms]
[2022-03-02T11:12:05.386Z] > git config --get commit.template [4ms]
[2022-03-02T11:12:17.178Z] > git symbolic-ref --short HEAD [2ms]
[2022-03-02T11:12:17.190Z] > git for-each-ref --format=%(refname)%00%(upstream:short)%00%(objectname)%00%(upstream:track) refs/heads/main refs/remotes/main [2ms]
[2022-03-02T11:12:17.211Z] > git for-each-ref --sort -committerdate --format %(refname) %(objectname) %(*objectname) [11ms]
[2022-03-02T11:12:17.211Z] > git remote --verbose [2ms]
[2022-03-02T11:12:17.229Z] > git config --get commit.template [1ms]
[2022-03-02T11:12:36.818Z] > git symbolic-ref --short HEAD [2ms]
[2022-03-02T11:12:36.830Z] > git for-each-ref --format=%(refname)%00%(upstream:short)%00%(objectname)%00%(upstream:track) refs/heads/main refs/remotes/main [2ms]
[2022-03-02T11:12:36.852Z] > git for-each-ref --sort -committerdate --format %(refname) %(objectname) %(*objectname) [11ms]
[2022-03-02T11:12:36.853Z] > git remote --verbose [2ms]
[2022-03-02T11:12:36.869Z] > git config --get commit.template [1ms]
[2022-03-02T11:12:57.335Z] > git symbolic-ref --short HEAD [2ms]
[2022-03-02T11:12:57.347Z] > git for-each-ref --format=%(refname)%00%(upstream:short)%00%(objectname)%00%(upstream:track) refs/heads/main refs/remotes/main [2ms]
[2022-03-02T11:12:57.367Z] > git for-each-ref --sort -committerdate --format %(refname) %(objectname) %(*objectname) [10ms]
[2022-03-02T11:12:57.368Z] > git remote --verbose [2ms]
[2022-03-02T11:12:57.386Z] > git config --get commit.template [1ms]
[2022-03-02T11:13:10.157Z] > git symbolic-ref --short HEAD [2ms]
[2022-03-02T11:13:10.170Z] > git for-each-ref --format=%(refname)%00%(upstream:short)%00%(objectname)%00%(upstream:track) refs/heads/main refs/remotes/main [2ms]
[2022-03-02T11:13:10.191Z] > git for-each-ref --sort -committerdate --format %(refname) %(objectname) %(*objectname) [11ms]
[2022-03-02T11:13:10.192Z] > git remote --verbose [2ms]
[2022-03-02T11:13:10.215Z] > git config --get commit.template [1ms]
[2022-03-02T11:13:15.259Z] > git symbolic-ref --short HEAD [2ms]
[2022-03-02T11:13:15.270Z] > git for-each-ref --format=%(refname)%00%(upstream:short)%00%(objectname)%00%(upstream:track) refs/heads/main refs/remotes/main [2ms]
[2022-03-02T11:13:15.291Z] > git for-each-ref --sort -committerdate --format %(refname) %(objectname) %(*objectname) [11ms]
[2022-03-02T11:13:15.292Z] > git remote --verbose [2ms]
[2022-03-02T11:13:15.313Z] > git config --get commit.template [2ms]
[2022-03-02T11:13:20.363Z] > git symbolic-ref --short HEAD [3ms]
[2022-03-02T11:13:20.377Z] > git for-each-ref --format=%(refname)%00%(upstream:short)%00%(objectname)%00%(upstream:track) refs/heads/main refs/remotes/main [2ms]
[2022-03-02T11:13:20.398Z] > git for-each-ref --sort -committerdate --format %(refname) %(objectname) %(*objectname) [10ms]
[2022-03-02T11:13:20.399Z] > git remote --verbose [2ms]
[2022-03-02T11:13:20.422Z] > git config --get commit.template [6ms]
[2022-03-02T11:13:34.831Z] > git symbolic-ref --short HEAD [2ms]
[2022-03-02T11:13:34.843Z] > git for-each-ref --format=%(refname)%00%(upstream:short)%00%(objectname)%00%(upstream:track) refs/heads/main refs/remotes/main [2ms]
[2022-03-02T11:13:34.867Z] > git for-each-ref --sort -committerdate --format %(refname) %(objectname) %(*objectname) [13ms]
[2022-03-02T11:13:34.867Z] > git remote --verbose [2ms]
[2022-03-02T11:13:34.885Z] > git config --get commit.template [3ms]
[2022-03-02T11:13:48.371Z] > git symbolic-ref --short HEAD [3ms]
[2022-03-02T11:13:48.383Z] > git for-each-ref --format=%(refname)%00%(upstream:short)%00%(objectname)%00%(upstream:track) refs/heads/main refs/remotes/main [2ms]
[2022-03-02T11:13:48.404Z] > git for-each-ref --sort -committerdate --format %(refname) %(objectname) %(*objectname) [11ms]
[2022-03-02T11:13:48.404Z] > git remote --verbose [2ms]
[2022-03-02T11:13:48.421Z] > git config --get commit.template [2ms]
[2022-03-02T11:13:57.610Z] > git symbolic-ref --short HEAD [1ms]
[2022-03-02T11:13:57.622Z] > git for-each-ref --format=%(refname)%00%(upstream:short)%00%(objectname)%00%(upstream:track) refs/heads/main refs/remotes/main [2ms]
[2022-03-02T11:13:57.642Z] > git for-each-ref --sort -committerdate --format %(refname) %(objectname) %(*objectname) [11ms]
[2022-03-02T11:13:57.643Z] > git remote --verbose [2ms]
[2022-03-02T11:13:57.662Z] > git config --get commit.template [2ms]
[2022-03-02T11:14:02.706Z] > git symbolic-ref --short HEAD [1ms]
[2022-03-02T11:14:02.719Z] > git for-each-ref --format=%(refname)%00%(upstream:short)%00%(objectname)%00%(upstream:track) refs/heads/main refs/remotes/main [2ms]
[2022-03-02T11:14:02.741Z] > git for-each-ref --sort -committerdate --format %(refname) %(objectname) %(*objectname) [12ms]
[2022-03-02T11:14:02.742Z] > git remote --verbose [3ms]
[2022-03-02T11:14:02.760Z] > git config --get commit.template [3ms]
[2022-03-02T11:14:12.098Z] > git symbolic-ref --short HEAD [2ms]
[2022-03-02T11:14:12.112Z] > git for-each-ref --format=%(refname)%00%(upstream:short)%00%(objectname)%00%(upstream:track) refs/heads/main refs/remotes/main [2ms]
[2022-03-02T11:14:12.134Z] > git for-each-ref --sort -committerdate --format %(refname) %(objectname) %(*objectname) [11ms]
[2022-03-02T11:14:12.135Z] > git remote --verbose [2ms]
[2022-03-02T11:14:12.154Z] > git config --get commit.template [2ms]
[2022-03-02T11:14:17.200Z] > git symbolic-ref --short HEAD [2ms]
[2022-03-02T11:14:17.213Z] > git for-each-ref --format=%(refname)%00%(upstream:short)%00%(objectname)%00%(upstream:track) refs/heads/main refs/remotes/main [3ms]
[2022-03-02T11:14:17.233Z] > git for-each-ref --sort -committerdate --format %(refname) %(objectname) %(*objectname) [11ms]
[2022-03-02T11:14:17.233Z] > git remote --verbose [1ms]
[2022-03-02T11:14:17.259Z] > git config --get commit.template [4ms]
[2022-03-02T11:14:23.104Z] > git symbolic-ref --short HEAD [2ms]
[2022-03-02T11:14:23.115Z] > git for-each-ref --format=%(refname)%00%(upstream:short)%00%(objectname)%00%(upstream:track) refs/heads/main refs/remotes/main [2ms]
[2022-03-02T11:14:23.138Z] > git for-each-ref --sort -committerdate --format %(refname) %(objectname) %(*objectname) [12ms]
[2022-03-02T11:14:23.139Z] > git remote --verbose [3ms]
[2022-03-02T11:14:23.158Z] > git config --get commit.template [2ms]
[2022-03-02T11:14:29.253Z] > git symbolic-ref --short HEAD [2ms]
[2022-03-02T11:14:29.264Z] > git for-each-ref --format=%(refname)%00%(upstream:short)%00%(objectname)%00%(upstream:track) refs/heads/main refs/remotes/main [2ms]
[2022-03-02T11:14:29.285Z] > git for-each-ref --sort -committerdate --format %(refname) %(objectname) %(*objectname) [11ms]
[2022-03-02T11:14:29.287Z] > git remote --verbose [4ms]
[2022-03-02T11:14:29.305Z] > git config --get commit.template [3ms]
[2022-03-02T11:14:34.347Z] > git symbolic-ref --short HEAD [2ms]
[2022-03-02T11:14:34.359Z] > git for-each-ref --format=%(refname)%00%(upstream:short)%00%(objectname)%00%(upstream:track) refs/heads/main refs/remotes/main [1ms]
[2022-03-02T11:14:34.382Z] > git for-each-ref --sort -committerdate --format %(refname) %(objectname) %(*objectname) [13ms]
[2022-03-02T11:14:34.383Z] > git remote --verbose [3ms]
[2022-03-02T11:14:34.399Z] > git config --get commit.template [2ms]
[2022-03-02T11:14:39.443Z] > git symbolic-ref --short HEAD [2ms]
[2022-03-02T11:14:39.454Z] > git for-each-ref --format=%(refname)%00%(upstream:short)%00%(objectname)%00%(upstream:track) refs/heads/main refs/remotes/main [2ms]
[2022-03-02T11:14:39.475Z] > git for-each-ref --sort -committerdate --format %(refname) %(objectname) %(*objectname) [11ms]
[2022-03-02T11:14:39.475Z] > git remote --verbose [1ms]
[2022-03-02T11:14:39.494Z] > git config --get commit.template [3ms]
[2022-03-02T11:14:44.538Z] > git symbolic-ref --short HEAD [2ms]
[2022-03-02T11:14:44.550Z] > git for-each-ref --format=%(refname)%00%(upstream:short)%00%(objectname)%00%(upstream:track) refs/heads/main refs/remotes/main [3ms]
[2022-03-02T11:14:44.570Z] > git for-each-ref --sort -committerdate --format %(refname) %(objectname) %(*objectname) [11ms]
[2022-03-02T11:14:44.571Z] > git remote --verbose [2ms]
[2022-03-02T11:14:44.590Z] > git config --get commit.template [2ms]
[2022-03-02T11:14:49.638Z] > git symbolic-ref --short HEAD [2ms]
[2022-03-02T11:14:49.652Z] > git for-each-ref --format=%(refname)%00%(upstream:short)%00%(objectname)%00%(upstream:track) refs/heads/main refs/remotes/main [2ms]
[2022-03-02T11:14:49.673Z] > git for-each-ref --sort -committerdate --format %(refname) %(objectname) %(*objectname) [12ms]
[2022-03-02T11:14:49.674Z] > git remote --verbose [2ms]
[2022-03-02T11:14:49.697Z] > git config --get commit.template [3ms]
[2022-03-02T11:14:59.326Z] > git symbolic-ref --short HEAD [2ms]
[2022-03-02T11:14:59.338Z] > git for-each-ref --format=%(refname)%00%(upstream:short)%00%(objectname)%00%(upstream:track) refs/heads/main refs/remotes/main [2ms]
[2022-03-02T11:14:59.360Z] > git for-each-ref --sort -committerdate --format %(refname) %(objectname) %(*objectname) [13ms]
[2022-03-02T11:14:59.362Z] > git remote --verbose [4ms]
[2022-03-02T11:14:59.385Z] > git config --get commit.template [4ms]
[2022-03-02T11:15:04.426Z] > git symbolic-ref --short HEAD [2ms]
[2022-03-02T11:15:04.438Z] > git for-each-ref --format=%(refname)%00%(upstream:short)%00%(objectname)%00%(upstream:track) refs/heads/main refs/remotes/main [2ms]
[2022-03-02T11:15:04.461Z] > git for-each-ref --sort -committerdate --format %(refname) %(objectname) %(*objectname) [12ms]
[2022-03-02T11:15:04.464Z] > git remote --verbose [4ms]
[2022-03-02T11:15:04.481Z] > git config --get commit.template [2ms]
[2022-03-02T11:15:09.524Z] > git symbolic-ref --short HEAD [2ms]
[2022-03-02T11:15:09.537Z] > git for-each-ref --format=%(refname)%00%(upstream:short)%00%(objectname)%00%(upstream:track) refs/heads/main refs/remotes/main [3ms]
[2022-03-02T11:15:09.558Z] > git for-each-ref --sort -committerdate --format %(refname) %(objectname) %(*objectname) [11ms]
[2022-03-02T11:15:09.558Z] > git remote --verbose [1ms]
[2022-03-02T11:15:09.578Z] > git config --get commit.template [3ms]
[2022-03-02T11:15:15.151Z] > git symbolic-ref --short HEAD [1ms]
[2022-03-02T11:15:15.162Z] > git for-each-ref --format=%(refname)%00%(upstream:short)%00%(objectname)%00%(upstream:track) refs/heads/main refs/remotes/main [1ms]
[2022-03-02T11:15:15.185Z] > git for-each-ref --sort -committerdate --format %(refname) %(objectname) %(*objectname) [11ms]
[2022-03-02T11:15:15.186Z] > git remote --verbose [2ms]
[2022-03-02T11:15:15.205Z] > git config --get commit.template [2ms]
[2022-03-02T11:15:20.245Z] > git symbolic-ref --short HEAD [1ms]
[2022-03-02T11:15:20.260Z] > git for-each-ref --format=%(refname)%00%(upstream:short)%00%(objectname)%00%(upstream:track) refs/heads/main refs/remotes/main [3ms]
[2022-03-02T11:15:20.288Z] > git for-each-ref --sort -committerdate --format %(refname) %(objectname) %(*objectname) [15ms]
[2022-03-02T11:15:20.288Z] > git remote --verbose [4ms]
[2022-03-02T11:15:20.307Z] > git config --get commit.template [1ms]
[2022-03-02T11:15:25.350Z] > git symbolic-ref --short HEAD [1ms]
[2022-03-02T11:15:25.363Z] > git for-each-ref --format=%(refname)%00%(upstream:short)%00%(objectname)%00%(upstream:track) refs/heads/main refs/remotes/main [2ms]
[2022-03-02T11:15:25.396Z] > git for-each-ref --sort -committerdate --format %(refname) %(objectname) %(*objectname) [19ms]
[2022-03-02T11:15:25.398Z] > git remote --verbose [5ms]
[2022-03-02T11:15:25.417Z] > git config --get commit.template [3ms]
[2022-03-02T11:15:30.467Z] > git symbolic-ref --short HEAD [3ms]
[2022-03-02T11:15:30.481Z] > git for-each-ref --format=%(refname)%00%(upstream:short)%00%(objectname)%00%(upstream:track) refs/heads/main refs/remotes/main [3ms]
[2022-03-02T11:15:30.506Z] > git for-each-ref --sort -committerdate --format %(refname) %(objectname) %(*objectname) [12ms]
[2022-03-02T11:15:30.506Z] > git remote --verbose [2ms]
[2022-03-02T11:15:30.526Z] > git config --get commit.template [2ms]
[2022-03-02T11:15:31.684Z] > git ls-files --stage -- /home/ricky/VS code/projects/Project3/index.html [2ms]
[2022-03-02T11:15:41.319Z] > git symbolic-ref --short HEAD [2ms]
[2022-03-02T11:15:41.330Z] > git for-each-ref --format=%(refname)%00%(upstream:short)%00%(objectname)%00%(upstream:track) refs/heads/main refs/remotes/main [2ms]
[2022-03-02T11:15:41.354Z] > git for-each-ref --sort -committerdate --format %(refname) %(objectname) %(*objectname) [12ms]
[2022-03-02T11:15:41.354Z] > git remote --verbose [1ms]
[2022-03-02T11:15:41.371Z] > git config --get commit.template [2ms]
[2022-03-02T11:15:46.413Z] > git symbolic-ref --short HEAD [2ms]
[2022-03-02T11:15:46.424Z] > git for-each-ref --format=%(refname)%00%(upstream:short)%00%(objectname)%00%(upstream:track) refs/heads/main refs/remotes/main [2ms]
[2022-03-02T11:15:46.447Z] > git remote --verbose [3ms]
[2022-03-02T11:15:46.448Z] > git for-each-ref --sort -committerdate --format %(refname) %(objectname) %(*objectname) [14ms]
[2022-03-02T11:15:46.468Z] > git config --get commit.template [3ms]
[2022-03-02T11:15:56.803Z] > git symbolic-ref --short HEAD [1ms]
[2022-03-02T11:15:56.815Z] > git for-each-ref --format=%(refname)%00%(upstream:short)%00%(objectname)%00%(upstream:track) refs/heads/main refs/remotes/main [2ms]
[2022-03-02T11:15:56.837Z] > git for-each-ref --sort -committerdate --format %(refname) %(objectname) %(*objectname) [13ms]
[2022-03-02T11:15:56.838Z] > git remote --verbose [2ms]
[2022-03-02T11:15:56.860Z] > git config --get commit.template [3ms]
[2022-03-02T11:15:58.907Z] > git ls-files --stage -- /home/ricky/VS code/projects/Project3/style.css [4ms]
[2022-03-02T11:16:03.157Z] > git symbolic-ref --short HEAD [2ms]
[2022-03-02T11:16:03.171Z] > git for-each-ref --format=%(refname)%00%(upstream:short)%00%(objectname)%00%(upstream:track) refs/heads/main refs/remotes/main [2ms]
[2022-03-02T11:16:03.193Z] > git for-each-ref --sort -committerdate --format %(refname) %(objectname) %(*objectname) [12ms]
[2022-03-02T11:16:03.193Z] > git remote --verbose [2ms]
[2022-03-02T11:16:03.212Z] > git config --get commit.template [2ms]
[2022-03-02T11:16:10.945Z] > git symbolic-ref --short HEAD [2ms]
[2022-03-02T11:16:10.956Z] > git for-each-ref --format=%(refname)%00%(upstream:short)%00%(objectname)%00%(upstream:track) refs/heads/main refs/remotes/main [2ms]
[2022-03-02T11:16:10.977Z] > git for-each-ref --sort -committerdate --format %(refname) %(objectname) %(*objectname) [11ms]
[2022-03-02T11:16:10.978Z] > git remote --verbose [2ms]
[2022-03-02T11:16:10.998Z] > git config --get commit.template [4ms]
[2022-03-02T11:16:18.217Z] > git symbolic-ref --short HEAD [2ms]
[2022-03-02T11:16:18.230Z] > git for-each-ref --format=%(refname)%00%(upstream:short)%00%(objectname)%00%(upstream:track) refs/heads/main refs/remotes/main [2ms]
[2022-03-02T11:16:18.251Z] > git for-each-ref --sort -committerdate --format %(refname) %(objectname) %(*objectname) [11ms]
[2022-03-02T11:16:18.251Z] > git remote --verbose [1ms]
[2022-03-02T11:16:18.268Z] > git config --get commit.template [2ms]
[2022-03-02T11:16:23.312Z] > git symbolic-ref --short HEAD [2ms]
[2022-03-02T11:16:23.323Z] > git for-each-ref --format=%(refname)%00%(upstream:short)%00%(objectname)%00%(upstream:track) refs/heads/main refs/remotes/main [2ms]
[2022-03-02T11:16:23.345Z] > git for-each-ref --sort -committerdate --format %(refname) %(objectname) %(*objectname) [12ms]
[2022-03-02T11:16:23.346Z] > git remote --verbose [2ms]
[2022-03-02T11:16:23.369Z] > git config --get commit.template [4ms]
[2022-03-02T11:16:28.411Z] > git symbolic-ref --short HEAD [2ms]
[2022-03-02T11:16:28.423Z] > git for-each-ref --format=%(refname)%00%(upstream:short)%00%(objectname)%00%(upstream:track) refs/heads/main refs/remotes/main [2ms]
[2022-03-02T11:16:28.444Z] > git for-each-ref --sort -committerdate --format %(refname) %(objectname) %(*objectname) [11ms]
[2022-03-02T11:16:28.445Z] > git remote --verbose [2ms]
[2022-03-02T11:16:28.464Z] > git config --get commit.template [2ms]
[2022-03-02T11:16:33.509Z] > git symbolic-ref --short HEAD [3ms]
[2022-03-02T11:16:33.522Z] > git for-each-ref --format=%(refname)%00%(upstream:short)%00%(objectname)%00%(upstream:track) refs/heads/main refs/remotes/main [2ms]
[2022-03-02T11:16:33.543Z] > git for-each-ref --sort -committerdate --format %(refname) %(objectname) %(*objectname) [10ms]
[2022-03-02T11:16:33.545Z] > git remote --verbose [3ms]
[2022-03-02T11:16:33.564Z] > git config --get commit.template [2ms]
[2022-03-02T11:16:38.607Z] > git symbolic-ref --short HEAD [2ms]
[2022-03-02T11:16:38.619Z] > git for-each-ref --format=%(refname)%00%(upstream:short)%00%(objectname)%00%(upstream:track) refs/heads/main refs/remotes/main [2ms]
[2022-03-02T11:16:38.640Z] > git for-each-ref --sort -committerdate --format %(refname) %(objectname) %(*objectname) [11ms]
[2022-03-02T11:16:38.640Z] > git remote --verbose [1ms]
[2022-03-02T11:16:38.657Z] > git config --get commit.template [2ms]
[2022-03-02T11:16:44.617Z] > git symbolic-ref --short HEAD [2ms]
[2022-03-02T11:16:44.628Z] > git for-each-ref --format=%(refname)%00%(upstream:short)%00%(objectname)%00%(upstream:track) refs/heads/main refs/remotes/main [2ms]
[2022-03-02T11:16:44.648Z] > git for-each-ref --sort -committerdate --format %(refname) %(objectname) %(*objectname) [10ms]
[2022-03-02T11:16:44.649Z] > git remote --verbose [2ms]
[2022-03-02T11:16:44.667Z] > git config --get commit.template [1ms]
[2022-03-02T11:16:49.709Z] > git symbolic-ref --short HEAD [2ms]
[2022-03-02T11:16:49.721Z] > git for-each-ref --format=%(refname)%00%(upstream:short)%00%(objectname)%00%(upstream:track) refs/heads/main refs/remotes/main [2ms]
[2022-03-02T11:16:49.743Z] > git for-each-ref --sort -committerdate --format %(refname) %(objectname) %(*objectname) [11ms]
[2022-03-02T11:16:49.744Z] > git remote --verbose [2ms]
[2022-03-02T11:16:49.761Z] > git config --get commit.template [3ms]
[2022-03-02T11:16:54.802Z] > git symbolic-ref --short HEAD [1ms]
[2022-03-02T11:16:54.815Z] > git for-each-ref --format=%(refname)%00%(upstream:short)%00%(objectname)%00%(upstream:track) refs/heads/main refs/remotes/main [2ms]
[2022-03-02T11:16:54.838Z] > git for-each-ref --sort -committerdate --format %(refname) %(objectname) %(*objectname) [12ms]
[2022-03-02T11:16:54.839Z] > git remote --verbose [2ms]
[2022-03-02T11:16:54.857Z] > git config --get commit.template [3ms]
[2022-03-02T11:17:00.616Z] > git symbolic-ref --short HEAD [2ms]
[2022-03-02T11:17:00.628Z] > git for-each-ref --format=%(refname)%00%(upstream:short)%00%(objectname)%00%(upstream:track) refs/heads/main refs/remotes/main [3ms]
[2022-03-02T11:17:00.659Z] > git for-each-ref --sort -committerdate --format %(refname) %(objectname) %(*objectname) [16ms]
[2022-03-02T11:17:00.661Z] > git remote --verbose [7ms]
[2022-03-02T11:17:00.686Z] > git config --get commit.template [6ms]
[2022-03-02T11:17:05.811Z] > git symbolic-ref --short HEAD [1ms]
[2022-03-02T11:17:05.822Z] > git for-each-ref --format=%(refname)%00%(upstream:short)%00%(objectname)%00%(upstream:track) refs/heads/main refs/remotes/main [2ms]
[2022-03-02T11:17:05.843Z] > git for-each-ref --sort -committerdate --format %(refname) %(objectname) %(*objectname) [11ms]
[2022-03-02T11:17:05.844Z] > git remote --verbose [2ms]
[2022-03-02T11:17:05.861Z] > git config --get commit.template [2ms]
[2022-03-02T11:17:51.482Z] > git symbolic-ref --short HEAD [4ms]
[2022-03-02T11:17:51.515Z] > git for-each-ref --format=%(refname)%00%(upstream:short)%00%(objectname)%00%(upstream:track) refs/heads/main refs/remotes/main [3ms]
[2022-03-02T11:17:51.546Z] > git for-each-ref --sort -committerdate --format %(refname) %(objectname) %(*objectname) [18ms]
[2022-03-02T11:17:51.547Z] > git remote --verbose [4ms]
[2022-03-02T11:17:51.574Z] > git config --get commit.template [3ms]
[2022-03-02T11:18:03.553Z] > git symbolic-ref --short HEAD [2ms]
[2022-03-02T11:18:03.565Z] > git for-each-ref --format=%(refname)%00%(upstream:short)%00%(objectname)%00%(upstream:track) refs/heads/main refs/remotes/main [2ms]
[2022-03-02T11:18:03.585Z] > git for-each-ref --sort -committerdate --format %(refname) %(objectname) %(*objectname) [10ms]
[2022-03-02T11:18:03.586Z] > git remote --verbose [2ms]
[2022-03-02T11:18:03.602Z] > git config --get commit.template [2ms]
[2022-03-02T11:18:14.702Z] > git symbolic-ref --short HEAD [2ms]
[2022-03-02T11:18:14.713Z] > git for-each-ref --format=%(refname)%00%(upstream:short)%00%(objectname)%00%(upstream:track) refs/heads/main refs/remotes/main [2ms]
[2022-03-02T11:18:14.736Z] > git for-each-ref --sort -committerdate --format %(refname) %(objectname) %(*objectname) [12ms]
[2022-03-02T11:18:14.736Z] > git remote --verbose [2ms]
[2022-03-02T11:18:14.759Z] > git config --get commit.template [8ms]
[2022-03-02T11:18:19.807Z] > git symbolic-ref --short HEAD [7ms]
[2022-03-02T11:18:19.821Z] > git for-each-ref --format=%(refname)%00%(upstream:short)%00%(objectname)%00%(upstream:track) refs/heads/main refs/remotes/main [1ms]
[2022-03-02T11:18:19.845Z] > git for-each-ref --sort -committerdate --format %(refname) %(objectname) %(*objectname) [12ms]
[2022-03-02T11:18:19.845Z] > git remote --verbose [2ms]
[2022-03-02T11:18:19.875Z] > git config --get commit.template [8ms]
[2022-03-02T11:18:24.931Z] > git symbolic-ref --short HEAD [2ms]
[2022-03-02T11:18:24.947Z] > git for-each-ref --format=%(refname)%00%(upstream:short)%00%(objectname)%00%(upstream:track) refs/heads/main refs/remotes/main [4ms]
[2022-03-02T11:18:24.978Z] > git for-each-ref --sort -committerdate --format %(refname) %(objectname) %(*objectname) [16ms]
[2022-03-02T11:18:24.979Z] > git remote --verbose [4ms]
[2022-03-02T11:18:24.998Z] > git config --get commit.template [1ms]
[2022-03-02T11:18:30.040Z] > git symbolic-ref --short HEAD [2ms]
[2022-03-02T11:18:30.052Z] > git for-each-ref --format=%(refname)%00%(upstream:short)%00%(objectname)%00%(upstream:track) refs/heads/main refs/remotes/main [2ms]
[2022-03-02T11:18:30.073Z] > git for-each-ref --sort -committerdate --format %(refname) %(objectname) %(*objectname) [11ms]
[2022-03-02T11:18:30.074Z] > git remote --verbose [2ms]
[2022-03-02T11:18:30.091Z] > git config --get commit.template [2ms]
[2022-03-02T11:18:36.189Z] > git symbolic-ref --short HEAD [2ms]
[2022-03-02T11:18:36.201Z] > git for-each-ref --format=%(refname)%00%(upstream:short)%00%(objectname)%00%(upstream:track) refs/heads/main refs/remotes/main [2ms]
[2022-03-02T11:18:36.223Z] > git for-each-ref --sort -committerdate --format %(refname) %(objectname) %(*objectname) [11ms]
[2022-03-02T11:18:36.224Z] > git remote --verbose [2ms]
[2022-03-02T11:18:36.241Z] > git config --get commit.template [2ms]
[2022-03-02T11:18:41.285Z] > git symbolic-ref --short HEAD [2ms]
[2022-03-02T11:18:41.296Z] > git for-each-ref --format=%(refname)%00%(upstream:short)%00%(objectname)%00%(upstream:track) refs/heads/main refs/remotes/main [2ms]
[2022-03-02T11:18:41.318Z] > git for-each-ref --sort -committerdate --format %(refname) %(objectname) %(*objectname) [11ms]
[2022-03-02T11:18:41.318Z] > git remote --verbose [2ms]
[2022-03-02T11:18:41.336Z] > git config --get commit.template [4ms]
[2022-03-02T11:18:48.256Z] > git symbolic-ref --short HEAD [2ms]
[2022-03-02T11:18:48.268Z] > git for-each-ref --format=%(refname)%00%(upstream:short)%00%(objectname)%00%(upstream:track) refs/heads/main refs/remotes/main [2ms]
[2022-03-02T11:18:48.289Z] > git for-each-ref --sort -committerdate --format %(refname) %(objectname) %(*objectname) [11ms]
[2022-03-02T11:18:48.290Z] > git remote --verbose [2ms]
[2022-03-02T11:18:48.310Z] > git config --get commit.template [2ms]
[2022-03-02T11:18:53.355Z] > git symbolic-ref --short HEAD [2ms]
[2022-03-02T11:18:53.367Z] > git for-each-ref --format=%(refname)%00%(upstream:short)%00%(objectname)%00%(upstream:track) refs/heads/main refs/remotes/main [2ms]
[2022-03-02T11:18:53.390Z] > git remote --verbose [3ms]
[2022-03-02T11:18:53.391Z] > git for-each-ref --sort -committerdate --format %(refname) %(objectname) %(*objectname) [13ms]
[2022-03-02T11:18:53.408Z] > git config --get commit.template [1ms]
[2022-03-02T11:18:58.451Z] > git symbolic-ref --short HEAD [1ms]
[2022-03-02T11:18:58.465Z] > git for-each-ref --format=%(refname)%00%(upstream:short)%00%(objectname)%00%(upstream:track) refs/heads/main refs/remotes/main [3ms]
[2022-03-02T11:18:58.491Z] > git for-each-ref --sort -committerdate --format %(refname) %(objectname) %(*objectname) [13ms]
[2022-03-02T11:18:58.492Z] > git remote --verbose [2ms]
[2022-03-02T11:18:58.513Z] > git config --get commit.template [2ms]
[2022-03-02T11:19:03.554Z] > git symbolic-ref --short HEAD [2ms]
[2022-03-02T11:19:03.566Z] > git for-each-ref --format=%(refname)%00%(upstream:short)%00%(objectname)%00%(upstream:track) refs/heads/main refs/remotes/main [2ms]
[2022-03-02T11:19:03.588Z] > git for-each-ref --sort -committerdate --format %(refname) %(objectname) %(*objectname) [11ms]
[2022-03-02T11:19:03.589Z] > git remote --verbose [2ms]
[2022-03-02T11:19:03.605Z] > git config --get commit.template [2ms]
[2022-03-02T11:19:08.647Z] > git symbolic-ref --short HEAD [2ms]
[2022-03-02T11:19:08.658Z] > git for-each-ref --format=%(refname)%00%(upstream:short)%00%(objectname)%00%(upstream:track) refs/heads/main refs/remotes/main [2ms]
[2022-03-02T11:19:08.680Z] > git for-each-ref --sort -committerdate --format %(refname) %(objectname) %(*objectname) [12ms]
[2022-03-02T11:19:08.680Z] > git remote --verbose [1ms]
[2022-03-02T11:19:08.699Z] > git config --get commit.template [3ms]
[2022-03-02T11:19:13.744Z] > git symbolic-ref --short HEAD [1ms]
[2022-03-02T11:19:13.756Z] > git for-each-ref --format=%(refname)%00%(upstream:short)%00%(objectname)%00%(upstream:track) refs/heads/main refs/remotes/main [2ms]
[2022-03-02T11:19:13.776Z] > git for-each-ref --sort -committerdate --format %(refname) %(objectname) %(*objectname) [10ms]
[2022-03-02T11:19:13.777Z] > git remote --verbose [2ms]
[2022-03-02T11:19:13.794Z] > git config --get commit.template [3ms]
[2022-03-02T11:19:18.834Z] > git symbolic-ref --short HEAD [2ms]
[2022-03-02T11:19:18.847Z] > git for-each-ref --format=%(refname)%00%(upstream:short)%00%(objectname)%00%(upstream:track) refs/heads/main refs/remotes/main [2ms]
[2022-03-02T11:19:18.871Z] > git for-each-ref --sort -committerdate --format %(refname) %(objectname) %(*objectname) [12ms]
[2022-03-02T11:19:18.872Z] > git remote --verbose [2ms]
[2022-03-02T11:19:18.891Z] > git config --get commit.template [2ms]
[2022-03-02T11:19:43.710Z] > git symbolic-ref --short HEAD [5ms]
[2022-03-02T11:19:43.736Z] > git for-each-ref --format=%(refname)%00%(upstream:short)%00%(objectname)%00%(upstream:track) refs/heads/main refs/remotes/main [6ms]
[2022-03-02T11:19:43.769Z] > git for-each-ref --sort -committerdate --format %(refname) %(objectname) %(*objectname) [15ms]
[2022-03-02T11:19:43.769Z] > git remote --verbose [1ms]
[2022-03-02T11:19:43.793Z] > git config --get commit.template [2ms]
[2022-03-02T11:20:43.288Z] > git symbolic-ref --short HEAD [6ms]
[2022-03-02T11:20:43.321Z] > git for-each-ref --format=%(refname)%00%(upstream:short)%00%(objectname)%00%(upstream:track) refs/heads/main refs/remotes/main [3ms]
[2022-03-02T11:20:43.374Z] > git for-each-ref --sort -committerdate --format %(refname) %(objectname) %(*objectname) [22ms]
[2022-03-02T11:20:43.376Z] > git remote --verbose [6ms]
[2022-03-02T11:20:43.409Z] > git config --get commit.template [4ms]
[2022-03-02T11:20:59.936Z] > git symbolic-ref --short HEAD [2ms]
[2022-03-02T11:20:59.949Z] > git for-each-ref --format=%(refname)%00%(upstream:short)%00%(objectname)%00%(upstream:track) refs/heads/main refs/remotes/main [2ms]
[2022-03-02T11:20:59.970Z] > git for-each-ref --sort -committerdate --format %(refname) %(objectname) %(*objectname) [11ms]
[2022-03-02T11:20:59.971Z] > git remote --verbose [2ms]
[2022-03-02T11:20:59.989Z] > git config --get commit.template [2ms]
