[2022-02-27T11:39:23.051Z] Validating found git in: git
[2022-02-27T11:39:23.123Z] Using git 2.35.1 from git
[2022-02-27T11:39:23.223Z] > git rev-parse --git-dir [16ms]
[2022-02-27T11:39:23.232Z] Open repository: /home/ricky/VS code
[2022-02-27T11:39:24.115Z] > git symbolic-ref --short HEAD [5ms]
[2022-02-27T11:39:24.143Z] > git for-each-ref --format=%(refname)%00%(upstream:short)%00%(objectname)%00%(upstream:track) refs/heads/main refs/remotes/main [15ms]
[2022-02-27T11:39:24.187Z] > git for-each-ref --sort -committerdate --format %(refname) %(objectname) %(*objectname) [21ms]
[2022-02-27T11:39:24.192Z] > git remote --verbose [12ms]
[2022-02-27T11:39:24.215Z] > git config --get commit.template [2ms]
[2022-02-27T11:39:24.413Z] > git ls-files --stage -- /home/ricky/VS code/projects/Project2/test/style.css [21ms]
[2022-02-27T11:39:48.611Z] > git ls-files --stage -- /home/ricky/VS code/projects/Project2/style.css [6ms]
[2022-02-27T11:39:50.453Z] > git ls-files --stage -- /home/ricky/VS code/projects/Project2/index.html [4ms]
[2022-02-27T11:41:03.080Z] > git symbolic-ref --short HEAD [2ms]
[2022-02-27T11:41:03.090Z] > git for-each-ref --format=%(refname)%00%(upstream:short)%00%(objectname)%00%(upstream:track) refs/heads/main refs/remotes/main [2ms]
[2022-02-27T11:41:03.110Z] > git for-each-ref --sort -committerdate --format %(refname) %(objectname) %(*objectname) [12ms]
[2022-02-27T11:41:03.112Z] > git remote --verbose [4ms]
[2022-02-27T11:41:03.134Z] > git config --get commit.template [4ms]
[2022-02-27T11:41:18.218Z] > git ls-files --stage -- /home/ricky/VS code/projects/Project2/script.js [8ms]
[2022-02-27T11:42:13.454Z] > git ls-files --stage -- /home/ricky/VS code/projects/Project2/style.css [4ms]
[2022-02-27T11:42:15.354Z] > git ls-files --stage -- /home/ricky/VS code/projects/Project2/index.html [4ms]
[2022-02-27T11:42:20.056Z] > git ls-files --stage -- /home/ricky/VS code/projects/Project2/script.js [5ms]
[2022-02-27T11:42:53.234Z] > git ls-files --stage -- /home/ricky/VS code/projects/Project2/index.html [2ms]
[2022-02-27T11:42:56.184Z] > git ls-files --stage -- /home/ricky/VS code/projects/Project2/script.js [3ms]
[2022-02-27T11:50:31.155Z] > git symbolic-ref --short HEAD [3ms]
[2022-02-27T11:50:31.173Z] > git for-each-ref --format=%(refname)%00%(upstream:short)%00%(objectname)%00%(upstream:track) refs/heads/main refs/remotes/main [3ms]
[2022-02-27T11:50:31.203Z] > git remote --verbose [3ms]
[2022-02-27T11:50:31.204Z] > git for-each-ref --sort -committerdate --format %(refname) %(objectname) %(*objectname) [18ms]
[2022-02-27T11:50:31.233Z] > git config --get commit.template [3ms]
[2022-02-27T11:50:33.436Z] > git ls-files --stage -- /home/ricky/VS code/projects/Project2/index.html [2ms]
[2022-02-27T11:51:20.814Z] > git symbolic-ref --short HEAD [6ms]
[2022-02-27T11:51:20.845Z] > git for-each-ref --format=%(refname)%00%(upstream:short)%00%(objectname)%00%(upstream:track) refs/heads/main refs/remotes/main [5ms]
[2022-02-27T11:51:20.876Z] > git for-each-ref --sort -committerdate --format %(refname) %(objectname) %(*objectname) [13ms]
[2022-02-27T11:51:20.877Z] > git remote --verbose [3ms]
[2022-02-27T11:51:20.899Z] > git config --get commit.template [3ms]
[2022-02-27T11:51:23.464Z] > git ls-files --stage -- /home/ricky/VS code/projects/Project2/script.js [6ms]
[2022-02-27T11:51:50.996Z] > git symbolic-ref --short HEAD [4ms]
[2022-02-27T11:51:51.029Z] > git for-each-ref --format=%(refname)%00%(upstream:short)%00%(objectname)%00%(upstream:track) refs/heads/main refs/remotes/main [5ms]
[2022-02-27T11:51:51.072Z] > git for-each-ref --sort -committerdate --format %(refname) %(objectname) %(*objectname) [25ms]
[2022-02-27T11:51:51.076Z] > git remote --verbose [10ms]
[2022-02-27T11:51:51.116Z] > git config --get commit.template [6ms]
[2022-02-27T11:52:36.944Z] > git symbolic-ref --short HEAD [3ms]
[2022-02-27T11:52:36.979Z] > git for-each-ref --format=%(refname)%00%(upstream:short)%00%(objectname)%00%(upstream:track) refs/heads/main refs/remotes/main [6ms]
[2022-02-27T11:52:37.039Z] > git for-each-ref --sort -committerdate --format %(refname) %(objectname) %(*objectname) [41ms]
[2022-02-27T11:52:37.041Z] > git remote --verbose [10ms]
[2022-02-27T11:52:37.098Z] > git config --get commit.template [9ms]
[2022-02-27T11:52:55.142Z] > git symbolic-ref --short HEAD [10ms]
[2022-02-27T11:52:55.175Z] > git for-each-ref --format=%(refname)%00%(upstream:short)%00%(objectname)%00%(upstream:track) refs/heads/main refs/remotes/main [16ms]
[2022-02-27T11:52:55.228Z] > git for-each-ref --sort -committerdate --format %(refname) %(objectname) %(*objectname) [28ms]
[2022-02-27T11:52:55.234Z] > git remote --verbose [8ms]
[2022-02-27T11:52:55.267Z] > git config --get commit.template [5ms]
[2022-02-27T11:53:11.807Z] > git symbolic-ref --short HEAD [3ms]
[2022-02-27T11:53:11.834Z] > git for-each-ref --format=%(refname)%00%(upstream:short)%00%(objectname)%00%(upstream:track) refs/heads/main refs/remotes/main [5ms]
[2022-02-27T11:53:11.874Z] > git for-each-ref --sort -committerdate --format %(refname) %(objectname) %(*objectname) [29ms]
[2022-02-27T11:53:11.875Z] > git remote --verbose [5ms]
[2022-02-27T11:53:11.912Z] > git config --get commit.template [4ms]
[2022-02-27T11:55:26.829Z] > git symbolic-ref --short HEAD [8ms]
[2022-02-27T11:55:26.872Z] > git for-each-ref --format=%(refname)%00%(upstream:short)%00%(objectname)%00%(upstream:track) refs/heads/main refs/remotes/main [3ms]
[2022-02-27T11:55:26.931Z] > git for-each-ref --sort -committerdate --format %(refname) %(objectname) %(*objectname) [23ms]
[2022-02-27T11:55:26.934Z] > git remote --verbose [9ms]
[2022-02-27T11:55:26.964Z] > git config --get commit.template [8ms]
[2022-02-27T11:55:50.101Z] > git symbolic-ref --short HEAD [10ms]
[2022-02-27T11:55:50.150Z] > git for-each-ref --format=%(refname)%00%(upstream:short)%00%(objectname)%00%(upstream:track) refs/heads/main refs/remotes/main [7ms]
[2022-02-27T11:55:50.183Z] > git for-each-ref --sort -committerdate --format %(refname) %(objectname) %(*objectname) [18ms]
[2022-02-27T11:55:50.184Z] > git remote --verbose [3ms]
[2022-02-27T11:55:50.204Z] > git config --get commit.template [2ms]
[2022-02-27T11:55:55.466Z] > git ls-files --stage -- /home/ricky/VS code/projects/Project2/index.html [2ms]
[2022-02-27T11:56:07.629Z] > git ls-files --stage -- /home/ricky/VS code/projects/Project2/script.js [5ms]
[2022-02-27T11:56:40.963Z] > git symbolic-ref --short HEAD [6ms]
[2022-02-27T11:56:41.039Z] > git for-each-ref --format=%(refname)%00%(upstream:short)%00%(objectname)%00%(upstream:track) refs/heads/main refs/remotes/main [23ms]
[2022-02-27T11:56:41.135Z] > git for-each-ref --sort -committerdate --format %(refname) %(objectname) %(*objectname) [36ms]
[2022-02-27T11:56:41.136Z] > git remote --verbose [5ms]
[2022-02-27T11:56:41.178Z] > git config --get commit.template [4ms]
[2022-02-27T11:57:34.606Z] > git symbolic-ref --short HEAD [22ms]
[2022-02-27T11:57:34.667Z] > git for-each-ref --format=%(refname)%00%(upstream:short)%00%(objectname)%00%(upstream:track) refs/heads/main refs/remotes/main [6ms]
[2022-02-27T11:57:34.711Z] > git remote --verbose [4ms]
[2022-02-27T11:57:34.712Z] > git for-each-ref --sort -committerdate --format %(refname) %(objectname) %(*objectname) [31ms]
[2022-02-27T11:57:34.741Z] > git config --get commit.template [5ms]
[2022-02-27T11:58:06.449Z] > git symbolic-ref --short HEAD [2ms]
[2022-02-27T11:58:06.461Z] > git for-each-ref --format=%(refname)%00%(upstream:short)%00%(objectname)%00%(upstream:track) refs/heads/main refs/remotes/main [2ms]
[2022-02-27T11:58:06.486Z] > git for-each-ref --sort -committerdate --format %(refname) %(objectname) %(*objectname) [14ms]
[2022-02-27T11:58:06.487Z] > git remote --verbose [5ms]
[2022-02-27T11:58:06.508Z] > git config --get commit.template [4ms]
[2022-02-27T11:59:00.118Z] > git symbolic-ref --short HEAD [16ms]
[2022-02-27T11:59:00.164Z] > git for-each-ref --format=%(refname)%00%(upstream:short)%00%(objectname)%00%(upstream:track) refs/heads/main refs/remotes/main [4ms]
[2022-02-27T11:59:00.216Z] > git for-each-ref --sort -committerdate --format %(refname) %(objectname) %(*objectname) [21ms]
[2022-02-27T11:59:00.217Z] > git remote --verbose [4ms]
[2022-02-27T11:59:00.247Z] > git config --get commit.template [5ms]
[2022-02-27T11:59:19.339Z] > git symbolic-ref --short HEAD [11ms]
[2022-02-27T11:59:19.360Z] > git for-each-ref --format=%(refname)%00%(upstream:short)%00%(objectname)%00%(upstream:track) refs/heads/main refs/remotes/main [4ms]
[2022-02-27T11:59:19.398Z] > git for-each-ref --sort -committerdate --format %(refname) %(objectname) %(*objectname) [19ms]
[2022-02-27T11:59:19.399Z] > git remote --verbose [3ms]
[2022-02-27T11:59:19.422Z] > git config --get commit.template [3ms]
[2022-02-27T12:03:30.246Z] > git symbolic-ref --short HEAD [3ms]
[2022-02-27T12:03:30.259Z] > git for-each-ref --format=%(refname)%00%(upstream:short)%00%(objectname)%00%(upstream:track) refs/heads/main refs/remotes/main [2ms]
[2022-02-27T12:03:30.285Z] > git for-each-ref --sort -committerdate --format %(refname) %(objectname) %(*objectname) [14ms]
[2022-02-27T12:03:30.288Z] > git remote --verbose [5ms]
[2022-02-27T12:03:30.306Z] > git config --get commit.template [2ms]
[2022-02-27T12:04:02.495Z] > git ls-files --stage -- /home/ricky/VS code/projects/Project2/index.html [4ms]
[2022-02-27T12:04:10.887Z] > git symbolic-ref --short HEAD [2ms]
[2022-02-27T12:04:10.904Z] > git for-each-ref --format=%(refname)%00%(upstream:short)%00%(objectname)%00%(upstream:track) refs/heads/main refs/remotes/main [3ms]
[2022-02-27T12:04:10.935Z] > git for-each-ref --sort -committerdate --format %(refname) %(objectname) %(*objectname) [18ms]
[2022-02-27T12:04:10.936Z] > git remote --verbose [4ms]
[2022-02-27T12:04:10.962Z] > git config --get commit.template [2ms]
[2022-02-27T12:04:12.608Z] > git ls-files --stage -- /home/ricky/VS code/projects/Project2/script.js [3ms]
[2022-02-27T12:16:22.232Z] > git symbolic-ref --short HEAD [3ms]
[2022-02-27T12:16:22.250Z] > git for-each-ref --format=%(refname)%00%(upstream:short)%00%(objectname)%00%(upstream:track) refs/heads/main refs/remotes/main [3ms]
[2022-02-27T12:16:22.278Z] > git remote --verbose [4ms]
[2022-02-27T12:16:22.278Z] > git for-each-ref --sort -committerdate --format %(refname) %(objectname) %(*objectname) [15ms]
[2022-02-27T12:16:22.307Z] > git config --get commit.template [5ms]
[2022-02-27T12:17:10.661Z] > git symbolic-ref --short HEAD [2ms]
[2022-02-27T12:17:10.677Z] > git for-each-ref --format=%(refname)%00%(upstream:short)%00%(objectname)%00%(upstream:track) refs/heads/main refs/remotes/main [2ms]
[2022-02-27T12:17:10.702Z] > git for-each-ref --sort -committerdate --format %(refname) %(objectname) %(*objectname) [14ms]
[2022-02-27T12:17:10.703Z] > git remote --verbose [3ms]
[2022-02-27T12:17:10.724Z] > git config --get commit.template [8ms]
[2022-02-27T12:19:20.577Z] > git symbolic-ref --short HEAD [12ms]
[2022-02-27T12:19:20.606Z] > git for-each-ref --format=%(refname)%00%(upstream:short)%00%(objectname)%00%(upstream:track) refs/heads/main refs/remotes/main [6ms]
[2022-02-27T12:19:20.640Z] > git for-each-ref --sort -committerdate --format %(refname) %(objectname) %(*objectname) [16ms]
[2022-02-27T12:19:20.641Z] > git remote --verbose [2ms]
[2022-02-27T12:19:20.669Z] > git config --get commit.template [2ms]
[2022-02-27T12:20:49.630Z] > git symbolic-ref --short HEAD [2ms]
[2022-02-27T12:20:49.658Z] > git for-each-ref --format=%(refname)%00%(upstream:short)%00%(objectname)%00%(upstream:track) refs/heads/main refs/remotes/main [3ms]
[2022-02-27T12:20:49.697Z] > git for-each-ref --sort -committerdate --format %(refname) %(objectname) %(*objectname) [27ms]
[2022-02-27T12:20:49.698Z] > git remote --verbose [2ms]
[2022-02-27T12:20:49.733Z] > git config --get commit.template [8ms]
[2022-02-27T12:26:15.627Z] > git symbolic-ref --short HEAD [7ms]
[2022-02-27T12:26:15.666Z] > git for-each-ref --format=%(refname)%00%(upstream:short)%00%(objectname)%00%(upstream:track) refs/heads/main refs/remotes/main [7ms]
[2022-02-27T12:26:15.717Z] > git for-each-ref --sort -committerdate --format %(refname) %(objectname) %(*objectname) [27ms]
[2022-02-27T12:26:15.718Z] > git remote --verbose [5ms]
[2022-02-27T12:26:15.743Z] > git config --get commit.template [3ms]
[2022-02-27T12:28:32.570Z] > git symbolic-ref --short HEAD [5ms]
[2022-02-27T12:28:32.593Z] > git for-each-ref --format=%(refname)%00%(upstream:short)%00%(objectname)%00%(upstream:track) refs/heads/main refs/remotes/main [2ms]
[2022-02-27T12:28:32.646Z] > git remote --verbose [5ms]
[2022-02-27T12:28:32.648Z] > git for-each-ref --sort -committerdate --format %(refname) %(objectname) %(*objectname) [35ms]
[2022-02-27T12:28:32.673Z] > git config --get commit.template [2ms]
[2022-02-27T12:28:40.830Z] > git symbolic-ref --short HEAD [6ms]
[2022-02-27T12:28:40.867Z] > git for-each-ref --format=%(refname)%00%(upstream:short)%00%(objectname)%00%(upstream:track) refs/heads/main refs/remotes/main [4ms]
[2022-02-27T12:28:40.920Z] > git remote --verbose [1ms]
[2022-02-27T12:28:40.920Z] > git for-each-ref --sort -committerdate --format %(refname) %(objectname) %(*objectname) [32ms]
[2022-02-27T12:28:40.961Z] > git config --get commit.template [10ms]
[2022-02-27T12:29:41.842Z] > git symbolic-ref --short HEAD [6ms]
[2022-02-27T12:29:41.873Z] > git for-each-ref --format=%(refname)%00%(upstream:short)%00%(objectname)%00%(upstream:track) refs/heads/main refs/remotes/main [4ms]
[2022-02-27T12:29:41.916Z] > git for-each-ref --sort -committerdate --format %(refname) %(objectname) %(*objectname) [22ms]
[2022-02-27T12:29:41.918Z] > git remote --verbose [6ms]
[2022-02-27T12:29:41.961Z] > git config --get commit.template [2ms]
[2022-02-27T12:31:18.624Z] > git symbolic-ref --short HEAD [2ms]
[2022-02-27T12:31:18.644Z] > git for-each-ref --format=%(refname)%00%(upstream:short)%00%(objectname)%00%(upstream:track) refs/heads/main refs/remotes/main [3ms]
[2022-02-27T12:31:18.671Z] > git for-each-ref --sort -committerdate --format %(refname) %(objectname) %(*objectname) [13ms]
[2022-02-27T12:31:18.671Z] > git remote --verbose [2ms]
[2022-02-27T12:31:18.690Z] > git config --get commit.template [2ms]
[2022-02-27T12:31:54.829Z] > git ls-files --stage -- /home/ricky/VS code/projects/Project2/test/style.css [3ms]
[2022-02-27T12:32:00.947Z] > git ls-files --stage -- /home/ricky/VS code/projects/Project2/style.css [3ms]
[2022-02-27T12:32:04.007Z] > git ls-files --stage -- /home/ricky/VS code/projects/Project2/index.html [3ms]
[2022-02-27T12:32:14.193Z] > git ls-files --stage -- /home/ricky/VS code/projects/Project2/style.css [4ms]
[2022-02-27T12:32:28.045Z] > git ls-files --stage -- /home/ricky/VS code/projects/Project2/index.html [2ms]
[2022-02-27T12:32:56.868Z] > git ls-files --stage -- /home/ricky/VS code/projects/Project2/script.js [3ms]
[2022-02-27T12:33:20.370Z] > git symbolic-ref --short HEAD [3ms]
[2022-02-27T12:33:20.390Z] > git for-each-ref --format=%(refname)%00%(upstream:short)%00%(objectname)%00%(upstream:track) refs/heads/main refs/remotes/main [4ms]
[2022-02-27T12:33:20.419Z] > git for-each-ref --sort -committerdate --format %(refname) %(objectname) %(*objectname) [17ms]
[2022-02-27T12:33:20.420Z] > git remote --verbose [2ms]
[2022-02-27T12:33:20.441Z] > git config --get commit.template [4ms]
[2022-02-27T12:33:53.681Z] > git symbolic-ref --short HEAD [2ms]
[2022-02-27T12:33:53.697Z] > git for-each-ref --format=%(refname)%00%(upstream:short)%00%(objectname)%00%(upstream:track) refs/heads/main refs/remotes/main [2ms]
[2022-02-27T12:33:53.726Z] > git for-each-ref --sort -committerdate --format %(refname) %(objectname) %(*objectname) [13ms]
[2022-02-27T12:33:53.727Z] > git remote --verbose [2ms]
[2022-02-27T12:33:53.776Z] > git config --get commit.template [23ms]
[2022-02-27T12:34:30.421Z] > git symbolic-ref --short HEAD [1ms]
[2022-02-27T12:34:30.455Z] > git for-each-ref --format=%(refname)%00%(upstream:short)%00%(objectname)%00%(upstream:track) refs/heads/main refs/remotes/main [5ms]
[2022-02-27T12:34:30.501Z] > git for-each-ref --sort -committerdate --format %(refname) %(objectname) %(*objectname) [24ms]
[2022-02-27T12:34:30.502Z] > git remote --verbose [4ms]
[2022-02-27T12:34:30.526Z] > git config --get commit.template [3ms]
[2022-02-27T12:35:32.103Z] > git symbolic-ref --short HEAD [3ms]
[2022-02-27T12:35:32.119Z] > git for-each-ref --format=%(refname)%00%(upstream:short)%00%(objectname)%00%(upstream:track) refs/heads/main refs/remotes/main [3ms]
[2022-02-27T12:35:32.143Z] > git for-each-ref --sort -committerdate --format %(refname) %(objectname) %(*objectname) [13ms]
[2022-02-27T12:35:32.144Z] > git remote --verbose [3ms]
[2022-02-27T12:35:32.166Z] > git config --get commit.template [3ms]
[2022-02-27T12:35:58.017Z] > git symbolic-ref --short HEAD [2ms]
[2022-02-27T12:35:58.036Z] > git for-each-ref --format=%(refname)%00%(upstream:short)%00%(objectname)%00%(upstream:track) refs/heads/main refs/remotes/main [3ms]
[2022-02-27T12:35:58.066Z] > git for-each-ref --sort -committerdate --format %(refname) %(objectname) %(*objectname) [15ms]
[2022-02-27T12:35:58.067Z] > git remote --verbose [3ms]
[2022-02-27T12:35:58.092Z] > git config --get commit.template [4ms]
[2022-02-27T12:36:35.207Z] > git symbolic-ref --short HEAD [2ms]
[2022-02-27T12:36:35.248Z] > git for-each-ref --format=%(refname)%00%(upstream:short)%00%(objectname)%00%(upstream:track) refs/heads/main refs/remotes/main [7ms]
[2022-02-27T12:36:35.310Z] > git remote --verbose [2ms]
[2022-02-27T12:36:35.310Z] > git for-each-ref --sort -committerdate --format %(refname) %(objectname) %(*objectname) [35ms]
[2022-02-27T12:36:35.349Z] > git config --get commit.template [6ms]
[2022-02-27T12:38:26.350Z] > git ls-files --stage -- /home/ricky/VS code/projects/Project2/index.html [3ms]
[2022-02-27T12:38:35.198Z] > git ls-files --stage -- /home/ricky/VS code/projects/Project2/script.js [5ms]
[2022-02-27T12:40:17.425Z] > git ls-files --stage -- /home/ricky/VS code/projects/Project2/index.html [2ms]
[2022-02-27T12:40:26.557Z] > git ls-files --stage -- /home/ricky/VS code/projects/Project2/script.js [4ms]
[2022-02-27T12:40:27.657Z] > git ls-files --stage -- /home/ricky/VS code/projects/Project2/index.html [3ms]
[2022-02-27T12:40:29.101Z] > git symbolic-ref --short HEAD [4ms]
[2022-02-27T12:40:29.148Z] > git for-each-ref --format=%(refname)%00%(upstream:short)%00%(objectname)%00%(upstream:track) refs/heads/main refs/remotes/main [10ms]
[2022-02-27T12:40:29.262Z] > git for-each-ref --sort -committerdate --format %(refname) %(objectname) %(*objectname) [73ms]
[2022-02-27T12:40:29.265Z] > git remote --verbose [37ms]
[2022-02-27T12:40:29.291Z] > git config --get commit.template [7ms]
[2022-02-27T12:40:29.642Z] > git ls-files --stage -- /home/ricky/VS code/projects/Project2/script.js [4ms]
[2022-02-27T12:40:34.335Z] > git symbolic-ref --short HEAD [2ms]
[2022-02-27T12:40:34.348Z] > git for-each-ref --format=%(refname)%00%(upstream:short)%00%(objectname)%00%(upstream:track) refs/heads/main refs/remotes/main [2ms]
[2022-02-27T12:40:34.371Z] > git for-each-ref --sort -committerdate --format %(refname) %(objectname) %(*objectname) [11ms]
[2022-02-27T12:40:34.372Z] > git remote --verbose [2ms]
[2022-02-27T12:40:34.391Z] > git config --get commit.template [2ms]
[2022-02-27T13:16:27.930Z] > git symbolic-ref --short HEAD [3ms]
[2022-02-27T13:16:27.947Z] > git for-each-ref --format=%(refname)%00%(upstream:short)%00%(objectname)%00%(upstream:track) refs/heads/main refs/remotes/main [3ms]
[2022-02-27T13:16:27.979Z] > git for-each-ref --sort -committerdate --format %(refname) %(objectname) %(*objectname) [20ms]
[2022-02-27T13:16:27.987Z] > git remote --verbose [12ms]
[2022-02-27T13:16:28.053Z] > git config --get commit.template [22ms]
[2022-02-27T13:17:19.518Z] > git symbolic-ref --short HEAD [2ms]
[2022-02-27T13:17:19.552Z] > git for-each-ref --format=%(refname)%00%(upstream:short)%00%(objectname)%00%(upstream:track) refs/heads/main refs/remotes/main [4ms]
[2022-02-27T13:17:19.593Z] > git remote --verbose [4ms]
[2022-02-27T13:17:19.593Z] > git for-each-ref --sort -committerdate --format %(refname) %(objectname) %(*objectname) [26ms]
[2022-02-27T13:17:19.633Z] > git config --get commit.template [2ms]
[2022-02-27T13:18:00.797Z] > git symbolic-ref --short HEAD [16ms]
[2022-02-27T13:18:00.830Z] > git for-each-ref --format=%(refname)%00%(upstream:short)%00%(objectname)%00%(upstream:track) refs/heads/main refs/remotes/main [8ms]
[2022-02-27T13:18:00.864Z] > git for-each-ref --sort -committerdate --format %(refname) %(objectname) %(*objectname) [15ms]
[2022-02-27T13:18:00.865Z] > git remote --verbose [2ms]
[2022-02-27T13:18:00.886Z] > git config --get commit.template [3ms]
[2022-02-27T13:18:55.539Z] > git symbolic-ref --short HEAD [19ms]
[2022-02-27T13:18:55.574Z] > git for-each-ref --format=%(refname)%00%(upstream:short)%00%(objectname)%00%(upstream:track) refs/heads/main refs/remotes/main [13ms]
[2022-02-27T13:18:55.622Z] > git remote --verbose [6ms]
[2022-02-27T13:18:55.623Z] > git for-each-ref --sort -committerdate --format %(refname) %(objectname) %(*objectname) [29ms]
[2022-02-27T13:18:55.659Z] > git config --get commit.template [7ms]
[2022-02-27T13:18:57.643Z] > git ls-files --stage -- /home/ricky/VS code/projects/Project2/index.html [4ms]
[2022-02-27T20:33:28.022Z] > git symbolic-ref --short HEAD [11ms]
[2022-02-27T20:33:28.048Z] > git for-each-ref --format=%(refname)%00%(upstream:short)%00%(objectname)%00%(upstream:track) refs/heads/main refs/remotes/main [4ms]
[2022-02-27T20:33:28.072Z] > git for-each-ref --sort -committerdate --format %(refname) %(objectname) %(*objectname) [13ms]
[2022-02-27T20:33:28.073Z] > git remote --verbose [2ms]
[2022-02-27T20:33:28.091Z] > git config --get commit.template [2ms]
